start:          Wed Jul 11 15:16:22 2018
________________________________________________________________
key:            5120
________________________________________________________________
bin:            ./bin/Hodoscope
conf:           ./param/conf/analyzer_05126.conf
data:           /ghi/fs02/had/sks/E40/JPARC2018Jun/e40_2018jun/run05120.dat
unit:           100000
nevent:         209770
prefetch:       /gpfs/home/had/suharu/work/e40/ana/analyzer_jun/runmanager/prefetch/runlist_run05120_Hodoscope.pf
out:            /ghi/fs02/had/sks/Users/suharu/e40_2018jun/rootfile_jun/run05120_Hodoscope.root
________________________________________________________________
elem(0):        runlist_run05120_Hodoscope_0
elem(1):        runlist_run05120_Hodoscope_1
elem(2):        runlist_run05120_Hodoscope_2
________________________________________________________________
conf(0):        /gpfs/home/had/suharu/work/e40/ana/analyzer_jun/runmanager/conf/runlist_run05120_Hodoscope_0.conf
conf(1):        /gpfs/home/had/suharu/work/e40/ana/analyzer_jun/runmanager/conf/runlist_run05120_Hodoscope_1.conf
conf(2):        /gpfs/home/had/suharu/work/e40/ana/analyzer_jun/runmanager/conf/runlist_run05120_Hodoscope_2.conf
unpack(0):      /gpfs/home/had/suharu/work/e40/ana/analyzer_jun/runmanager/unpack/runlist_run05120_Hodoscope_0.xml
unpack(1):      /gpfs/home/had/suharu/work/e40/ana/analyzer_jun/runmanager/unpack/runlist_run05120_Hodoscope_1.xml
unpack(2):      /gpfs/home/had/suharu/work/e40/ana/analyzer_jun/runmanager/unpack/runlist_run05120_Hodoscope_2.xml
________________________________________________________________
out(0):         /ghi/fs02/had/sks/Users/suharu/e40_2018jun/rootfile_jun/runlist_run05120_Hodoscope_0.root
out(1):         /ghi/fs02/had/sks/Users/suharu/e40_2018jun/rootfile_jun/runlist_run05120_Hodoscope_1.root
out(2):         /ghi/fs02/had/sks/Users/suharu/e40_2018jun/rootfile_jun/runlist_run05120_Hodoscope_2.root
________________________________________________________________
log(0):         /gpfs/home/had/suharu/work/e40/ana/analyzer_jun/runmanager/log/runlist_run05120_Hodoscope_0.log
log(1):         /gpfs/home/had/suharu/work/e40/ana/analyzer_jun/runmanager/log/runlist_run05120_Hodoscope_1.log
log(2):         /gpfs/home/had/suharu/work/e40/ana/analyzer_jun/runmanager/log/runlist_run05120_Hodoscope_2.log
________________________________________________________________
job(0):         73402156
job(1):         73402158
job(2):         73402160
________________________________________________________________
