start:          Wed Jul 11 15:16:22 2018
________________________________________________________________
key:            5283
________________________________________________________________
bin:            ./bin/Hodoscope
conf:           ./param/conf/analyzer_05126.conf
data:           /ghi/fs02/had/sks/E40/JPARC2018Jun/e40_2018jun/run05283.dat
unit:           100000
nevent:         2005394
prefetch:       /gpfs/home/had/suharu/work/e40/ana/analyzer_jun/runmanager/prefetch/runlist_run05283_Hodoscope.pf
out:            /ghi/fs02/had/sks/Users/suharu/e40_2018jun/rootfile_jun/run05283_Hodoscope.root
________________________________________________________________
elem(0):        runlist_run05283_Hodoscope_0
elem(1):        runlist_run05283_Hodoscope_1
elem(2):        runlist_run05283_Hodoscope_2
elem(3):        runlist_run05283_Hodoscope_3
elem(4):        runlist_run05283_Hodoscope_4
elem(5):        runlist_run05283_Hodoscope_5
elem(6):        runlist_run05283_Hodoscope_6
elem(7):        runlist_run05283_Hodoscope_7
elem(8):        runlist_run05283_Hodoscope_8
elem(9):        runlist_run05283_Hodoscope_9
elem(10):       runlist_run05283_Hodoscope_10
elem(11):       runlist_run05283_Hodoscope_11
elem(12):       runlist_run05283_Hodoscope_12
elem(13):       runlist_run05283_Hodoscope_13
elem(14):       runlist_run05283_Hodoscope_14
elem(15):       runlist_run05283_Hodoscope_15
elem(16):       runlist_run05283_Hodoscope_16
elem(17):       runlist_run05283_Hodoscope_17
elem(18):       runlist_run05283_Hodoscope_18
elem(19):       runlist_run05283_Hodoscope_19
elem(20):       runlist_run05283_Hodoscope_20
________________________________________________________________
conf(0):        /gpfs/home/had/suharu/work/e40/ana/analyzer_jun/runmanager/conf/runlist_run05283_Hodoscope_0.conf
conf(1):        /gpfs/home/had/suharu/work/e40/ana/analyzer_jun/runmanager/conf/runlist_run05283_Hodoscope_1.conf
conf(2):        /gpfs/home/had/suharu/work/e40/ana/analyzer_jun/runmanager/conf/runlist_run05283_Hodoscope_2.conf
conf(3):        /gpfs/home/had/suharu/work/e40/ana/analyzer_jun/runmanager/conf/runlist_run05283_Hodoscope_3.conf
conf(4):        /gpfs/home/had/suharu/work/e40/ana/analyzer_jun/runmanager/conf/runlist_run05283_Hodoscope_4.conf
conf(5):        /gpfs/home/had/suharu/work/e40/ana/analyzer_jun/runmanager/conf/runlist_run05283_Hodoscope_5.conf
conf(6):        /gpfs/home/had/suharu/work/e40/ana/analyzer_jun/runmanager/conf/runlist_run05283_Hodoscope_6.conf
conf(7):        /gpfs/home/had/suharu/work/e40/ana/analyzer_jun/runmanager/conf/runlist_run05283_Hodoscope_7.conf
conf(8):        /gpfs/home/had/suharu/work/e40/ana/analyzer_jun/runmanager/conf/runlist_run05283_Hodoscope_8.conf
conf(9):        /gpfs/home/had/suharu/work/e40/ana/analyzer_jun/runmanager/conf/runlist_run05283_Hodoscope_9.conf
conf(10):       /gpfs/home/had/suharu/work/e40/ana/analyzer_jun/runmanager/conf/runlist_run05283_Hodoscope_10.conf
conf(11):       /gpfs/home/had/suharu/work/e40/ana/analyzer_jun/runmanager/conf/runlist_run05283_Hodoscope_11.conf
conf(12):       /gpfs/home/had/suharu/work/e40/ana/analyzer_jun/runmanager/conf/runlist_run05283_Hodoscope_12.conf
conf(13):       /gpfs/home/had/suharu/work/e40/ana/analyzer_jun/runmanager/conf/runlist_run05283_Hodoscope_13.conf
conf(14):       /gpfs/home/had/suharu/work/e40/ana/analyzer_jun/runmanager/conf/runlist_run05283_Hodoscope_14.conf
conf(15):       /gpfs/home/had/suharu/work/e40/ana/analyzer_jun/runmanager/conf/runlist_run05283_Hodoscope_15.conf
conf(16):       /gpfs/home/had/suharu/work/e40/ana/analyzer_jun/runmanager/conf/runlist_run05283_Hodoscope_16.conf
conf(17):       /gpfs/home/had/suharu/work/e40/ana/analyzer_jun/runmanager/conf/runlist_run05283_Hodoscope_17.conf
conf(18):       /gpfs/home/had/suharu/work/e40/ana/analyzer_jun/runmanager/conf/runlist_run05283_Hodoscope_18.conf
conf(19):       /gpfs/home/had/suharu/work/e40/ana/analyzer_jun/runmanager/conf/runlist_run05283_Hodoscope_19.conf
conf(20):       /gpfs/home/had/suharu/work/e40/ana/analyzer_jun/runmanager/conf/runlist_run05283_Hodoscope_20.conf
unpack(0):      /gpfs/home/had/suharu/work/e40/ana/analyzer_jun/runmanager/unpack/runlist_run05283_Hodoscope_0.xml
unpack(1):      /gpfs/home/had/suharu/work/e40/ana/analyzer_jun/runmanager/unpack/runlist_run05283_Hodoscope_1.xml
unpack(2):      /gpfs/home/had/suharu/work/e40/ana/analyzer_jun/runmanager/unpack/runlist_run05283_Hodoscope_2.xml
unpack(3):      /gpfs/home/had/suharu/work/e40/ana/analyzer_jun/runmanager/unpack/runlist_run05283_Hodoscope_3.xml
unpack(4):      /gpfs/home/had/suharu/work/e40/ana/analyzer_jun/runmanager/unpack/runlist_run05283_Hodoscope_4.xml
unpack(5):      /gpfs/home/had/suharu/work/e40/ana/analyzer_jun/runmanager/unpack/runlist_run05283_Hodoscope_5.xml
unpack(6):      /gpfs/home/had/suharu/work/e40/ana/analyzer_jun/runmanager/unpack/runlist_run05283_Hodoscope_6.xml
unpack(7):      /gpfs/home/had/suharu/work/e40/ana/analyzer_jun/runmanager/unpack/runlist_run05283_Hodoscope_7.xml
unpack(8):      /gpfs/home/had/suharu/work/e40/ana/analyzer_jun/runmanager/unpack/runlist_run05283_Hodoscope_8.xml
unpack(9):      /gpfs/home/had/suharu/work/e40/ana/analyzer_jun/runmanager/unpack/runlist_run05283_Hodoscope_9.xml
unpack(10):     /gpfs/home/had/suharu/work/e40/ana/analyzer_jun/runmanager/unpack/runlist_run05283_Hodoscope_10.xml
unpack(11):     /gpfs/home/had/suharu/work/e40/ana/analyzer_jun/runmanager/unpack/runlist_run05283_Hodoscope_11.xml
unpack(12):     /gpfs/home/had/suharu/work/e40/ana/analyzer_jun/runmanager/unpack/runlist_run05283_Hodoscope_12.xml
unpack(13):     /gpfs/home/had/suharu/work/e40/ana/analyzer_jun/runmanager/unpack/runlist_run05283_Hodoscope_13.xml
unpack(14):     /gpfs/home/had/suharu/work/e40/ana/analyzer_jun/runmanager/unpack/runlist_run05283_Hodoscope_14.xml
unpack(15):     /gpfs/home/had/suharu/work/e40/ana/analyzer_jun/runmanager/unpack/runlist_run05283_Hodoscope_15.xml
unpack(16):     /gpfs/home/had/suharu/work/e40/ana/analyzer_jun/runmanager/unpack/runlist_run05283_Hodoscope_16.xml
unpack(17):     /gpfs/home/had/suharu/work/e40/ana/analyzer_jun/runmanager/unpack/runlist_run05283_Hodoscope_17.xml
unpack(18):     /gpfs/home/had/suharu/work/e40/ana/analyzer_jun/runmanager/unpack/runlist_run05283_Hodoscope_18.xml
unpack(19):     /gpfs/home/had/suharu/work/e40/ana/analyzer_jun/runmanager/unpack/runlist_run05283_Hodoscope_19.xml
unpack(20):     /gpfs/home/had/suharu/work/e40/ana/analyzer_jun/runmanager/unpack/runlist_run05283_Hodoscope_20.xml
________________________________________________________________
out(0):         /ghi/fs02/had/sks/Users/suharu/e40_2018jun/rootfile_jun/runlist_run05283_Hodoscope_0.root
out(1):         /ghi/fs02/had/sks/Users/suharu/e40_2018jun/rootfile_jun/runlist_run05283_Hodoscope_1.root
out(2):         /ghi/fs02/had/sks/Users/suharu/e40_2018jun/rootfile_jun/runlist_run05283_Hodoscope_2.root
out(3):         /ghi/fs02/had/sks/Users/suharu/e40_2018jun/rootfile_jun/runlist_run05283_Hodoscope_3.root
out(4):         /ghi/fs02/had/sks/Users/suharu/e40_2018jun/rootfile_jun/runlist_run05283_Hodoscope_4.root
out(5):         /ghi/fs02/had/sks/Users/suharu/e40_2018jun/rootfile_jun/runlist_run05283_Hodoscope_5.root
out(6):         /ghi/fs02/had/sks/Users/suharu/e40_2018jun/rootfile_jun/runlist_run05283_Hodoscope_6.root
out(7):         /ghi/fs02/had/sks/Users/suharu/e40_2018jun/rootfile_jun/runlist_run05283_Hodoscope_7.root
out(8):         /ghi/fs02/had/sks/Users/suharu/e40_2018jun/rootfile_jun/runlist_run05283_Hodoscope_8.root
out(9):         /ghi/fs02/had/sks/Users/suharu/e40_2018jun/rootfile_jun/runlist_run05283_Hodoscope_9.root
out(10):        /ghi/fs02/had/sks/Users/suharu/e40_2018jun/rootfile_jun/runlist_run05283_Hodoscope_10.root
out(11):        /ghi/fs02/had/sks/Users/suharu/e40_2018jun/rootfile_jun/runlist_run05283_Hodoscope_11.root
out(12):        /ghi/fs02/had/sks/Users/suharu/e40_2018jun/rootfile_jun/runlist_run05283_Hodoscope_12.root
out(13):        /ghi/fs02/had/sks/Users/suharu/e40_2018jun/rootfile_jun/runlist_run05283_Hodoscope_13.root
out(14):        /ghi/fs02/had/sks/Users/suharu/e40_2018jun/rootfile_jun/runlist_run05283_Hodoscope_14.root
out(15):        /ghi/fs02/had/sks/Users/suharu/e40_2018jun/rootfile_jun/runlist_run05283_Hodoscope_15.root
out(16):        /ghi/fs02/had/sks/Users/suharu/e40_2018jun/rootfile_jun/runlist_run05283_Hodoscope_16.root
out(17):        /ghi/fs02/had/sks/Users/suharu/e40_2018jun/rootfile_jun/runlist_run05283_Hodoscope_17.root
out(18):        /ghi/fs02/had/sks/Users/suharu/e40_2018jun/rootfile_jun/runlist_run05283_Hodoscope_18.root
out(19):        /ghi/fs02/had/sks/Users/suharu/e40_2018jun/rootfile_jun/runlist_run05283_Hodoscope_19.root
out(20):        /ghi/fs02/had/sks/Users/suharu/e40_2018jun/rootfile_jun/runlist_run05283_Hodoscope_20.root
________________________________________________________________
log(0):         /gpfs/home/had/suharu/work/e40/ana/analyzer_jun/runmanager/log/runlist_run05283_Hodoscope_0.log
log(1):         /gpfs/home/had/suharu/work/e40/ana/analyzer_jun/runmanager/log/runlist_run05283_Hodoscope_1.log
log(2):         /gpfs/home/had/suharu/work/e40/ana/analyzer_jun/runmanager/log/runlist_run05283_Hodoscope_2.log
log(3):         /gpfs/home/had/suharu/work/e40/ana/analyzer_jun/runmanager/log/runlist_run05283_Hodoscope_3.log
log(4):         /gpfs/home/had/suharu/work/e40/ana/analyzer_jun/runmanager/log/runlist_run05283_Hodoscope_4.log
log(5):         /gpfs/home/had/suharu/work/e40/ana/analyzer_jun/runmanager/log/runlist_run05283_Hodoscope_5.log
log(6):         /gpfs/home/had/suharu/work/e40/ana/analyzer_jun/runmanager/log/runlist_run05283_Hodoscope_6.log
log(7):         /gpfs/home/had/suharu/work/e40/ana/analyzer_jun/runmanager/log/runlist_run05283_Hodoscope_7.log
log(8):         /gpfs/home/had/suharu/work/e40/ana/analyzer_jun/runmanager/log/runlist_run05283_Hodoscope_8.log
log(9):         /gpfs/home/had/suharu/work/e40/ana/analyzer_jun/runmanager/log/runlist_run05283_Hodoscope_9.log
log(10):        /gpfs/home/had/suharu/work/e40/ana/analyzer_jun/runmanager/log/runlist_run05283_Hodoscope_10.log
log(11):        /gpfs/home/had/suharu/work/e40/ana/analyzer_jun/runmanager/log/runlist_run05283_Hodoscope_11.log
log(12):        /gpfs/home/had/suharu/work/e40/ana/analyzer_jun/runmanager/log/runlist_run05283_Hodoscope_12.log
log(13):        /gpfs/home/had/suharu/work/e40/ana/analyzer_jun/runmanager/log/runlist_run05283_Hodoscope_13.log
log(14):        /gpfs/home/had/suharu/work/e40/ana/analyzer_jun/runmanager/log/runlist_run05283_Hodoscope_14.log
log(15):        /gpfs/home/had/suharu/work/e40/ana/analyzer_jun/runmanager/log/runlist_run05283_Hodoscope_15.log
log(16):        /gpfs/home/had/suharu/work/e40/ana/analyzer_jun/runmanager/log/runlist_run05283_Hodoscope_16.log
log(17):        /gpfs/home/had/suharu/work/e40/ana/analyzer_jun/runmanager/log/runlist_run05283_Hodoscope_17.log
log(18):        /gpfs/home/had/suharu/work/e40/ana/analyzer_jun/runmanager/log/runlist_run05283_Hodoscope_18.log
log(19):        /gpfs/home/had/suharu/work/e40/ana/analyzer_jun/runmanager/log/runlist_run05283_Hodoscope_19.log
log(20):        /gpfs/home/had/suharu/work/e40/ana/analyzer_jun/runmanager/log/runlist_run05283_Hodoscope_20.log
________________________________________________________________
