
Processing ../macro/hodprm/HodoParamMaker.C(4465)...
Info in <TCanvas::Print>: pdf file /home/had/suharu/work/e40/ana/pdf/trigger_study/p0_04465.pdf has been created
Info in <TCanvas::Print>: pdf file /home/had/suharu/work/e40/ana/pdf/trigger_study/pede_04465.pdf has been created
Info in <TCanvas::Print>: pdf file /home/had/suharu/work/e40/ana/pdf/trigger_study/mip_04465.pdf has been created
 FCN=11.4675 FROM MIGRAD    STATUS=CONVERGED     278 CALLS         279 TOTAL
                     EDM=2.74975e-07    STRATEGY= 1      ERROR MATRIX ACCURATE 
  EXT PARAMETER                                   STEP         FIRST   
  NO.   NAME      VALUE            ERROR          SIZE      DERIVATIVE 
   1  Constant     2.77573e+01   4.26143e+00   4.09605e-03   3.98425e-05
   2  Mean         8.44604e+02   1.19174e+01   1.13828e-02  -7.74190e-06
   3  Sigma        1.39585e+01   1.21160e+01   6.39319e-02  -1.52912e-05
 FCN=0.726918 FROM MIGRAD    STATUS=CONVERGED      90 CALLS          91 TOTAL
                     EDM=8.0542e-09    STRATEGY= 1      ERROR MATRIX ACCURATE 
  EXT PARAMETER                                   STEP         FIRST   
  NO.   NAME      VALUE            ERROR          SIZE      DERIVATIVE 
   1  Constant     4.02295e+01   4.64729e+00   2.04508e-03   2.88638e-05
   2  Mean         8.74741e+02   2.58748e-01   4.17109e-04   2.17284e-04
   3  Sigma        1.99749e+00   4.10462e-01   3.73605e-05   1.58146e-03
 FCN=1755.82 FROM MIGRAD    STATUS=CONVERGED      80 CALLS          81 TOTAL
                     EDM=4.53801e-10    STRATEGY= 1      ERROR MATRIX ACCURATE 
  EXT PARAMETER                                   STEP         FIRST   
  NO.   NAME      VALUE            ERROR          SIZE      DERIVATIVE 
   1  Constant     2.38084e+04   1.13552e+02   1.72641e+00   9.07687e-08
   2  Mean         1.55176e+02   7.59868e-03   1.31818e-04  -1.30820e-03
   3  Sigma        1.46615e+00   7.62488e-03   2.64574e-05   1.49703e-02
 FCN=35.5077 FROM MIGRAD    STATUS=CONVERGED      71 CALLS          72 TOTAL
                     EDM=8.31624e-12    STRATEGY= 1      ERROR MATRIX ACCURATE 
  EXT PARAMETER                                   STEP         FIRST   
  NO.   NAME      VALUE            ERROR          SIZE      DERIVATIVE 
   1  Constant     2.79435e+04   1.28878e+02   2.84197e-01  -1.46823e-10
   2  Mean         1.24319e+02   4.95970e-03   5.92799e-05  -6.33011e-04
   3  Sigma        1.25486e+00   4.97826e-03   3.11028e-06  -2.16066e-03
 FCN=30.2448 FROM MIGRAD    STATUS=CONVERGED      97 CALLS          98 TOTAL
                     EDM=9.56628e-10    STRATEGY= 1      ERROR MATRIX ACCURATE 
  EXT PARAMETER                                   STEP         FIRST   
  NO.   NAME      VALUE            ERROR          SIZE      DERIVATIVE 
   1  Constant     4.15819e+00   7.07687e-01   1.21834e-03   5.10108e-05
   2  Mean         5.15471e+02   1.54566e+00   4.15908e-03  -4.49415e-06
   3  Sigma        1.04823e+01   2.51476e+00   1.61174e-04   6.98483e-04
 FCN=19.3697 FROM MIGRAD    STATUS=CONVERGED     302 CALLS         303 TOTAL
                     EDM=5.01653e-07    STRATEGY= 1      ERROR MATRIX ACCURATE 
  EXT PARAMETER                                   STEP         FIRST   
  NO.   NAME      VALUE            ERROR          SIZE      DERIVATIVE 
   1  Constant     4.52594e+00   4.21366e+00   1.03759e-03  -1.57531e-04
   2  Mean         4.54582e+02   9.00439e+01   2.21070e-02  -5.99021e-07
   3  Sigma        8.40902e+01   8.40902e+01   1.53553e-02  -8.50890e-05
Warning in <Fit>: Fit data is empty 
 FCN=0.416821 FROM MIGRAD    STATUS=CONVERGED     163 CALLS         164 TOTAL
                     EDM=4.50214e-07    STRATEGY= 1      ERROR MATRIX ACCURATE 
  EXT PARAMETER                                   STEP         FIRST   
  NO.   NAME      VALUE            ERROR          SIZE      DERIVATIVE 
   1  Constant     1.62310e+02   7.89766e+00   3.35710e-03   4.30019e-05
   2  Mean         8.65609e+02   2.28839e+00   6.29981e-04   2.16253e-04
   3  Sigma        7.07680e+00   1.01248e+01   2.58428e-04  -2.97522e-04
 FCN=1.06862 FROM MIGRAD    STATUS=CONVERGED     136 CALLS         137 TOTAL
                     EDM=4.31402e-07    STRATEGY= 1      ERROR MATRIX ACCURATE 
  EXT PARAMETER                                   STEP         FIRST   
  NO.   NAME      VALUE            ERROR          SIZE      DERIVATIVE 
   1  Constant     1.68664e+02   9.16220e+00   4.14542e-03   4.47876e-06
   2  Mean         8.26497e+02   7.50542e-01   5.32784e-04   1.23450e-03
   3  Sigma        5.47157e+00   3.33497e+00   2.35843e-04  -4.66230e-06
 FCN=28.2529 FROM MIGRAD    STATUS=CONVERGED      70 CALLS          71 TOTAL
                     EDM=7.21496e-08    STRATEGY= 1      ERROR MATRIX ACCURATE 
  EXT PARAMETER                                   STEP         FIRST   
  NO.   NAME      VALUE            ERROR          SIZE      DERIVATIVE 
   1  Constant     2.36954e+04   1.17766e+02   2.31368e-01   2.93672e-06
   2  Mean         1.23457e+02   5.49848e-03   5.88687e-05  -5.03772e-02
   3  Sigma        1.29273e+00   5.67992e-03   3.11208e-06   1.43046e-01
 FCN=211.986 FROM MIGRAD    STATUS=CONVERGED      61 CALLS          62 TOTAL
                     EDM=6.46567e-09    STRATEGY= 1      ERROR MATRIX ACCURATE 
  EXT PARAMETER                                   STEP         FIRST   
  NO.   NAME      VALUE            ERROR          SIZE      DERIVATIVE 
   1  Constant     2.42951e+04   1.19327e+02   6.36874e-01  -2.09205e-07
   2  Mean         1.10518e+02   5.35124e-03   5.26990e-05   2.10697e-02
   3  Sigma        1.26750e+00   5.34912e-03   8.03229e-06  -1.42453e-02
 FCN=26.6737 FROM MIGRAD    STATUS=CONVERGED     118 CALLS         119 TOTAL
                     EDM=3.8796e-06    STRATEGY= 1      ERROR MATRIX ACCURATE 
  EXT PARAMETER                                   STEP         FIRST   
  NO.   NAME      VALUE            ERROR          SIZE      DERIVATIVE 
   1  Constant     1.36573e+01   9.11452e-01   1.78029e-03   3.24249e-04
   2  Mean         6.20510e+02   9.82601e+00   9.02344e-03  -5.65440e-04
   3  Sigma        2.80532e+01   1.52637e+01   3.54725e-04  -1.31131e-02
 FCN=24.6138 FROM MIGRAD    STATUS=CONVERGED     140 CALLS         141 TOTAL
                     EDM=3.30942e-09    STRATEGY= 1      ERROR MATRIX ACCURATE 
  EXT PARAMETER                                   STEP         FIRST   
  NO.   NAME      VALUE            ERROR          SIZE      DERIVATIVE 
   1  Constant     1.54902e+01   1.07200e+00   1.79370e-03  -2.28242e-05
   2  Mean         5.32546e+02   4.04228e+00   9.83839e-03  -1.80367e-05
   3  Sigma        2.73383e+01   1.33076e+01   5.55953e-04   6.58838e-05
Warning in <Fit>: Fit data is empty 
 FCN=1.10322 FROM MIGRAD    STATUS=CONVERGED     211 CALLS         212 TOTAL
                     EDM=1.17355e-08    STRATEGY= 1      ERROR MATRIX ACCURATE 
  EXT PARAMETER                                   STEP         FIRST   
  NO.   NAME      VALUE            ERROR          SIZE      DERIVATIVE 
   1  Constant     5.08414e+02   1.07003e+01   7.16058e-03   2.14251e-06
   2  Mean         8.33991e+02   2.82555e+00   1.89264e-03   4.90343e-05
   3  Sigma        1.41378e+01   9.49479e+00   3.57626e-03** at limit **
 FCN=2.64464 FROM MIGRAD    STATUS=CONVERGED     140 CALLS         141 TOTAL
                     EDM=3.54432e-07    STRATEGY= 1      ERROR MATRIX ACCURATE 
  EXT PARAMETER                                   STEP         FIRST   
  NO.   NAME      VALUE            ERROR          SIZE      DERIVATIVE 
   1  Constant     5.29859e+02   1.46085e+01   9.80477e-03  -4.13505e-05
   2  Mean         8.58305e+02   7.16519e-01   4.09272e-04  -1.14466e-03
   3  Sigma        5.46869e+00   1.94619e+00   1.18833e-04   1.10354e-03
 FCN=803.28 FROM MIGRAD    STATUS=CONVERGED      70 CALLS          71 TOTAL
                     EDM=1.046e-08    STRATEGY= 1      ERROR MATRIX ACCURATE 
  EXT PARAMETER                                   STEP         FIRST   
  NO.   NAME      VALUE            ERROR          SIZE      DERIVATIVE 
   1  Constant     1.81261e+04   1.06796e+02   1.09821e+00   1.59101e-06
   2  Mean         1.23446e+02   5.88548e-03   7.92068e-05  -7.86830e-03
   3  Sigma        1.18486e+00   5.67534e-03   1.70177e-05   1.06120e-01
 FCN=775.222 FROM MIGRAD    STATUS=CONVERGED      61 CALLS          62 TOTAL
                     EDM=9.57548e-07    STRATEGY= 1      ERROR MATRIX ACCURATE 
  EXT PARAMETER                                   STEP         FIRST   
  NO.   NAME      VALUE            ERROR          SIZE      DERIVATIVE 
   1  Constant     1.70320e+04   1.03943e+02   1.02131e+00  -1.19702e-05
   2  Mean         8.62908e+01   6.37066e-03   8.62269e-05   1.58852e-01
   3  Sigma        1.26219e+00   6.88014e-03   1.91400e-05  -5.44510e-01
 FCN=20.3174 FROM MIGRAD    STATUS=CONVERGED     117 CALLS         118 TOTAL
                     EDM=5.66483e-07    STRATEGY= 1      ERROR MATRIX ACCURATE 
  EXT PARAMETER                                   STEP         FIRST   
  NO.   NAME      VALUE            ERROR          SIZE      DERIVATIVE 
   1  Constant     6.46391e+01   2.06150e+00   3.39696e-03   6.98067e-04
   2  Mean         4.83060e+02   2.21683e+00   3.10758e-03  -2.53815e-04
   3  Sigma        2.37500e+01   4.46005e+00   1.32549e-04   9.83165e-03
 FCN=33.6792 FROM MIGRAD    STATUS=CONVERGED     153 CALLS         154 TOTAL
                     EDM=9.32881e-09    STRATEGY= 1      ERROR MATRIX ACCURATE 
  EXT PARAMETER                                   STEP         FIRST   
  NO.   NAME      VALUE            ERROR          SIZE      DERIVATIVE 
   1  Constant     6.20693e+01   2.21721e+00   4.17527e-03  -3.77849e-06
   2  Mean         4.61163e+02   1.22826e+01   8.90482e-03   1.43288e-05
   3  Sigma        4.19060e+01   2.26836e+01   4.30987e-04   5.19562e-04
Warning in <Fit>: Fit data is empty 
 FCN=5.45275 FROM MIGRAD    STATUS=CONVERGED     154 CALLS         155 TOTAL
                     EDM=1.82646e-08    STRATEGY= 1      ERROR MATRIX ACCURATE 
  EXT PARAMETER                                   STEP         FIRST   
  NO.   NAME      VALUE            ERROR          SIZE      DERIVATIVE 
   1  Constant     8.42127e+02   2.03751e+01   1.63021e-02   1.31935e-05
   2  Mean         8.93355e+02   4.49249e-01   5.43967e-04  -1.39525e-04
   3  Sigma        6.29403e+00   2.30943e+00   2.65673e-04   6.21308e-04
 FCN=2.79395 FROM MIGRAD    STATUS=CONVERGED     149 CALLS         150 TOTAL
                     EDM=7.24449e-08    STRATEGY= 1      ERROR MATRIX ACCURATE 
  EXT PARAMETER                                   STEP         FIRST   
  NO.   NAME      VALUE            ERROR          SIZE      DERIVATIVE 
   1  Constant     8.54071e+02   2.02567e+01   1.25753e-02  -8.28075e-06
   2  Mean         9.01751e+02   5.31078e-01   4.55417e-04  -2.39256e-04
   3  Sigma        6.63011e+00   2.65914e+00   2.25989e-04   6.79717e-04
 FCN=21.9194 FROM MIGRAD    STATUS=CONVERGED      95 CALLS          96 TOTAL
                     EDM=4.07551e-09    STRATEGY= 1      ERROR MATRIX ACCURATE 
  EXT PARAMETER                                   STEP         FIRST   
  NO.   NAME      VALUE            ERROR          SIZE      DERIVATIVE 
   1  Constant     8.88212e+03   6.78976e+01   1.09022e-01  -8.73272e-07
   2  Mean         1.67304e+02   1.91059e-02   7.97767e-05  -4.16207e-03
   3  Sigma        2.15161e+00   3.27097e-02   1.06234e-05  -4.14876e-03
 FCN=502.936 FROM MIGRAD    STATUS=CONVERGED      64 CALLS          65 TOTAL
                     EDM=4.47647e-07    STRATEGY= 1      ERROR MATRIX ACCURATE 
  EXT PARAMETER                                   STEP         FIRST   
  NO.   NAME      VALUE            ERROR          SIZE      DERIVATIVE 
   1  Constant     1.19411e+04   8.32951e+01   6.74818e-01  -4.64930e-07
   2  Mean         1.39656e+02   8.58851e-03   8.80566e-05  -1.05682e-01
   3  Sigma        1.33168e+00   8.68778e-03   1.83949e-05  -5.06211e-02
 FCN=26.2752 FROM MIGRAD    STATUS=CONVERGED     112 CALLS         113 TOTAL
                     EDM=7.36942e-11    STRATEGY= 1      ERROR MATRIX ACCURATE 
  EXT PARAMETER                                   STEP         FIRST   
  NO.   NAME      VALUE            ERROR          SIZE      DERIVATIVE 
   1  Constant     9.34130e+01   2.40402e+00   4.77883e-03  -2.09255e-06
   2  Mean         4.22836e+02   1.81040e+00   1.93612e-03  -5.74741e-06
   3  Sigma        1.98452e+01   2.26994e+00   6.41798e-05   2.46910e-04
 FCN=32.0795 FROM MIGRAD    STATUS=CONVERGED     101 CALLS         102 TOTAL
                     EDM=4.57209e-07    STRATEGY= 1      ERROR MATRIX ACCURATE 
  EXT PARAMETER                                   STEP         FIRST   
  NO.   NAME      VALUE            ERROR          SIZE      DERIVATIVE 
   1  Constant     9.10466e+01   2.61940e+00   4.95291e-03  -2.15650e-04
   2  Mean         4.81582e+02   1.57468e+00   4.25793e-03  -5.29989e-04
   3  Sigma        2.61726e+01   5.03422e+00   2.33307e-04   2.60440e-04
Warning in <Fit>: Fit data is empty 
 FCN=1.84495 FROM MIGRAD    STATUS=CONVERGED     140 CALLS         141 TOTAL
                     EDM=2.89784e-07    STRATEGY= 1      ERROR MATRIX ACCURATE 
  EXT PARAMETER                                   STEP         FIRST   
  NO.   NAME      VALUE            ERROR          SIZE      DERIVATIVE 
   1  Constant     6.31201e+02   1.66056e+01   9.44589e-03  -5.57071e-05
   2  Mean         8.12122e+02   5.31016e-01   3.87250e-04  -2.64551e-04
   3  Sigma        5.33568e+00   1.65884e+00   1.01687e-04  -1.27482e-03
 FCN=11.7344 FROM MIGRAD    STATUS=CONVERGED     132 CALLS         133 TOTAL
                     EDM=1.20319e-06    STRATEGY= 1      ERROR MATRIX ACCURATE 
  EXT PARAMETER                                   STEP         FIRST   
  NO.   NAME      VALUE            ERROR          SIZE      DERIVATIVE 
   1  Constant     6.24468e+02   1.54820e+01   1.99678e-02   1.05987e-04
   2  Mean         8.04362e+02   6.31565e-01   5.28032e-04  -4.38447e-03
   3  Sigma        5.14676e+00   1.50843e+00   1.64580e-04   1.61515e-02
 FCN=44.0104 FROM MIGRAD    STATUS=CONVERGED      88 CALLS          89 TOTAL
                     EDM=8.02294e-08    STRATEGY= 1      ERROR MATRIX ACCURATE 
  EXT PARAMETER                                   STEP         FIRST   
  NO.   NAME      VALUE            ERROR          SIZE      DERIVATIVE 
   1  Constant     1.38956e+04   8.45102e+01   1.92016e-01   6.78914e-06
   2  Mean         1.41499e+02   1.40906e-02   6.74719e-05   1.90530e-03
   3  Sigma        2.08296e+00   2.34473e-02   1.11782e-05   7.66669e-02
 FCN=21.6868 FROM MIGRAD    STATUS=CONVERGED      75 CALLS          76 TOTAL
                     EDM=1.73056e-06    STRATEGY= 1      ERROR MATRIX ACCURATE 
  EXT PARAMETER                                   STEP         FIRST   
  NO.   NAME      VALUE            ERROR          SIZE      DERIVATIVE 
   1  Constant     1.25466e+04   8.17484e+01   1.36576e-01   1.64274e-05
   2  Mean         1.39131e+02   1.18908e-02   6.63430e-05   4.74710e-02
   3  Sigma        1.69533e+00   1.49716e-02   5.49276e-06   7.64205e-01
 FCN=42.5818 FROM MIGRAD    STATUS=CONVERGED      94 CALLS          95 TOTAL
                     EDM=3.47858e-07    STRATEGY= 1      ERROR MATRIX ACCURATE 
  EXT PARAMETER                                   STEP         FIRST   
  NO.   NAME      VALUE            ERROR          SIZE      DERIVATIVE 
   1  Constant     1.14745e+02   2.90125e+00   6.67317e-03   3.08575e-04
   2  Mean         2.35858e+02   7.75848e-01   1.89737e-03   5.46054e-04
   3  Sigma        1.69486e+01   1.32140e+00   7.34078e-05   6.07989e-03
 FCN=24.2426 FROM MIGRAD    STATUS=CONVERGED     140 CALLS         141 TOTAL
                     EDM=9.75296e-08    STRATEGY= 1      ERROR MATRIX ACCURATE 
  EXT PARAMETER                                   STEP         FIRST   
  NO.   NAME      VALUE            ERROR          SIZE      DERIVATIVE 
   1  Constant     6.59386e+01   2.20202e+00   3.62609e-03   1.58585e-04
   2  Mean         3.84044e+02   4.13784e+00   9.28665e-03   1.07551e-04
   3  Sigma        3.88130e+01   1.83623e+01   6.71273e-04   1.03102e-03
Warning in <Fit>: Fit data is empty 
 FCN=0.231443 FROM MIGRAD    STATUS=CONVERGED     127 CALLS         128 TOTAL
                     EDM=2.41662e-08    STRATEGY= 1  ERROR MATRIX UNCERTAINTY   2.2 per cent
  EXT PARAMETER                                   STEP         FIRST   
  NO.   NAME      VALUE            ERROR          SIZE      DERIVATIVE 
   1  Constant     6.43377e+02   1.77230e+01   2.73519e-02   5.35447e-06
   2  Mean         7.95267e+02   4.91953e-01   1.71631e-03   3.48910e-04
   3  Sigma        5.97926e+00   2.29935e+00  -6.28073e-04   1.13001e-03
 FCN=0.350385 FROM MIGRAD    STATUS=CONVERGED     106 CALLS         107 TOTAL
                     EDM=1.08651e-08    STRATEGY= 1  ERROR MATRIX UNCERTAINTY   3.7 per cent
  EXT PARAMETER                                   STEP         FIRST   
  NO.   NAME      VALUE            ERROR          SIZE      DERIVATIVE 
   1  Constant     6.77575e+02   1.77689e+01   9.71056e-02  -1.33833e-05
   2  Mean         9.60878e+02   4.41196e-01  -2.31621e-03   3.48397e-05
   3  Sigma        5.44935e+00   1.69428e+00  -1.29952e-03  -1.15283e-03
 FCN=553.65 FROM MIGRAD    STATUS=CONVERGED      77 CALLS          78 TOTAL
                     EDM=7.80694e-10    STRATEGY= 1      ERROR MATRIX ACCURATE 
  EXT PARAMETER                                   STEP         FIRST   
  NO.   NAME      VALUE            ERROR          SIZE      DERIVATIVE 
   1  Constant     1.52461e+04   9.58198e+01   8.01453e-01   1.89076e-07
   2  Mean         1.13501e+02   7.19718e-03   8.08443e-05   4.41075e-03
   3  Sigma        1.32148e+00   7.71707e-03   1.74706e-05   1.24237e-02
 FCN=511.999 FROM MIGRAD    STATUS=CONVERGED      74 CALLS          75 TOTAL
                     EDM=1.42848e-08    STRATEGY= 1      ERROR MATRIX ACCURATE 
  EXT PARAMETER                                   STEP         FIRST   
  NO.   NAME      VALUE            ERROR          SIZE      DERIVATIVE 
   1  Constant     1.48540e+04   9.40300e+01   7.41504e-01   1.87800e-06
   2  Mean         1.26256e+02   7.90943e-03   8.71801e-05   1.74863e-05
   3  Sigma        1.43076e+00   9.46439e-03   1.94233e-05   9.57130e-02
 FCN=29.5675 FROM MIGRAD    STATUS=CONVERGED     168 CALLS         169 TOTAL
                     EDM=1.76088e-09    STRATEGY= 1      ERROR MATRIX ACCURATE 
  EXT PARAMETER                                   STEP         FIRST   
  NO.   NAME      VALUE            ERROR          SIZE      DERIVATIVE 
   1  Constant     6.23123e+01   2.02474e+00   3.87823e-03   3.68872e-05
   2  Mean         3.87233e+02   6.27368e+00   1.14358e-02  -6.84598e-07
   3  Sigma        4.19090e+01   2.27909e+01   7.79657e-04   5.79711e-05
 FCN=29.6771 FROM MIGRAD    STATUS=CONVERGED     138 CALLS         139 TOTAL
                     EDM=5.63389e-07    STRATEGY= 1      ERROR MATRIX ACCURATE 
  EXT PARAMETER                                   STEP         FIRST   
  NO.   NAME      VALUE            ERROR          SIZE      DERIVATIVE 
   1  Constant     5.51898e+01   2.05048e+00   3.70297e-03  -7.26291e-04
   2  Mean         3.90742e+02   2.23102e+00   5.84574e-03   1.64431e-04
   3  Sigma        2.77088e+01   7.65151e+00   3.35344e-04  -7.78779e-03
Warning in <Fit>: Fit data is empty 
 FCN=9.85934 FROM MIGRAD    STATUS=CONVERGED     366 CALLS         367 TOTAL
                     EDM=5.29623e-07    STRATEGY= 1      ERROR MATRIX ACCURATE 
  EXT PARAMETER                                   STEP         FIRST   
  NO.   NAME      VALUE            ERROR          SIZE      DERIVATIVE 
   1  Constant     5.79784e+02   1.13701e+02   1.78518e-02  -7.38741e-05
   2  Mean         7.90383e+02   1.69909e+01   1.15196e-03  -1.35575e-03
   3  Sigma        1.26917e+01   7.16198e+00   7.00755e-04   2.40729e-03
 FCN=0.408986 FROM MIGRAD    STATUS=CONVERGED     122 CALLS         123 TOTAL
                     EDM=4.14057e-08    STRATEGY= 1      ERROR MATRIX ACCURATE 
  EXT PARAMETER                                   STEP         FIRST   
  NO.   NAME      VALUE            ERROR          SIZE      DERIVATIVE 
   1  Constant     6.15966e+02   1.73040e+01   6.55468e-03  -1.43224e-05
   2  Mean         9.72318e+02   3.65469e-01   4.63637e-04  -6.53120e-04
   3  Sigma        5.14930e+00   1.49647e+00   8.26383e-05  -6.36902e-04
 FCN=149.665 FROM MIGRAD    STATUS=CONVERGED      77 CALLS          78 TOTAL
                     EDM=1.5048e-10    STRATEGY= 1      ERROR MATRIX ACCURATE 
  EXT PARAMETER                                   STEP         FIRST   
  NO.   NAME      VALUE            ERROR          SIZE      DERIVATIVE 
   1  Constant     1.73139e+04   9.94562e+01   4.65453e-01  -3.46258e-08
   2  Mean         1.52030e+02   6.92015e-03   7.24938e-05  -1.32321e-03
   3  Sigma        1.20699e+00   5.88992e-03   7.47076e-06   9.66609e-03
 FCN=300.482 FROM MIGRAD    STATUS=CONVERGED      72 CALLS          73 TOTAL
                     EDM=1.13144e-08    STRATEGY= 1      ERROR MATRIX ACCURATE 
  EXT PARAMETER                                   STEP         FIRST   
  NO.   NAME      VALUE            ERROR          SIZE      DERIVATIVE 
   1  Constant     1.65929e+04   9.76736e+01   6.35397e-01  -1.98022e-06
   2  Mean         1.50866e+02   6.94807e-03   7.19383e-05   1.87325e-04
   3  Sigma        1.23568e+00   6.21329e-03   1.09408e-05  -8.14864e-02
 FCN=19.9201 FROM MIGRAD    STATUS=CONVERGED     126 CALLS         127 TOTAL
                     EDM=6.22808e-10    STRATEGY= 1      ERROR MATRIX ACCURATE 
  EXT PARAMETER                                   STEP         FIRST   
  NO.   NAME      VALUE            ERROR          SIZE      DERIVATIVE 
   1  Constant     5.58276e+01   1.99722e+00   3.10811e-03  -1.07723e-05
   2  Mean         3.81986e+02   1.92566e+00   3.55058e-03  -1.57988e-05
   3  Sigma        2.38919e+01   4.87365e+00   1.71137e-04   1.03901e-04
 FCN=25.7856 FROM MIGRAD    STATUS=CONVERGED     115 CALLS         116 TOTAL
                     EDM=3.41446e-08    STRATEGY= 1      ERROR MATRIX ACCURATE 
  EXT PARAMETER                                   STEP         FIRST   
  NO.   NAME      VALUE            ERROR          SIZE      DERIVATIVE 
   1  Constant     5.06764e+01   1.87904e+00   3.35810e-03  -4.07293e-05
   2  Mean         4.19904e+02   2.19395e+00   4.10839e-03   1.49809e-04
   3  Sigma        2.38469e+01   5.09959e+00   1.89691e-04  -2.62830e-03
Warning in <Fit>: Fit data is empty 
 FCN=3.39573 FROM MIGRAD    STATUS=CONVERGED     338 CALLS         339 TOTAL
                     EDM=5.16125e-07    STRATEGY= 1      ERROR MATRIX ACCURATE 
  EXT PARAMETER                                   STEP         FIRST   
  NO.   NAME      VALUE            ERROR          SIZE      DERIVATIVE 
   1  Constant     6.20337e+02   3.10646e+01   1.16191e-02  -2.55277e-05
   2  Mean         8.22119e+02   2.59807e+00   9.70641e-04   2.00456e-04
   3  Sigma        1.41291e+01   1.00403e+01   4.79019e-03   1.96130e-04
 FCN=4.11395 FROM MIGRAD    STATUS=CONVERGED     135 CALLS         136 TOTAL
                     EDM=2.00568e-09    STRATEGY= 1  ERROR MATRIX UNCERTAINTY   2.2 per cent
  EXT PARAMETER                                   STEP         FIRST   
  NO.   NAME      VALUE            ERROR          SIZE      DERIVATIVE 
   1  Constant     6.11693e+02   1.73955e+01   3.31054e-02  -2.86095e-06
   2  Mean         9.67171e+02   5.31781e-01   2.47548e-05  -1.25624e-04
   3  Sigma        5.95197e+00   2.44672e+00  -2.84413e-04  -3.47623e-04
 FCN=122.619 FROM MIGRAD    STATUS=CONVERGED      70 CALLS          71 TOTAL
                     EDM=7.18909e-08    STRATEGY= 1      ERROR MATRIX ACCURATE 
  EXT PARAMETER                                   STEP         FIRST   
  NO.   NAME      VALUE            ERROR          SIZE      DERIVATIVE 
   1  Constant     1.86207e+04   1.05614e+02   4.50134e-01  -2.04532e-06
   2  Mean         1.33022e+02   6.02861e-03   6.34299e-05  -4.20581e-02
   3  Sigma        1.12151e+00   4.97965e-03   6.22826e-06   1.28860e-01
 FCN=333.257 FROM MIGRAD    STATUS=CONVERGED      62 CALLS          63 TOTAL
                     EDM=5.36474e-09    STRATEGY= 1      ERROR MATRIX ACCURATE 
  EXT PARAMETER                                   STEP         FIRST   
  NO.   NAME      VALUE            ERROR          SIZE      DERIVATIVE 
   1  Constant     1.83798e+04   1.03333e+02   6.99734e-01  -5.18379e-07
   2  Mean         1.54734e+02   6.38716e-03   7.37830e-05  -1.35990e-02
   3  Sigma        1.24701e+00   5.97093e-03   1.11284e-05   2.25752e-02
 FCN=32.5897 FROM MIGRAD    STATUS=CONVERGED     125 CALLS         126 TOTAL
                     EDM=2.8959e-09    STRATEGY= 1      ERROR MATRIX ACCURATE 
  EXT PARAMETER                                   STEP         FIRST   
  NO.   NAME      VALUE            ERROR          SIZE      DERIVATIVE 
   1  Constant     1.08617e+02   2.61575e+00   5.59673e-03   1.90740e-05
   2  Mean         3.29920e+02   2.99975e+00   2.87978e-03   2.71313e-06
   3  Sigma        2.52719e+01   4.16608e+00   1.02947e-04   5.06067e-04
 FCN=28.7322 FROM MIGRAD    STATUS=CONVERGED     110 CALLS         111 TOTAL
                     EDM=5.17084e-07    STRATEGY= 1      ERROR MATRIX ACCURATE 
  EXT PARAMETER                                   STEP         FIRST   
  NO.   NAME      VALUE            ERROR          SIZE      DERIVATIVE 
   1  Constant     1.42026e+02   3.05910e+00   6.04732e-03   2.28239e-04
   2  Mean         2.88005e+02   1.28437e+00   1.88456e-03  -4.72539e-04
   3  Sigma        2.06804e+01   2.09581e+00   7.15840e-05  -2.61743e-04
Warning in <Fit>: Fit data is empty 
 FCN=3.48719 FROM MIGRAD    STATUS=CONVERGED     365 CALLS         366 TOTAL
                     EDM=2.74567e-08    STRATEGY= 1      ERROR MATRIX ACCURATE 
  EXT PARAMETER                                   STEP         FIRST   
  NO.   NAME      VALUE            ERROR          SIZE      DERIVATIVE 
   1  Constant     4.98187e+02   2.97871e+01   1.05484e-02  -1.89714e-05
   2  Mean         7.60595e+02   2.90060e+00   1.02642e-03  -2.25748e-04
   3  Sigma        1.41266e+01   7.78798e+00   5.74206e-03** at limit **
 FCN=3.21631 FROM MIGRAD    STATUS=CONVERGED     161 CALLS         162 TOTAL
                     EDM=2.98749e-09    STRATEGY= 1      ERROR MATRIX ACCURATE 
  EXT PARAMETER                                   STEP         FIRST   
  NO.   NAME      VALUE            ERROR          SIZE      DERIVATIVE 
   1  Constant     4.82303e+02   1.53726e+01   9.97554e-03   5.41815e-06
   2  Mean         9.82268e+02   6.12070e-01   5.71856e-04   1.26839e-05
   3  Sigma        6.26124e+00   2.97833e+00   2.73897e-04   2.29292e-05
 FCN=11.9844 FROM MIGRAD    STATUS=CONVERGED      88 CALLS          89 TOTAL
                     EDM=6.51528e-08    STRATEGY= 1  ERROR MATRIX UNCERTAINTY   1.7 per cent
  EXT PARAMETER                                   STEP         FIRST   
  NO.   NAME      VALUE            ERROR          SIZE      DERIVATIVE 
   1  Constant     1.04189e+04   7.16591e+01   5.14640e-01  -4.51355e-06
   2  Mean         1.38226e+02   2.52982e-02   1.47672e-04  -1.31343e-02
   3  Sigma        2.58114e+00   4.93007e-02  -6.03062e-05  -4.79520e-04
 FCN=44.0304 FROM MIGRAD    STATUS=CONVERGED      74 CALLS          75 TOTAL
                     EDM=4.31e-07    STRATEGY= 1      ERROR MATRIX ACCURATE 
  EXT PARAMETER                                   STEP         FIRST   
  NO.   NAME      VALUE            ERROR          SIZE      DERIVATIVE 
   1  Constant     1.45681e+04   8.97751e+01   2.14954e-01   1.09689e-05
   2  Mean         1.00053e+02   9.45994e-03   4.77092e-05   2.91615e-02
   3  Sigma        1.51127e+00   1.07018e-02   6.04749e-06   4.94791e-01
 FCN=35.1162 FROM MIGRAD    STATUS=CONVERGED     197 CALLS         198 TOTAL
                     EDM=8.12667e-07    STRATEGY= 1      ERROR MATRIX ACCURATE 
  EXT PARAMETER                                   STEP         FIRST   
  NO.   NAME      VALUE            ERROR          SIZE      DERIVATIVE 
   1  Constant     6.15211e+01   2.13816e+00   4.15926e-03  -2.01673e-05
   2  Mean         4.69183e+02   8.64641e+00   2.47347e-02   5.00920e-05
   3  Sigma        5.71046e+01   7.12184e+01   2.77367e-03  -9.18097e-04
 FCN=30.8596 FROM MIGRAD    STATUS=CONVERGED     133 CALLS         134 TOTAL
                     EDM=3.97231e-07    STRATEGY= 1      ERROR MATRIX ACCURATE 
  EXT PARAMETER                                   STEP         FIRST   
  NO.   NAME      VALUE            ERROR          SIZE      DERIVATIVE 
   1  Constant     4.77259e+01   1.72388e+00   3.61396e-03   6.77173e-04
   2  Mean         5.88298e+02   2.59176e+00   3.66011e-03  -3.66612e-04
   3  Sigma        2.19081e+01   4.14779e+00   1.37780e-04   1.15490e-02
Warning in <Fit>: Fit data is empty 
 FCN=0.822837 FROM MIGRAD    STATUS=CONVERGED     141 CALLS         142 TOTAL
                     EDM=1.12903e-08    STRATEGY= 1      ERROR MATRIX ACCURATE 
  EXT PARAMETER                                   STEP         FIRST   
  NO.   NAME      VALUE            ERROR          SIZE      DERIVATIVE 
   1  Constant     2.48123e+02   9.65292e+00   4.80228e-03  -1.08945e-05
   2  Mean         8.04259e+02   1.21712e+00   3.83500e-04  -3.09296e-04
   3  Sigma        5.03187e+00   2.21960e+00   7.40358e-05  -8.31015e-04
 FCN=2.29622 FROM MIGRAD    STATUS=CONVERGED     122 CALLS         123 TOTAL
                     EDM=2.23727e-09    STRATEGY= 1      ERROR MATRIX ACCURATE 
  EXT PARAMETER                                   STEP         FIRST   
  NO.   NAME      VALUE            ERROR          SIZE      DERIVATIVE 
   1  Constant     2.38063e+02   1.04862e+01   6.30719e-03  -7.20577e-06
   2  Mean         9.39044e+02   5.17971e-01   4.47771e-04  -3.56300e-05
   3  Sigma        4.26631e+00   1.41505e+00   1.05567e-04  -5.27210e-05
 FCN=293.681 FROM MIGRAD    STATUS=CONVERGED      70 CALLS          71 TOTAL
                     EDM=2.29596e-07    STRATEGY= 1      ERROR MATRIX ACCURATE 
  EXT PARAMETER                                   STEP         FIRST   
  NO.   NAME      VALUE            ERROR          SIZE      DERIVATIVE 
   1  Constant     2.43366e+04   1.24402e+02   7.74728e-01  -1.54855e-06
   2  Mean         1.58150e+02   5.01908e-03   7.54118e-05   1.28476e-01
   3  Sigma        1.17918e+00   5.00781e-03   9.28573e-06   5.15770e-02
 FCN=76.8887 FROM MIGRAD    STATUS=CONVERGED      66 CALLS          67 TOTAL
                     EDM=7.51375e-08    STRATEGY= 1      ERROR MATRIX ACCURATE 
  EXT PARAMETER                                   STEP         FIRST   
  NO.   NAME      VALUE            ERROR          SIZE      DERIVATIVE 
   1  Constant     2.28661e+04   1.14987e+02   3.71298e-01  -1.38865e-06
   2  Mean         1.25623e+02   5.67423e-03   5.99018e-05   5.00742e-02
   3  Sigma        1.29038e+00   5.70925e-03   5.09911e-06  -2.48630e-01
 FCN=34.2221 FROM MIGRAD    STATUS=CONVERGED     322 CALLS         323 TOTAL
                     EDM=3.19191e-07    STRATEGY= 1      ERROR MATRIX ACCURATE 
  EXT PARAMETER                                   STEP         FIRST   
  NO.   NAME      VALUE            ERROR          SIZE      DERIVATIVE 
   1  Constant     2.76576e+01   8.65571e+00   3.18096e-03  -5.85042e-04
   2  Mean         7.21290e+02   3.61535e+01   1.32763e-02   1.33051e-04
   3  Sigma        8.90169e+01   8.40002e+01   1.13657e-02   1.39930e-04
 FCN=33.9671 FROM MIGRAD    STATUS=CONVERGED     198 CALLS         199 TOTAL
                     EDM=7.94088e-08    STRATEGY= 1      ERROR MATRIX ACCURATE 
  EXT PARAMETER                                   STEP         FIRST   
  NO.   NAME      VALUE            ERROR          SIZE      DERIVATIVE 
   1  Constant     2.70936e+01   1.36411e+00   2.72067e-03   1.55125e-04
   2  Mean         4.72358e+02   1.39298e+01   3.04853e-02   1.18218e-05
   3  Sigma        5.37364e+01   7.12738e+01   2.81693e-03  -6.88431e-05
Warning in <Fit>: Fit data is empty 
 FCN=7.46458 FROM MIGRAD    STATUS=CONVERGED     211 CALLS         212 TOTAL
                     EDM=1.28584e-06    STRATEGY= 1      ERROR MATRIX ACCURATE 
  EXT PARAMETER                                   STEP         FIRST   
  NO.   NAME      VALUE            ERROR          SIZE      DERIVATIVE 
   1  Constant     6.84668e+01   3.80369e+00   5.27046e-03   2.51132e-04
   2  Mean         7.73177e+02   7.80809e+00   1.07345e-02  -4.47620e-05
   3  Sigma        1.41508e+01   7.07577e+00   8.84523e-03  -1.88214e-04
 FCN=2.40325 FROM MIGRAD    STATUS=CONVERGED     139 CALLS         140 TOTAL
                     EDM=1.61067e-08    STRATEGY= 1      ERROR MATRIX ACCURATE 
  EXT PARAMETER                                   STEP         FIRST   
  NO.   NAME      VALUE            ERROR          SIZE      DERIVATIVE 
   1  Constant     7.16392e+01   5.44845e+00   3.53318e-03  -3.40365e-05
   2  Mean         9.48056e+02   2.85576e+00   6.99925e-04  -1.20722e-05
   3  Sigma        5.24403e+00   4.44998e+00   1.84957e-04  -7.96309e-05
 FCN=4.05247 FROM MIGRAD    STATUS=CONVERGED      81 CALLS          82 TOTAL
                     EDM=1.24127e-06    STRATEGY= 1      ERROR MATRIX ACCURATE 
  EXT PARAMETER                                   STEP         FIRST   
  NO.   NAME      VALUE            ERROR          SIZE      DERIVATIVE 
   1  Constant     1.95707e+04   1.02090e+02   8.12083e-02   1.22941e-05
   2  Mean         1.45882e+02   9.08877e-03   6.95622e-05  -5.02410e-02
   3  Sigma        1.64445e+00   1.10360e-02   1.96796e-06   8.63909e-01
 FCN=60.4965 FROM MIGRAD    STATUS=CONVERGED      64 CALLS          65 TOTAL
                     EDM=1.29256e-07    STRATEGY= 1      ERROR MATRIX ACCURATE 
  EXT PARAMETER                                   STEP         FIRST   
  NO.   NAME      VALUE            ERROR          SIZE      DERIVATIVE 
   1  Constant     2.70286e+04   1.26311e+02   3.63262e-01   3.70974e-06
   2  Mean         1.29569e+02   4.97747e-03   6.17834e-05   7.28364e-02
   3  Sigma        1.24738e+00   4.92031e-03   4.03268e-06   2.17187e-01
 FCN=42.7395 FROM MIGRAD    STATUS=CONVERGED     107 CALLS         108 TOTAL
                     EDM=4.83454e-09    STRATEGY= 1      ERROR MATRIX ACCURATE 
  EXT PARAMETER                                   STEP         FIRST   
  NO.   NAME      VALUE            ERROR          SIZE      DERIVATIVE 
   1  Constant     6.62425e+00   6.87883e-01   1.61558e-03   1.05330e-04
   2  Mean         5.97049e+02   2.14364e+00   6.90711e-03  -3.77884e-05
   3  Sigma        1.53765e+01   3.70841e+00   2.66632e-04   3.38381e-04
 FCN=54.8451 FROM MIGRAD    STATUS=CONVERGED     562 CALLS         563 TOTAL
                     EDM=3.23103e-06    STRATEGY= 1      ERROR MATRIX ACCURATE 
  EXT PARAMETER                                   STEP         FIRST   
  NO.   NAME      VALUE            ERROR          SIZE      DERIVATIVE 
   1  Constant     4.73969e+01   1.06107e+02   1.48752e-02  -4.28794e-04
   2  Mean         6.56697e+02   9.45164e+01   1.32507e-02   4.67077e-04
   3  Sigma        9.17547e+01   8.71921e+01   8.13638e-03  -3.86835e-04
Warning in <Fit>: Fit data is empty 
Info in <TCanvas::Print>: Current canvas added to pdf file /home/had/suharu/work/e40/ana/pdf/trigger_study/p0_04465.pdf
Info in <TCanvas::Print>: Current canvas added to pdf file /home/had/suharu/work/e40/ana/pdf/trigger_study/p0_04465.pdf
Info in <TCanvas::Print>: Current canvas added to pdf file /home/had/suharu/work/e40/ana/pdf/trigger_study/pede_04465.pdf
Info in <TCanvas::Print>: Current canvas added to pdf file /home/had/suharu/work/e40/ana/pdf/trigger_study/pede_04465.pdf
Info in <TCanvas::Print>: Current canvas added to pdf file /home/had/suharu/work/e40/ana/pdf/trigger_study/mip_04465.pdf
Info in <TCanvas::Print>: Current canvas added to pdf file /home/had/suharu/work/e40/ana/pdf/trigger_study/mip_04465.pdf
 FCN=0.87231 FROM MIGRAD    STATUS=CONVERGED      94 CALLS          95 TOTAL
                     EDM=2.52696e-06    STRATEGY= 1      ERROR MATRIX ACCURATE 
  EXT PARAMETER                                   STEP         FIRST   
  NO.   NAME      VALUE            ERROR          SIZE      DERIVATIVE 
   1  Constant     3.23852e+01   4.14059e+00   1.85463e-03   2.98111e-04
   2  Mean         3.58352e+02   3.66298e-01   2.34902e-04  -5.28283e-03
   3  Sigma        2.33274e+00   6.94232e-01   6.03008e-05   8.70263e-03
 FCN=1.73802 FROM MIGRAD    STATUS=CONVERGED      69 CALLS          70 TOTAL
                     EDM=4.00974e-08    STRATEGY= 1      ERROR MATRIX ACCURATE 
  EXT PARAMETER                                   STEP         FIRST   
  NO.   NAME      VALUE            ERROR          SIZE      DERIVATIVE 
   1  Constant     2.49450e+02   1.21111e+01   7.24383e-03  -2.39914e-05
   2  Mean         3.93738e+02   5.50659e-02   1.87749e-04  -2.61001e-03
   3  Sigma        1.30941e+00   5.79436e-02   9.54449e-06  -1.74313e-02
 FCN=169.2 FROM MIGRAD    STATUS=CONVERGED      68 CALLS          69 TOTAL
                     EDM=1.74961e-11    STRATEGY= 1      ERROR MATRIX ACCURATE 
  EXT PARAMETER                                   STEP         FIRST   
  NO.   NAME      VALUE            ERROR          SIZE      DERIVATIVE 
   1  Constant     4.29637e+04   1.80646e+02   8.95397e-01  -2.04913e-08
   2  Mean         9.20604e+01   2.93372e-03   4.38978e-05  -1.75149e-03
   3  Sigma        8.72668e-01   2.42974e-03   4.65856e-06  -1.56185e-03
 FCN=66.901 FROM MIGRAD    STATUS=CONVERGED      57 CALLS          58 TOTAL
                     EDM=3.24248e-07    STRATEGY= 1      ERROR MATRIX ACCURATE 
  EXT PARAMETER                                   STEP         FIRST   
  NO.   NAME      VALUE            ERROR          SIZE      DERIVATIVE 
   1  Constant     4.82051e+04   1.98431e+02   6.34162e-01   4.78358e-06
   2  Mean         1.01830e+02   2.55585e-03   4.85566e-05   9.33412e-03
   3  Sigma        7.74689e-01   1.96734e-03   2.71471e-06   1.00793e+00
 FCN=17.2214 FROM MIGRAD    STATUS=CONVERGED     234 CALLS         235 TOTAL
                     EDM=1.79284e-07    STRATEGY= 1      ERROR MATRIX ACCURATE 
  EXT PARAMETER                                   STEP         FIRST   
  NO.   NAME      VALUE            ERROR          SIZE      DERIVATIVE 
   1  Constant     6.21422e+00   1.73038e+01   1.50798e-03   1.72996e-04
   2  Mean         3.70272e+02   2.24814e+02   9.75835e-03  -4.18166e-05
   3  Sigma        5.29554e+01   7.16267e+01   1.59596e-04   3.24863e-03
 FCN=20.5739 FROM MIGRAD    STATUS=CONVERGED     367 CALLS         368 TOTAL
                     EDM=1.058e-07    STRATEGY= 1      ERROR MATRIX ACCURATE 
  EXT PARAMETER                                   STEP         FIRST   
  NO.   NAME      VALUE            ERROR          SIZE      DERIVATIVE 
   1  Constant     3.86480e+00   3.75443e+00   9.89397e-04   3.67803e-04
   2  Mean         3.90239e+02   9.92656e+01   2.61792e-02  -1.79208e-05
   3  Sigma        8.14516e+01   4.54405e+01   1.22428e-02** at limit **
Warning in <Fit>: Fit data is empty 
 FCN=1.12915 FROM MIGRAD    STATUS=CONVERGED     139 CALLS         140 TOTAL
                     EDM=4.14391e-08    STRATEGY= 1      ERROR MATRIX ACCURATE 
  EXT PARAMETER                                   STEP         FIRST   
  NO.   NAME      VALUE            ERROR          SIZE      DERIVATIVE 
   1  Constant     4.17291e+02   1.30179e+01   6.67658e-03   1.74485e-05
   2  Mean         3.32735e+02   6.44608e-01   2.52753e-04  -2.42989e-04
   3  Sigma        4.96487e+00   1.63742e+00   8.08356e-05  -5.81203e-04
 FCN=61.7467 FROM MIGRAD    STATUS=CONVERGED      68 CALLS          69 TOTAL
                     EDM=2.04236e-09    STRATEGY= 1      ERROR MATRIX ACCURATE 
  EXT PARAMETER                                   STEP         FIRST   
  NO.   NAME      VALUE            ERROR          SIZE      DERIVATIVE 
   1  Constant     2.88034e+03   4.45543e+01   1.26315e-01  -3.92751e-07
   2  Mean         2.69905e+02   1.37651e-02   1.28701e-04   4.61334e-03
   3  Sigma        1.10903e+00   1.38842e-02   1.23098e-05  -3.34385e-03
 FCN=865.821 FROM MIGRAD    STATUS=CONVERGED      69 CALLS          70 TOTAL
                     EDM=7.58714e-11    STRATEGY= 1      ERROR MATRIX ACCURATE 
  EXT PARAMETER                                   STEP         FIRST   
  NO.   NAME      VALUE            ERROR          SIZE      DERIVATIVE 
   1  Constant     3.47707e+04   1.62575e+02   1.82861e+00  -8.72693e-08
   2  Mean         1.21618e+02   3.35677e-03   5.79919e-05  -2.38041e-04
   3  Sigma        8.58924e-01   2.56846e-03   1.08320e-05  -1.39139e-02
 FCN=193.137 FROM MIGRAD    STATUS=CONVERGED      63 CALLS          64 TOTAL
                     EDM=1.56385e-11    STRATEGY= 1      ERROR MATRIX ACCURATE 
  EXT PARAMETER                                   STEP         FIRST   
  NO.   NAME      VALUE            ERROR          SIZE      DERIVATIVE 
   1  Constant     3.36982e+04   1.60368e+02   8.42174e-01  -2.29225e-09
   2  Mean         1.23930e+02   3.34797e-03   5.90944e-05   1.66543e-03
   3  Sigma        8.83024e-01   2.82918e-03   5.66664e-06  -1.18193e-03
 FCN=24.6978 FROM MIGRAD    STATUS=CONVERGED     109 CALLS         110 TOTAL
                     EDM=1.37563e-07    STRATEGY= 1      ERROR MATRIX ACCURATE 
  EXT PARAMETER                                   STEP         FIRST   
  NO.   NAME      VALUE            ERROR          SIZE      DERIVATIVE 
   1  Constant     5.66370e+01   2.00580e+00   3.41392e-03  -8.39053e-05
   2  Mean         2.91161e+02   3.53258e+00   6.96585e-03   4.44912e-06
   3  Sigma        3.25203e+01   1.19360e+01   4.12713e-04   1.34934e-03
 FCN=20.5558 FROM MIGRAD    STATUS=CONVERGED     117 CALLS         118 TOTAL
                     EDM=7.19666e-09    STRATEGY= 1      ERROR MATRIX ACCURATE 
  EXT PARAMETER                                   STEP         FIRST   
  NO.   NAME      VALUE            ERROR          SIZE      DERIVATIVE 
   1  Constant     5.36814e+01   1.79469e+00   3.12500e-03  -8.54383e-06
   2  Mean         3.10264e+02   4.52924e+00   3.71724e-03  -5.16950e-05
   3  Sigma        2.66512e+01   6.93199e+00   1.40636e-04   1.05707e-03
Warning in <Fit>: Fit data is empty 
 FCN=0.630673 FROM MIGRAD    STATUS=CONVERGED     117 CALLS         118 TOTAL
                     EDM=8.21348e-09    STRATEGY= 1  ERROR MATRIX UNCERTAINTY   1.9 per cent
  EXT PARAMETER                                   STEP         FIRST   
  NO.   NAME      VALUE            ERROR          SIZE      DERIVATIVE 
   1  Constant     1.63395e+03   2.62934e+01  -2.78655e-02  -3.56165e-06
   2  Mean         3.77064e+02   2.52224e-01   3.18979e-04  -6.66731e-04
   3  Sigma        4.77291e+00   7.30836e-01   9.57555e-05   1.17838e-03
 FCN=407.619 FROM MIGRAD    STATUS=CONVERGED      70 CALLS          71 TOTAL
                     EDM=3.57261e-11    STRATEGY= 1      ERROR MATRIX ACCURATE 
  EXT PARAMETER                                   STEP         FIRST   
  NO.   NAME      VALUE            ERROR          SIZE      DERIVATIVE 
   1  Constant     9.33538e+03   8.04685e+01   5.86243e-01   3.01359e-08
   2  Mean         3.21653e+02   7.45692e-03   1.53376e-04  -2.24986e-04
   3  Sigma        1.07370e+00   7.03865e-03   1.61582e-05  -3.04765e-03
 FCN=571.939 FROM MIGRAD    STATUS=CONVERGED      66 CALLS          67 TOTAL
                     EDM=3.88371e-10    STRATEGY= 1      ERROR MATRIX ACCURATE 
  EXT PARAMETER                                   STEP         FIRST   
  NO.   NAME      VALUE            ERROR          SIZE      DERIVATIVE 
   1  Constant     1.79639e+04   1.14778e+02   1.10030e+00  -6.30119e-08
   2  Mean         1.23131e+02   4.84577e-03   5.87132e-05  -6.01052e-03
   3  Sigma        8.14279e-01   3.19327e-03   1.17907e-05   1.08328e-02
 FCN=1494.55 FROM MIGRAD    STATUS=CONVERGED      56 CALLS          57 TOTAL
                     EDM=2.09102e-07    STRATEGY= 1      ERROR MATRIX ACCURATE 
  EXT PARAMETER                                   STEP         FIRST   
  NO.   NAME      VALUE            ERROR          SIZE      DERIVATIVE 
   1  Constant     1.75522e+04   1.17240e+02   1.61311e+00  -3.98715e-06
   2  Mean         9.44135e+01   5.39667e-03   9.16921e-05   8.02244e-02
   3  Sigma        9.66220e-01   4.69532e-03   2.09277e-05  -7.64904e-02
 FCN=23.2281 FROM MIGRAD    STATUS=CONVERGED     134 CALLS         135 TOTAL
                     EDM=1.1997e-07    STRATEGY= 1      ERROR MATRIX ACCURATE 
  EXT PARAMETER                                   STEP         FIRST   
  NO.   NAME      VALUE            ERROR          SIZE      DERIVATIVE 
   1  Constant     1.22175e+02   2.80368e+00   4.83745e-03  -1.74811e-04
   2  Mean         4.49135e+02   4.79094e+00   7.16909e-03  -5.39465e-05
   3  Sigma        4.21178e+01   1.68171e+01   4.72718e-04  -3.72918e-04
 FCN=28.7539 FROM MIGRAD    STATUS=CONVERGED     114 CALLS         115 TOTAL
                     EDM=6.89285e-09    STRATEGY= 1      ERROR MATRIX ACCURATE 
  EXT PARAMETER                                   STEP         FIRST   
  NO.   NAME      VALUE            ERROR          SIZE      DERIVATIVE 
   1  Constant     1.75132e+02   3.44554e+00   6.55022e-03  -3.26360e-05
   2  Mean         2.83495e+02   1.52077e+00   2.68652e-03   1.05927e-04
   3  Sigma        2.60153e+01   3.58780e+00   1.26053e-04  -1.79861e-03
Warning in <Fit>: Fit data is empty 
 FCN=1.30992 FROM MIGRAD    STATUS=CONVERGED     143 CALLS         144 TOTAL
                     EDM=7.97648e-09    STRATEGY= 1      ERROR MATRIX ACCURATE 
  EXT PARAMETER                                   STEP         FIRST   
  NO.   NAME      VALUE            ERROR          SIZE      DERIVATIVE 
   1  Constant     2.30716e+03   3.23954e+01   1.62542e-02   4.49797e-07
   2  Mean         3.43016e+02   2.45084e-01   1.63563e-04   2.66816e-05
   3  Sigma        5.30991e+00   8.54644e-01   5.15079e-05  -8.82593e-04
 FCN=281.529 FROM MIGRAD    STATUS=CONVERGED      59 CALLS          60 TOTAL
                     EDM=2.68575e-09    STRATEGY= 1      ERROR MATRIX ACCURATE 
  EXT PARAMETER                                   STEP         FIRST   
  NO.   NAME      VALUE            ERROR          SIZE      DERIVATIVE 
   1  Constant     1.22990e+04   9.02263e+01   5.71013e-01  -8.60029e-07
   2  Mean         3.63237e+02   6.45313e-03   1.73205e-04   4.56042e-03
   3  Sigma        1.02831e+00   5.38941e-03   1.09951e-05  -5.51603e-03
 FCN=1319.66 FROM MIGRAD    STATUS=CONVERGED      67 CALLS          68 TOTAL
                     EDM=1.13983e-10    STRATEGY= 1      ERROR MATRIX ACCURATE 
  EXT PARAMETER                                   STEP         FIRST   
  NO.   NAME      VALUE            ERROR          SIZE      DERIVATIVE 
   1  Constant     1.23274e+04   9.67590e+01   1.23876e+00   1.00272e-07
   2  Mean         1.23510e+02   6.94419e-03   1.07166e-04  -2.02367e-03
   3  Sigma        1.01989e+00   6.06086e-03   2.35738e-05   9.60057e-03
 FCN=1694.02 FROM MIGRAD    STATUS=CONVERGED      69 CALLS          70 TOTAL
                     EDM=9.0579e-10    STRATEGY= 1      ERROR MATRIX ACCURATE 
  EXT PARAMETER                                   STEP         FIRST   
  NO.   NAME      VALUE            ERROR          SIZE      DERIVATIVE 
   1  Constant     1.31165e+04   1.02843e+02   1.49687e+00  -9.30334e-08
   2  Mean         1.25566e+02   6.83487e-03   1.11403e-04   2.74349e-03
   3  Sigma        9.49279e-01   5.44121e-03   2.42406e-05   1.14729e-02
 FCN=19.9646 FROM MIGRAD    STATUS=CONVERGED     169 CALLS         170 TOTAL
                     EDM=2.20702e-09    STRATEGY= 1      ERROR MATRIX ACCURATE 
  EXT PARAMETER                                   STEP         FIRST   
  NO.   NAME      VALUE            ERROR          SIZE      DERIVATIVE 
   1  Constant     2.27969e+02   3.88316e+00   6.15232e-03  -6.00305e-06
   2  Mean         3.39509e+02   3.05115e+00   4.51331e-03   7.04590e-06
   3  Sigma        4.01630e+01   1.09271e+01   2.93071e-04   1.36019e-04
 FCN=32.5902 FROM MIGRAD    STATUS=CONVERGED     155 CALLS         156 TOTAL
                     EDM=1.03884e-08    STRATEGY= 1      ERROR MATRIX ACCURATE 
  EXT PARAMETER                                   STEP         FIRST   
  NO.   NAME      VALUE            ERROR          SIZE      DERIVATIVE 
   1  Constant     2.58969e+02   4.96604e+00   8.42048e-03   6.65822e-06
   2  Mean         3.21549e+02   6.44728e+00   3.97452e-03  -6.43091e-05
   3  Sigma        4.10086e+01   1.11854e+01   1.81225e-04   1.15556e-03
Warning in <Fit>: Fit data is empty 
 FCN=1.01689 FROM MIGRAD    STATUS=CONVERGED     197 CALLS         198 TOTAL
                     EDM=8.1421e-08    STRATEGY= 1      ERROR MATRIX ACCURATE 
  EXT PARAMETER                                   STEP         FIRST   
  NO.   NAME      VALUE            ERROR          SIZE      DERIVATIVE 
   1  Constant     9.65992e+02   1.91661e+01   9.73005e-03   2.25639e-05
   2  Mean         2.86454e+02   1.49038e+00   4.57143e-04  -5.64120e-04
   3  Sigma        8.74824e+00   5.16252e+00   2.32866e-04   9.77672e-04
 FCN=230.409 FROM MIGRAD    STATUS=CONVERGED      67 CALLS          68 TOTAL
                     EDM=6.66032e-09    STRATEGY= 1      ERROR MATRIX ACCURATE 
  EXT PARAMETER                                   STEP         FIRST   
  NO.   NAME      VALUE            ERROR          SIZE      DERIVATIVE 
   1  Constant     6.02305e+03   6.53895e+01   3.46711e-01   5.22652e-07
   2  Mean         3.40907e+02   9.76477e-03   1.62557e-04   8.07818e-03
   3  Sigma        1.14065e+00   1.05192e-02   1.70290e-05  -1.86926e-02
 FCN=1412.37 FROM MIGRAD    STATUS=CONVERGED      71 CALLS          72 TOTAL
                     EDM=2.28566e-11    STRATEGY= 1      ERROR MATRIX ACCURATE 
  EXT PARAMETER                                   STEP         FIRST   
  NO.   NAME      VALUE            ERROR          SIZE      DERIVATIVE 
   1  Constant     2.49867e+04   1.40656e+02   1.93874e+00   3.01964e-09
   2  Mean         1.13545e+02   4.23632e-03   7.08047e-05   1.75079e-03
   3  Sigma        8.96391e-01   3.45423e-03   1.66299e-05  -2.16847e-03
 FCN=115.897 FROM MIGRAD    STATUS=CONVERGED      58 CALLS          59 TOTAL
                     EDM=9.3305e-07    STRATEGY= 1      ERROR MATRIX ACCURATE 
  EXT PARAMETER                                   STEP         FIRST   
  NO.   NAME      VALUE            ERROR          SIZE      DERIVATIVE 
   1  Constant     2.36465e+04   1.26405e+02   5.26387e-01  -2.12285e-06
   2  Mean         1.21893e+02   4.35246e-03   5.81229e-05   2.27331e-01
   3  Sigma        9.59805e-01   3.46083e-03   5.01638e-06   4.47974e-01
 FCN=24.531 FROM MIGRAD    STATUS=CONVERGED     119 CALLS         120 TOTAL
                     EDM=2.25377e-09    STRATEGY= 1      ERROR MATRIX ACCURATE 
  EXT PARAMETER                                   STEP         FIRST   
  NO.   NAME      VALUE            ERROR          SIZE      DERIVATIVE 
   1  Constant     1.51286e+02   3.29062e+00   5.65177e-03   2.77335e-05
   2  Mean         2.71793e+02   1.15684e+00   2.37650e-03  -2.27263e-06
   3  Sigma        2.38142e+01   2.94291e+00   1.14424e-04   1.09491e-03
 FCN=37.511 FROM MIGRAD    STATUS=CONVERGED     128 CALLS         129 TOTAL
                     EDM=3.90576e-09    STRATEGY= 1      ERROR MATRIX ACCURATE 
  EXT PARAMETER                                   STEP         FIRST   
  NO.   NAME      VALUE            ERROR          SIZE      DERIVATIVE 
   1  Constant     1.47326e+02   3.35833e+00   6.77122e-03   1.65385e-05
   2  Mean         2.84762e+02   1.37163e+00   4.15488e-03  -1.00240e-05
   3  Sigma        2.81506e+01   4.92344e+00   2.43258e-04  -3.15906e-04
Warning in <Fit>: Fit data is empty 
 FCN=3.15669 FROM MIGRAD    STATUS=CONVERGED     100 CALLS         101 TOTAL
                     EDM=7.96429e-07    STRATEGY= 1      ERROR MATRIX ACCURATE 
  EXT PARAMETER                                   STEP         FIRST   
  NO.   NAME      VALUE            ERROR          SIZE      DERIVATIVE 
   1  Constant     2.09177e+02   1.00759e+01   6.81089e-03   1.37601e-04
   2  Mean         3.35994e+02   2.80512e-01   2.18059e-04  -1.36171e-03
   3  Sigma        3.08307e+00   5.94443e-01   5.93287e-05   1.29231e-02
 FCN=10.391 FROM MIGRAD    STATUS=CONVERGED      59 CALLS          60 TOTAL
                     EDM=1.48549e-08    STRATEGY= 1      ERROR MATRIX ACCURATE 
  EXT PARAMETER                                   STEP         FIRST   
  NO.   NAME      VALUE            ERROR          SIZE      DERIVATIVE 
   1  Constant     1.25629e+03   2.89085e+01   3.64055e-02   5.61142e-06
   2  Mean         3.62363e+02   1.94306e-02   1.72788e-04   4.32737e-03
   3  Sigma        1.04108e+00   1.71823e-02   7.09614e-06   4.82804e-03
 FCN=102.247 FROM MIGRAD    STATUS=CONVERGED      52 CALLS          53 TOTAL
                     EDM=6.18349e-07    STRATEGY= 1      ERROR MATRIX ACCURATE 
  EXT PARAMETER                                   STEP         FIRST   
  NO.   NAME      VALUE            ERROR          SIZE      DERIVATIVE 
   1  Constant     4.31547e+04   1.83460e+02   7.27106e-01  -7.28406e-06
   2  Mean         1.22732e+02   2.76792e-03   5.85230e-05   9.95983e-02
   3  Sigma        8.03367e-01   2.09206e-03   3.44180e-06  -1.14050e+00
 FCN=48.8334 FROM MIGRAD    STATUS=CONVERGED      56 CALLS          57 TOTAL
                     EDM=5.80379e-07    STRATEGY= 1      ERROR MATRIX ACCURATE 
  EXT PARAMETER                                   STEP         FIRST   
  NO.   NAME      VALUE            ERROR          SIZE      DERIVATIVE 
   1  Constant     4.05543e+04   1.74044e+02   4.74374e-01   6.55802e-06
   2  Mean         1.01819e+02   2.97036e-03   4.85513e-05  -1.69303e-01
   3  Sigma        8.57036e-01   2.33498e-03   2.49488e-06   1.15354e+00
 FCN=24.9982 FROM MIGRAD    STATUS=CONVERGED     129 CALLS         130 TOTAL
                     EDM=4.88615e-09    STRATEGY= 1      ERROR MATRIX ACCURATE 
  EXT PARAMETER                                   STEP         FIRST   
  NO.   NAME      VALUE            ERROR          SIZE      DERIVATIVE 
   1  Constant     2.23732e+01   1.30664e+00   2.16465e-03  -4.33890e-05
   2  Mean         3.16708e+02   3.81939e+00   9.35056e-03  -1.71271e-05
   3  Sigma        2.91348e+01   1.37851e+01   5.62497e-04  -3.54938e-04
 FCN=22.021 FROM MIGRAD    STATUS=CONVERGED     139 CALLS         140 TOTAL
                     EDM=6.62824e-09    STRATEGY= 1      ERROR MATRIX ACCURATE 
  EXT PARAMETER                                   STEP         FIRST   
  NO.   NAME      VALUE            ERROR          SIZE      DERIVATIVE 
   1  Constant     2.46679e+01   1.34889e+00   2.13316e-03  -5.94761e-05
   2  Mean         2.69148e+02   4.07008e+00   9.43755e-03  -1.05882e-05
   3  Sigma        3.09949e+01   1.52243e+01   5.84283e-04   7.52581e-05
Warning in <Fit>: Fit data is empty 
 FCN=2.21958 FROM MIGRAD    STATUS=CONVERGED     114 CALLS         115 TOTAL
                     EDM=6.78749e-08    STRATEGY= 1      ERROR MATRIX ACCURATE 
  EXT PARAMETER                                   STEP         FIRST   
  NO.   NAME      VALUE            ERROR          SIZE      DERIVATIVE 
   1  Constant     5.40701e+01   5.21380e+00   2.99723e-03   9.03050e-05
   2  Mean         3.05110e+02   7.00035e-01   5.14948e-04   4.54689e-04
   3  Sigma        3.62280e+00   1.87080e+00   1.60637e-04   1.54832e-03
 FCN=1.47801 FROM MIGRAD    STATUS=CONVERGED      60 CALLS          61 TOTAL
                     EDM=1.53747e-08    STRATEGY= 1      ERROR MATRIX ACCURATE 
  EXT PARAMETER                                   STEP         FIRST   
  NO.   NAME      VALUE            ERROR          SIZE      DERIVATIVE 
   1  Constant     4.47376e+02   1.73135e+01   1.02873e-02   1.28872e-05
   2  Mean         3.57591e+02   3.13993e-02   1.70513e-04  -4.73322e-04
   3  Sigma        1.00656e+00   2.68602e-02   5.40740e-06   1.86734e-02
 FCN=7.58171 FROM MIGRAD    STATUS=CONVERGED      75 CALLS          76 TOTAL
                     EDM=5.96714e-11    STRATEGY= 1      ERROR MATRIX ACCURATE 
  EXT PARAMETER                                   STEP         FIRST   
  NO.   NAME      VALUE            ERROR          SIZE      DERIVATIVE 
   1  Constant     3.01956e+04   1.32796e+02   1.43596e-01  -4.51956e-08
   2  Mean         1.18668e+02   4.73795e-03   5.65854e-05   6.55236e-05
   3  Sigma        1.24621e+00   4.61174e-03   1.41859e-06  -1.05182e-02
 FCN=220.355 FROM MIGRAD    STATUS=CONVERGED      65 CALLS          66 TOTAL
                     EDM=5.7105e-10    STRATEGY= 1      ERROR MATRIX ACCURATE 
  EXT PARAMETER                                   STEP         FIRST   
  NO.   NAME      VALUE            ERROR          SIZE      DERIVATIVE 
   1  Constant     3.77259e+04   1.63428e+02   9.06052e-01  -5.35897e-08
   2  Mean         1.10047e+02   3.44088e-03   5.24743e-05  -9.45984e-03
   3  Sigma        9.82400e-01   3.06265e-03   5.89745e-06  -6.67717e-04
 FCN=37.7044 FROM MIGRAD    STATUS=CONVERGED     129 CALLS         130 TOTAL
                     EDM=1.16224e-07    STRATEGY= 1      ERROR MATRIX ACCURATE 
  EXT PARAMETER                                   STEP         FIRST   
  NO.   NAME      VALUE            ERROR          SIZE      DERIVATIVE 
   1  Constant     5.97500e+00   1.27531e+00   1.50046e-03   1.39831e-04
   2  Mean         2.92504e+02   1.96674e+01   9.31569e-03   9.48248e-05
   3  Sigma        2.40741e+01   1.52346e+01   2.52586e-04   3.59602e-03
 FCN=29.3373 FROM MIGRAD    STATUS=CONVERGED     152 CALLS         153 TOTAL
                     EDM=2.3945e-08    STRATEGY= 1      ERROR MATRIX ACCURATE 
  EXT PARAMETER                                   STEP         FIRST   
  NO.   NAME      VALUE            ERROR          SIZE      DERIVATIVE 
   1  Constant     6.25876e+00   7.74832e-01   1.27709e-03   9.07213e-05
   2  Mean         2.95172e+02   2.30762e+01   1.32887e-02  -5.33487e-06
   3  Sigma        2.97092e+01   2.80498e+01   4.86662e-04  -4.42974e-04
Warning in <Fit>: Fit data is empty 
 FCN=2.15055 FROM MIGRAD    STATUS=CONVERGED     265 CALLS         266 TOTAL
                     EDM=5.92814e-07    STRATEGY= 1      ERROR MATRIX ACCURATE 
  EXT PARAMETER                                   STEP         FIRST   
  NO.   NAME      VALUE            ERROR          SIZE      DERIVATIVE 
   1  Constant     5.13279e+01   1.01644e+01   2.84396e-03  -2.60694e-04
   2  Mean         3.54365e+02   9.20880e+00   2.56588e-03  -2.14002e-04
   3  Sigma        1.41803e+01   9.88744e+00   6.33297e-03   5.50555e-05
 FCN=1.30089 FROM MIGRAD    STATUS=CONVERGED      64 CALLS          65 TOTAL
                     EDM=1.04091e-08    STRATEGY= 1      ERROR MATRIX ACCURATE 
  EXT PARAMETER                                   STEP         FIRST   
  NO.   NAME      VALUE            ERROR          SIZE      DERIVATIVE 
   1  Constant     5.73873e+02   1.94655e+01   1.14021e-02  -1.22315e-06
   2  Mean         3.09287e+02   2.74848e-02   1.47480e-04  -2.57279e-03
   3  Sigma        9.74767e-01   2.18522e-02   4.42642e-06   1.30126e-02
 FCN=41.9926 FROM MIGRAD    STATUS=CONVERGED      58 CALLS          59 TOTAL
                     EDM=2.38846e-08    STRATEGY= 1      ERROR MATRIX ACCURATE 
  EXT PARAMETER                                   STEP         FIRST   
  NO.   NAME      VALUE            ERROR          SIZE      DERIVATIVE 
   1  Constant     3.61407e+04   1.54213e+02   3.83364e-01   1.36115e-06
   2  Mean         1.16447e+02   3.51874e-03   5.55264e-05  -4.10866e-02
   3  Sigma        1.01578e+00   2.98033e-03   2.49062e-06   1.37017e-01
 FCN=17.0356 FROM MIGRAD    STATUS=CONVERGED      56 CALLS          57 TOTAL
                     EDM=3.55214e-08    STRATEGY= 1      ERROR MATRIX ACCURATE 
  EXT PARAMETER                                   STEP         FIRST   
  NO.   NAME      VALUE            ERROR          SIZE      DERIVATIVE 
   1  Constant     4.27674e+04   1.76426e+02   2.91167e-01   1.62826e-06
   2  Mean         1.21623e+02   2.88906e-03   5.79944e-05  -4.00856e-03
   3  Sigma        8.67175e-01   2.22694e-03   1.42389e-06   3.60042e-01
 FCN=30.1174 FROM MIGRAD    STATUS=CONVERGED     188 CALLS         189 TOTAL
                     EDM=3.00866e-07    STRATEGY= 1      ERROR MATRIX ACCURATE 
  EXT PARAMETER                                   STEP         FIRST   
  NO.   NAME      VALUE            ERROR          SIZE      DERIVATIVE 
   1  Constant     1.47364e+01   5.03364e+01   2.69927e-03  -2.31893e-04
   2  Mean         2.63413e+02   2.36050e+02   6.39673e-03  -1.07674e-04
   3  Sigma        4.11160e+01   5.93429e+01   1.16354e-04  -6.58752e-03
 FCN=19.6504 FROM MIGRAD    STATUS=CONVERGED     135 CALLS         136 TOTAL
                     EDM=1.24135e-09    STRATEGY= 1      ERROR MATRIX ACCURATE 
  EXT PARAMETER                                   STEP         FIRST   
  NO.   NAME      VALUE            ERROR          SIZE      DERIVATIVE 
   1  Constant     9.78180e+00   1.63236e+00   1.34234e-03   1.62185e-05
   2  Mean         2.55250e+02   2.49234e+01   7.96310e-03   5.05337e-06
   3  Sigma        3.05948e+01   2.34593e+01   2.50721e-04  -2.30509e-04
Warning in <Fit>: Fit data is empty 
Info in <TCanvas::Print>: Current canvas added to pdf file /home/had/suharu/work/e40/ana/pdf/trigger_study/p0_04465.pdf
Info in <TCanvas::Print>: Current canvas added to pdf file /home/had/suharu/work/e40/ana/pdf/trigger_study/p0_04465.pdf
Info in <TCanvas::Print>: Current canvas added to pdf file /home/had/suharu/work/e40/ana/pdf/trigger_study/pede_04465.pdf
Info in <TCanvas::Print>: Current canvas added to pdf file /home/had/suharu/work/e40/ana/pdf/trigger_study/pede_04465.pdf
Info in <TCanvas::Print>: Current canvas added to pdf file /home/had/suharu/work/e40/ana/pdf/trigger_study/mip_04465.pdf
Info in <TCanvas::Print>: Current canvas added to pdf file /home/had/suharu/work/e40/ana/pdf/trigger_study/mip_04465.pdf
Info in <TCanvas::Print>: pdf file /home/had/suharu/work/e40/ana/pdf/trigger_study/p0_04465.pdf has been closed
Info in <TCanvas::Print>: pdf file /home/had/suharu/work/e40/ana/pdf/trigger_study/pede_04465.pdf has been closed
Info in <TCanvas::Print>: pdf file /home/had/suharu/work/e40/ana/pdf/trigger_study/mip_04465.pdf has been closed
4.05user 7.03system 0:12.13elapsed 91%CPU (0avgtext+0avgdata 305000maxresident)k
0inputs+0outputs (0major+53156minor)pagefaults 0swaps
