
Processing ../macro/hodprm/HodoParamMaker.C(4464)...
Info in <TCanvas::Print>: pdf file /home/had/suharu/work/e40/ana/pdf/trigger_study/p0_04464.pdf has been created
Info in <TCanvas::Print>: pdf file /home/had/suharu/work/e40/ana/pdf/trigger_study/pede_04464.pdf has been created
Info in <TCanvas::Print>: pdf file /home/had/suharu/work/e40/ana/pdf/trigger_study/mip_04464.pdf has been created
 FCN=2.47308 FROM MIGRAD    STATUS=CONVERGED     132 CALLS         133 TOTAL
                     EDM=7.98899e-07    STRATEGY= 1      ERROR MATRIX ACCURATE 
  EXT PARAMETER                                   STEP         FIRST   
  NO.   NAME      VALUE            ERROR          SIZE      DERIVATIVE 
   1  Constant     3.79733e+01   4.44325e+00   2.57940e-03  -1.67243e-04
   2  Mean         8.51806e+02   1.05649e+00   8.75458e-04   3.90156e-04
   3  Sigma        4.27292e+00   3.49683e+00   3.15337e-04   7.23994e-04
 FCN=0.0574754 FROM MIGRAD    STATUS=CONVERGED      73 CALLS          74 TOTAL
                     EDM=4.93113e-07    STRATEGY= 1  ERROR MATRIX UNCERTAINTY   2.7 per cent
  EXT PARAMETER                                   STEP         FIRST   
  NO.   NAME      VALUE            ERROR          SIZE      DERIVATIVE 
   1  Constant     3.99602e+01   4.48777e+00  -2.98102e-03   7.68091e-05
   2  Mean         8.81538e+02   2.33487e-01   2.87467e-04  -6.02094e-03
   3  Sigma        2.41151e+00   6.41417e-01   2.27288e-04   8.58155e-03
 FCN=87.5896 FROM MIGRAD    STATUS=CONVERGED      69 CALLS          70 TOTAL
                     EDM=4.25481e-08    STRATEGY= 1  ERROR MATRIX UNCERTAINTY   5.3 per cent
  EXT PARAMETER                                   STEP         FIRST   
  NO.   NAME      VALUE            ERROR          SIZE      DERIVATIVE 
   1  Constant     6.28956e+03   5.80257e+01   6.38727e-01   7.33668e-06
   2  Mean         1.55759e+02   1.87398e-02  -4.21286e-06   8.90742e-03
   3  Sigma        1.90708e+00   2.85466e-02  -6.87693e-05   6.69104e-02
 FCN=14.2776 FROM MIGRAD    STATUS=CONVERGED      73 CALLS          74 TOTAL
                     EDM=4.26968e-07    STRATEGY= 1      ERROR MATRIX ACCURATE 
  EXT PARAMETER                                   STEP         FIRST   
  NO.   NAME      VALUE            ERROR          SIZE      DERIVATIVE 
   1  Constant     6.78106e+03   6.03900e+01   8.38278e-02  -8.74404e-06
   2  Mean         1.24772e+02   1.41168e-02   5.94959e-05   1.61247e-02
   3  Sigma        1.58099e+00   1.67818e-02   5.47220e-06   9.41114e-02
 FCN=2.15721 FROM MIGRAD    STATUS=CONVERGED      78 CALLS          79 TOTAL
                     EDM=2.85216e-08    STRATEGY= 1      ERROR MATRIX ACCURATE 
  EXT PARAMETER                                   STEP         FIRST   
  NO.   NAME      VALUE            ERROR          SIZE      DERIVATIVE 
   1  Constant     2.13414e+00   6.18097e-01   3.50833e-04   4.67849e-04
   2  Mean         5.20971e+02   3.04608e+00   2.54015e-03  -2.02874e-05
   3  Sigma        1.14633e+01   4.62050e+00   9.02458e-05   2.29231e-03
 FCN=5.37513 FROM MIGRAD    STATUS=CONVERGED      96 CALLS          97 TOTAL
                     EDM=1.21467e-06    STRATEGY= 1      ERROR MATRIX ACCURATE 
  EXT PARAMETER                                   STEP         FIRST   
  NO.   NAME      VALUE            ERROR          SIZE      DERIVATIVE 
   1  Constant     1.90810e+00   7.00560e-01   4.94674e-04  -1.02287e-03
   2  Mean         4.99165e+02   4.03107e+00   4.54409e-03  -3.28473e-05
   3  Sigma        1.13965e+01   7.30558e+00   2.16272e-04   3.31773e-03
Warning in <Fit>: Fit data is empty 
 FCN=0.137659 FROM MIGRAD    STATUS=CONVERGED     120 CALLS         121 TOTAL
                     EDM=1.67791e-08    STRATEGY= 1      ERROR MATRIX ACCURATE 
  EXT PARAMETER                                   STEP         FIRST   
  NO.   NAME      VALUE            ERROR          SIZE      DERIVATIVE 
   1  Constant     1.35015e+02   8.07097e+00   2.77140e-03  -2.23266e-05
   2  Mean         8.73262e+02   6.51879e-01   4.16404e-04  -1.34503e-05
   3  Sigma        4.61759e+00   2.28730e+00   1.15127e-04  -7.75287e-04
 FCN=3.23817 FROM MIGRAD    STATUS=CONVERGED     130 CALLS         131 TOTAL
                     EDM=4.79599e-09    STRATEGY= 1      ERROR MATRIX ACCURATE 
  EXT PARAMETER                                   STEP         FIRST   
  NO.   NAME      VALUE            ERROR          SIZE      DERIVATIVE 
   1  Constant     1.45483e+02   8.46264e+00   5.56859e-03  -8.65185e-06
   2  Mean         8.33860e+02   6.16430e-01   5.24966e-04  -1.13610e-04
   3  Sigma        4.42484e+00   2.01513e+00   1.86384e-04  -2.06306e-04
 FCN=20.7367 FROM MIGRAD    STATUS=CONVERGED      78 CALLS          79 TOTAL
                     EDM=1.67767e-07    STRATEGY= 1      ERROR MATRIX ACCURATE 
  EXT PARAMETER                                   STEP         FIRST   
  NO.   NAME      VALUE            ERROR          SIZE      DERIVATIVE 
   1  Constant     2.48703e+03   3.48334e+01   6.18025e-02   8.49687e-06
   2  Mean         1.24272e+02   3.18949e-02   5.92575e-05   2.27636e-03
   3  Sigma        1.58774e+00   2.95299e-02   9.81366e-06   8.76350e-02
 FCN=54.1557 FROM MIGRAD    STATUS=CONVERGED      75 CALLS          76 TOTAL
                     EDM=2.26818e-07    STRATEGY= 1      ERROR MATRIX ACCURATE 
  EXT PARAMETER                                   STEP         FIRST   
  NO.   NAME      VALUE            ERROR          SIZE      DERIVATIVE 
   1  Constant     2.66852e+03   3.62315e+01   1.01505e-01   1.38114e-05
   2  Mean         1.11165e+02   2.90113e-02   7.77423e-05  -3.83921e-03
   3  Sigma        1.57792e+00   2.74269e-02   1.49828e-05   1.36473e-01
 FCN=20.1984 FROM MIGRAD    STATUS=CONVERGED     120 CALLS         121 TOTAL
                     EDM=1.04104e-08    STRATEGY= 1      ERROR MATRIX ACCURATE 
  EXT PARAMETER                                   STEP         FIRST   
  NO.   NAME      VALUE            ERROR          SIZE      DERIVATIVE 
   1  Constant     2.19534e+00   4.87002e-01   7.13530e-04   1.79769e-04
   2  Mean         5.80864e+02   3.22565e+00   6.79067e-03   3.78862e-05
   3  Sigma        1.27590e+01   5.90604e+00   3.02668e-04   1.15607e-05
 FCN=24.8794 FROM MIGRAD    STATUS=CONVERGED     109 CALLS         110 TOTAL
                     EDM=3.46339e-07    STRATEGY= 1      ERROR MATRIX ACCURATE 
  EXT PARAMETER                                   STEP         FIRST   
  NO.   NAME      VALUE            ERROR          SIZE      DERIVATIVE 
   1  Constant     2.76948e+00   4.75727e-01   7.93160e-04  -1.54866e-03
   2  Mean         5.46285e+02   3.98781e+00   9.74242e-03  -1.41170e-04
   3  Sigma        1.69538e+01   8.59815e+00   4.27525e-04  -7.75413e-04
Warning in <Fit>: Fit data is empty 
 FCN=0.760757 FROM MIGRAD    STATUS=CONVERGED     125 CALLS         126 TOTAL
                     EDM=1.96146e-08    STRATEGY= 1      ERROR MATRIX ACCURATE 
  EXT PARAMETER                                   STEP         FIRST   
  NO.   NAME      VALUE            ERROR          SIZE      DERIVATIVE 
   1  Constant     2.33420e+02   1.06313e+01   4.52004e-03   4.35088e-06
   2  Mean         8.35250e+02   5.66238e-01   3.98278e-04  -3.65796e-04
   3  Sigma        4.92199e+00   2.12289e+00   1.29691e-04  -1.96371e-04
 FCN=4.86468 FROM MIGRAD    STATUS=CONVERGED     211 CALLS         212 TOTAL
                     EDM=3.14665e-07    STRATEGY= 1      ERROR MATRIX ACCURATE 
  EXT PARAMETER                                   STEP         FIRST   
  NO.   NAME      VALUE            ERROR          SIZE      DERIVATIVE 
   1  Constant     2.52549e+02   1.01778e+01   8.44590e-03   2.14190e-05
   2  Mean         8.66932e+02   4.05816e+00   3.38052e-03   1.52436e-04
   3  Sigma        1.41636e+01   1.17161e+01   5.28151e-03** at limit **
 FCN=20.7689 FROM MIGRAD    STATUS=CONVERGED      79 CALLS          80 TOTAL
                     EDM=1.07979e-08    STRATEGY= 1      ERROR MATRIX ACCURATE 
  EXT PARAMETER                                   STEP         FIRST   
  NO.   NAME      VALUE            ERROR          SIZE      DERIVATIVE 
   1  Constant     1.27016e+03   2.54375e+01   4.57388e-02  -2.40991e-06
   2  Mean         1.24189e+02   3.49958e-02   6.16541e-05  -2.79678e-03
   3  Sigma        1.40226e+00   2.99772e-02   1.17617e-05   1.64048e-02
 FCN=36.3149 FROM MIGRAD    STATUS=CONVERGED      77 CALLS          78 TOTAL
                     EDM=1.23276e-07    STRATEGY= 1      ERROR MATRIX ACCURATE 
  EXT PARAMETER                                   STEP         FIRST   
  NO.   NAME      VALUE            ERROR          SIZE      DERIVATIVE 
   1  Constant     1.12384e+03   2.32491e+01   5.40704e-02   1.57921e-05
   2  Mean         8.71485e+01   4.47469e-02   9.89468e-05  -2.34355e-03
   3  Sigma        1.58408e+00   4.15311e-02   1.87602e-05   6.76558e-02
 FCN=34.2371 FROM MIGRAD    STATUS=CONVERGED      97 CALLS          98 TOTAL
                     EDM=8.50562e-09    STRATEGY= 1      ERROR MATRIX ACCURATE 
  EXT PARAMETER                                   STEP         FIRST   
  NO.   NAME      VALUE            ERROR          SIZE      DERIVATIVE 
   1  Constant     7.62378e+00   7.39769e-01   1.64778e-03  -7.13445e-05
   2  Mean         4.80031e+02   3.03936e+00   4.40342e-03  -5.61266e-05
   3  Sigma        1.35559e+01   3.20996e+00   1.31230e-04   7.22406e-04
 FCN=35.177 FROM MIGRAD    STATUS=CONVERGED     261 CALLS         262 TOTAL
                     EDM=1.08861e-07    STRATEGY= 1      ERROR MATRIX ACCURATE 
  EXT PARAMETER                                   STEP         FIRST   
  NO.   NAME      VALUE            ERROR          SIZE      DERIVATIVE 
   1  Constant     6.78576e+00   2.58504e+00   1.45468e-03   8.04215e-04
   2  Mean         4.38524e+02   7.24314e+01   4.06745e-02   2.58084e-05
   3  Sigma        8.97288e+01   8.76650e+01   1.04120e-02** at limit **
Warning in <Fit>: Fit data is empty 
 FCN=0.394694 FROM MIGRAD    STATUS=CONVERGED     154 CALLS         155 TOTAL
                     EDM=2.16469e-08    STRATEGY= 1      ERROR MATRIX ACCURATE 
  EXT PARAMETER                                   STEP         FIRST   
  NO.   NAME      VALUE            ERROR          SIZE      DERIVATIVE 
   1  Constant     2.95742e+02   1.09581e+01   4.51324e-03  -2.44265e-05
   2  Mean         8.88252e+02   1.08936e+00   4.23552e-04   1.36773e-04
   3  Sigma        5.97985e+00   3.26243e+00   1.29744e-04  -7.31734e-04
 FCN=1.69783 FROM MIGRAD    STATUS=CONVERGED     200 CALLS         201 TOTAL
                     EDM=5.84063e-07    STRATEGY= 1      ERROR MATRIX ACCURATE 
  EXT PARAMETER                                   STEP         FIRST   
  NO.   NAME      VALUE            ERROR          SIZE      DERIVATIVE 
   1  Constant     2.84399e+02   1.02294e+01   6.07389e-03  -7.14729e-05
   2  Mean         8.92220e+02   3.84872e+00   2.32807e-03  -6.31900e-05
   3  Sigma        1.42017e+01   1.40491e+01   2.82621e-03  -2.62626e-04
 FCN=1.60088 FROM MIGRAD    STATUS=CONVERGED     129 CALLS         130 TOTAL
                     EDM=1.70343e-07    STRATEGY= 1  ERROR MATRIX UNCERTAINTY   2.8 per cent
  EXT PARAMETER                                   STEP         FIRST   
  NO.   NAME      VALUE            ERROR          SIZE      DERIVATIVE 
   1  Constant     6.92395e+02   1.87588e+01   5.29264e-02  -3.78735e-06
   2  Mean         1.70400e+02   4.28958e-01   2.05839e-03  -2.81873e-04
   3  Sigma        5.86772e+00   2.12597e+00  -5.23169e-04   2.33190e-03
 FCN=6.63074 FROM MIGRAD    STATUS=CONVERGED      79 CALLS          80 TOTAL
                     EDM=1.14746e-07    STRATEGY= 1  ERROR MATRIX UNCERTAINTY   2.1 per cent
  EXT PARAMETER                                   STEP         FIRST   
  NO.   NAME      VALUE            ERROR          SIZE      DERIVATIVE 
   1  Constant     7.30786e+02   1.89876e+01  -1.87640e-02  -2.20413e-05
   2  Mean         1.40765e+02   8.33442e-02   2.83790e-04   3.22867e-03
   3  Sigma        2.36761e+00   1.46862e-01  -2.40634e-04   4.23543e-03
 FCN=30.3745 FROM MIGRAD    STATUS=CONVERGED      93 CALLS          94 TOTAL
                     EDM=1.19163e-06    STRATEGY= 1      ERROR MATRIX ACCURATE 
  EXT PARAMETER                                   STEP         FIRST   
  NO.   NAME      VALUE            ERROR          SIZE      DERIVATIVE 
   1  Constant     9.76977e+00   8.37946e-01   1.65677e-03   1.35367e-03
   2  Mean         4.37677e+02   2.29002e+00   5.26157e-03   5.26340e-04
   3  Sigma        1.63976e+01   3.84996e+00   2.00020e-04   3.86855e-03
 FCN=30.9571 FROM MIGRAD    STATUS=CONVERGED     121 CALLS         122 TOTAL
                     EDM=3.51924e-07    STRATEGY= 1      ERROR MATRIX ACCURATE 
  EXT PARAMETER                                   STEP         FIRST   
  NO.   NAME      VALUE            ERROR          SIZE      DERIVATIVE 
   1  Constant     8.78174e+00   7.16392e-01   1.52024e-03   1.17085e-03
   2  Mean         4.89944e+02   7.68259e+00   1.26026e-02   4.54495e-05
   3  Sigma        2.63145e+01   1.49435e+01   5.36611e-04   1.23380e-04
Warning in <Fit>: Fit data is empty 
 FCN=3.15733 FROM MIGRAD    STATUS=CONVERGED     119 CALLS         120 TOTAL
                     EDM=5.39131e-09    STRATEGY= 1      ERROR MATRIX ACCURATE 
  EXT PARAMETER                                   STEP         FIRST   
  NO.   NAME      VALUE            ERROR          SIZE      DERIVATIVE 
   1  Constant     2.40379e+02   1.02491e+01   7.34775e-03   1.16738e-05
   2  Mean         8.04231e+02   3.27696e-01   3.83487e-04  -4.44775e-04
   3  Sigma        3.07211e+00   5.54759e-01   4.74568e-05   1.94864e-03
 FCN=0.151749 FROM MIGRAD    STATUS=CONVERGED     100 CALLS         101 TOTAL
                     EDM=3.51293e-10    STRATEGY= 1  ERROR MATRIX UNCERTAINTY   1.5 per cent
  EXT PARAMETER                                   STEP         FIRST   
  NO.   NAME      VALUE            ERROR          SIZE      DERIVATIVE 
   1  Constant     2.42724e+02   1.09570e+01  -3.96502e-03  -1.83537e-06
   2  Mean         7.98490e+02   2.52089e-01  -2.94370e-04  -8.72818e-05
   3  Sigma        3.39822e+00   7.04691e-01  -2.23055e-04   8.40128e-05
 FCN=0.649293 FROM MIGRAD    STATUS=CONVERGED      88 CALLS          89 TOTAL
                     EDM=6.46879e-10    STRATEGY= 1  ERROR MATRIX UNCERTAINTY   2.4 per cent
  EXT PARAMETER                                   STEP         FIRST   
  NO.   NAME      VALUE            ERROR          SIZE      DERIVATIVE 
   1  Constant     2.60227e+03   3.62229e+01   3.41247e-02  -1.30357e-06
   2  Mean         1.42712e+02   5.05263e-02  -5.08658e-05   5.62579e-04
   3  Sigma        2.62482e+00   1.04496e-01  -1.43600e-05  -7.58545e-04
 FCN=19.3391 FROM MIGRAD    STATUS=CONVERGED     100 CALLS         101 TOTAL
                     EDM=3.37814e-07    STRATEGY= 1      ERROR MATRIX ACCURATE 
  EXT PARAMETER                                   STEP         FIRST   
  NO.   NAME      VALUE            ERROR          SIZE      DERIVATIVE 
   1  Constant     1.51441e+03   2.78833e+01   4.09413e-02  -3.83903e-05
   2  Mean         1.40437e+02   6.56468e-02   1.44708e-04  -5.48906e-03
   3  Sigma        2.68130e+00   1.45991e-01   4.00289e-05  -2.09600e-02
 FCN=31.9624 FROM MIGRAD    STATUS=CONVERGED      92 CALLS          93 TOTAL
                     EDM=1.61905e-10    STRATEGY= 1      ERROR MATRIX ACCURATE 
  EXT PARAMETER                                   STEP         FIRST   
  NO.   NAME      VALUE            ERROR          SIZE      DERIVATIVE 
   1  Constant     1.20549e+01   9.42218e-01   1.96410e-03   1.63937e-05
   2  Mean         2.36820e+02   1.54684e+00   3.34200e-03  -1.85906e-06
   3  Sigma        1.30747e+01   1.97233e+00   1.10993e-04   3.92080e-04
 FCN=34.5009 FROM MIGRAD    STATUS=CONVERGED      86 CALLS          87 TOTAL
                     EDM=1.74847e-08    STRATEGY= 1      ERROR MATRIX ACCURATE 
  EXT PARAMETER                                   STEP         FIRST   
  NO.   NAME      VALUE            ERROR          SIZE      DERIVATIVE 
   1  Constant     7.02890e+00   7.14712e-01   1.63440e-03   1.66578e-04
   2  Mean         3.98156e+02   2.04563e+00   3.87556e-03  -4.76283e-05
   3  Sigma        1.19113e+01   2.01885e+00   1.15172e-04   1.54029e-03
Warning in <Fit>: Fit data is empty 
 FCN=0.0128723 FROM MIGRAD    STATUS=CONVERGED     108 CALLS         109 TOTAL
                     EDM=1.21516e-06    STRATEGY= 1      ERROR MATRIX ACCURATE 
  EXT PARAMETER                                   STEP         FIRST   
  NO.   NAME      VALUE            ERROR          SIZE      DERIVATIVE 
   1  Constant     2.48604e+02   1.09521e+01   3.56839e-03  -8.78168e-05
   2  Mean         7.88229e+02   4.00481e-01   3.75857e-04   2.80946e-03
   3  Sigma        4.17879e+00   1.27443e+00   6.08048e-05  -5.51179e-03
 FCN=7.27681 FROM MIGRAD    STATUS=CONVERGED     133 CALLS         134 TOTAL
                     EDM=2.82859e-07    STRATEGY= 1      ERROR MATRIX ACCURATE 
  EXT PARAMETER                                   STEP         FIRST   
  NO.   NAME      VALUE            ERROR          SIZE      DERIVATIVE 
   1  Constant     2.71906e+02   1.10285e+01   1.06113e-02  -4.50680e-05
   2  Mean         9.52155e+02   7.18158e-01   6.32158e-04  -2.92114e-04
   3  Sigma        4.96080e+00   2.07580e+00   2.16991e-04   1.34709e-03
 FCN=43.7008 FROM MIGRAD    STATUS=CONVERGED      78 CALLS          79 TOTAL
                     EDM=2.12471e-07    STRATEGY= 1      ERROR MATRIX ACCURATE 
  EXT PARAMETER                                   STEP         FIRST   
  NO.   NAME      VALUE            ERROR          SIZE      DERIVATIVE 
   1  Constant     1.55433e+03   2.74107e+01   7.09301e-02  -1.18052e-05
   2  Mean         1.14217e+02   3.66339e-02   8.70219e-05  -1.18462e-02
   3  Sigma        1.50798e+00   3.17376e-02   1.62000e-05   6.89532e-02
 FCN=36.3956 FROM MIGRAD    STATUS=CONVERGED      76 CALLS          77 TOTAL
                     EDM=5.10578e-07    STRATEGY= 1      ERROR MATRIX ACCURATE 
  EXT PARAMETER                                   STEP         FIRST   
  NO.   NAME      VALUE            ERROR          SIZE      DERIVATIVE 
   1  Constant     1.56194e+03   2.74780e+01   6.17359e-02   1.87470e-05
   2  Mean         1.27076e+02   4.29775e-02   9.65160e-05  -1.38889e-03
   3  Sigma        1.76088e+00   4.63716e-02   1.93156e-05   1.20982e-01
 FCN=50.706 FROM MIGRAD    STATUS=CONVERGED     104 CALLS         105 TOTAL
                     EDM=4.94462e-08    STRATEGY= 1      ERROR MATRIX ACCURATE 
  EXT PARAMETER                                   STEP         FIRST   
  NO.   NAME      VALUE            ERROR          SIZE      DERIVATIVE 
   1  Constant     6.18903e+00   7.55839e-01   1.72650e-03   3.31911e-04
   2  Mean         3.83263e+02   2.03782e+00   6.81156e-03   1.04868e-04
   3  Sigma        1.43444e+01   3.92788e+00   2.75649e-04   2.02093e-03
 FCN=62.0573 FROM MIGRAD    STATUS=CONVERGED     117 CALLS         118 TOTAL
                     EDM=1.37506e-07    STRATEGY= 1      ERROR MATRIX ACCURATE 
  EXT PARAMETER                                   STEP         FIRST   
  NO.   NAME      VALUE            ERROR          SIZE      DERIVATIVE 
   1  Constant     4.64472e+00   7.91639e-01   1.68597e-03  -8.60787e-04
   2  Mean         3.95189e+02   2.18060e+00   6.99776e-03   1.97760e-04
   3  Sigma        1.24418e+01   4.29919e+00   2.84774e-04  -4.63629e-03
Warning in <Fit>: Fit data is empty 
 FCN=1.65862 FROM MIGRAD    STATUS=CONVERGED     129 CALLS         130 TOTAL
                     EDM=1.09062e-09    STRATEGY= 1  ERROR MATRIX UNCERTAINTY   2.4 per cent
  EXT PARAMETER                                   STEP         FIRST   
  NO.   NAME      VALUE            ERROR          SIZE      DERIVATIVE 
   1  Constant     2.34873e+02   1.04843e+01   1.08658e-02  -8.14413e-06
   2  Mean         7.83935e+02   8.23683e-01  -1.92913e-04  -1.14299e-05
   3  Sigma        5.57458e+00   3.07899e+00  -3.47044e-04  -9.43570e-05
 FCN=0.771336 FROM MIGRAD    STATUS=CONVERGED     104 CALLS         105 TOTAL
                     EDM=2.80619e-07    STRATEGY= 1      ERROR MATRIX ACCURATE 
  EXT PARAMETER                                   STEP         FIRST   
  NO.   NAME      VALUE            ERROR          SIZE      DERIVATIVE 
   1  Constant     2.57631e+02   1.12168e+01   4.82171e-03   2.98639e-05
   2  Mean         9.65210e+02   3.53556e-01   4.60248e-04  -8.53507e-04
   3  Sigma        3.92887e+00   1.05932e+00   6.78347e-05  -3.04320e-03
 FCN=31.8163 FROM MIGRAD    STATUS=CONVERGED      78 CALLS          79 TOTAL
                     EDM=2.2347e-07    STRATEGY= 1      ERROR MATRIX ACCURATE 
  EXT PARAMETER                                   STEP         FIRST   
  NO.   NAME      VALUE            ERROR          SIZE      DERIVATIVE 
   1  Constant     1.83140e+03   3.02676e+01   6.23859e-02   9.54216e-06
   2  Mean         1.52935e+02   3.53577e-02   8.26130e-05  -6.89253e-04
   3  Sigma        1.74801e+00   4.13241e-02   1.72357e-05   8.76475e-02
 FCN=69.6172 FROM MIGRAD    STATUS=CONVERGED      75 CALLS          76 TOTAL
                     EDM=1.52013e-07    STRATEGY= 1      ERROR MATRIX ACCURATE 
  EXT PARAMETER                                   STEP         FIRST   
  NO.   NAME      VALUE            ERROR          SIZE      DERIVATIVE 
   1  Constant     1.63928e+03   2.83958e+01   8.54298e-02  -1.95193e-06
   2  Mean         1.51971e+02   4.37876e-02   1.39488e-04   6.61671e-03
   3  Sigma        1.85432e+00   5.20021e-02   2.89897e-05  -6.15652e-02
 FCN=25.3379 FROM MIGRAD    STATUS=CONVERGED     459 CALLS         460 TOTAL
                     EDM=8.00992e-08    STRATEGY= 1      ERROR MATRIX ACCURATE 
  EXT PARAMETER                                   STEP         FIRST   
  NO.   NAME      VALUE            ERROR          SIZE      DERIVATIVE 
   1  Constant     1.59803e+01   2.09457e+01   3.21598e-03  -2.40559e-04
   2  Mean         5.21033e+02   7.70816e+01   1.18527e-02   6.75772e-05
   3  Sigma        8.92243e+01   8.06305e+01   9.33163e-03** at limit **
 FCN=27.5827 FROM MIGRAD    STATUS=CONVERGED     122 CALLS         123 TOTAL
                     EDM=3.83563e-09    STRATEGY= 1      ERROR MATRIX ACCURATE 
  EXT PARAMETER                                   STEP         FIRST   
  NO.   NAME      VALUE            ERROR          SIZE      DERIVATIVE 
   1  Constant     4.36893e+00   6.04355e-01   1.05243e-03  -6.05221e-05
   2  Mean         4.38554e+02   3.88440e+00   9.89909e-03  -1.14747e-05
   3  Sigma        1.87883e+01   9.23459e+00   4.54722e-04   1.36380e-04
Warning in <Fit>: Fit data is empty 
 FCN=1.69967 FROM MIGRAD    STATUS=CONVERGED     123 CALLS         124 TOTAL
                     EDM=2.49486e-09    STRATEGY= 1  ERROR MATRIX UNCERTAINTY   2.4 per cent
  EXT PARAMETER                                   STEP         FIRST   
  NO.   NAME      VALUE            ERROR          SIZE      DERIVATIVE 
   1  Constant     2.54955e+02   1.01142e+01  -4.80227e-03   7.43285e-06
   2  Mean         8.13618e+02   9.95825e-01  -4.49203e-04  -4.18780e-05
   3  Sigma        5.13501e+00   2.38438e+00   2.48075e-06  -1.36471e-04
 FCN=11.0585 FROM MIGRAD    STATUS=CONVERGED     176 CALLS         177 TOTAL
                     EDM=4.61683e-07    STRATEGY= 1      ERROR MATRIX ACCURATE 
  EXT PARAMETER                                   STEP         FIRST   
  NO.   NAME      VALUE            ERROR          SIZE      DERIVATIVE 
   1  Constant     2.68390e+02   7.25302e+01   1.31620e-02  -6.45202e-05
   2  Mean         9.58568e+02   1.12492e+01   9.04233e-04   4.65705e-04
   3  Sigma        8.80401e+00   1.14014e+01   2.34684e-04  -6.85003e-04
 FCN=75.6665 FROM MIGRAD    STATUS=CONVERGED      82 CALLS          83 TOTAL
                     EDM=4.81514e-08    STRATEGY= 1      ERROR MATRIX ACCURATE 
  EXT PARAMETER                                   STEP         FIRST   
  NO.   NAME      VALUE            ERROR          SIZE      DERIVATIVE 
   1  Constant     1.77831e+03   2.96679e+01   9.50324e-02   4.20979e-06
   2  Mean         1.33996e+02   3.66430e-02   1.22292e-04  -1.64299e-04
   3  Sigma        1.69004e+00   3.90242e-02   2.44519e-05   4.12131e-02
 FCN=39.2456 FROM MIGRAD    STATUS=CONVERGED      75 CALLS          76 TOTAL
                     EDM=1.7959e-09    STRATEGY= 1  ERROR MATRIX UNCERTAINTY   2.0 per cent
  EXT PARAMETER                                   STEP         FIRST   
  NO.   NAME      VALUE            ERROR          SIZE      DERIVATIVE 
   1  Constant     2.07398e+03   3.23386e+01  -1.66074e-02  -1.79389e-06
   2  Mean         1.55747e+02   4.30440e-02   1.00103e-05   8.04063e-04
   3  Sigma        2.17633e+00   6.97175e-02  -4.76163e-05   5.89880e-04
 FCN=33.0171 FROM MIGRAD    STATUS=CONVERGED     125 CALLS         126 TOTAL
                     EDM=6.35269e-10    STRATEGY= 1      ERROR MATRIX ACCURATE 
  EXT PARAMETER                                   STEP         FIRST   
  NO.   NAME      VALUE            ERROR          SIZE      DERIVATIVE 
   1  Constant     1.07545e+01   7.87621e-01   1.75083e-03  -3.83061e-05
   2  Mean         3.26211e+02   6.73680e+00   9.86886e-03  -5.37552e-06
   3  Sigma        2.44196e+01   1.13630e+01   3.84266e-04  -6.19980e-05
 FCN=21.3599 FROM MIGRAD    STATUS=CONVERGED     140 CALLS         141 TOTAL
                     EDM=4.59066e-07    STRATEGY= 1      ERROR MATRIX ACCURATE 
  EXT PARAMETER                                   STEP         FIRST   
  NO.   NAME      VALUE            ERROR          SIZE      DERIVATIVE 
   1  Constant     1.45985e+01   9.36888e-01   1.63713e-03   9.62132e-04
   2  Mean         2.88290e+02   1.04541e+01   9.83082e-03   7.72765e-06
   3  Sigma        3.09514e+01   1.94782e+01   4.33488e-04  -2.50840e-04
Warning in <Fit>: Fit data is empty 
 FCN=3.62048 FROM MIGRAD    STATUS=CONVERGED     194 CALLS         195 TOTAL
                     EDM=5.11164e-08    STRATEGY= 1      ERROR MATRIX ACCURATE 
  EXT PARAMETER                                   STEP         FIRST   
  NO.   NAME      VALUE            ERROR          SIZE      DERIVATIVE 
   1  Constant     2.69617e+02   1.11564e+02   8.23609e-03   1.07933e-05
   2  Mean         7.50642e+02   1.93756e+01   6.80036e-04   8.34122e-05
   3  Sigma        1.14972e+01   1.03985e+01   2.17523e-04   4.73978e-05
 FCN=1.69081 FROM MIGRAD    STATUS=CONVERGED     107 CALLS         108 TOTAL
                     EDM=4.61623e-08    STRATEGY= 1      ERROR MATRIX ACCURATE 
  EXT PARAMETER                                   STEP         FIRST   
  NO.   NAME      VALUE            ERROR          SIZE      DERIVATIVE 
   1  Constant     2.36462e+02   1.08575e+01   5.72041e-03   2.74586e-05
   2  Mean         9.72750e+02   3.09522e-01   4.63843e-04   6.74965e-04
   3  Sigma        3.63997e+00   8.91162e-01   7.37296e-05   6.88303e-04
 FCN=1.21578 FROM MIGRAD    STATUS=CONVERGED     113 CALLS         114 TOTAL
                     EDM=4.47913e-08    STRATEGY= 1      ERROR MATRIX ACCURATE 
  EXT PARAMETER                                   STEP         FIRST   
  NO.   NAME      VALUE            ERROR          SIZE      DERIVATIVE 
   1  Constant     1.23227e+03   2.40839e+01   1.20848e-02   1.70469e-05
   2  Mean         1.39949e+02   1.10228e-01   6.67327e-05   1.58676e-04
   3  Sigma        3.01190e+00   2.24342e-01   1.68851e-05   7.89401e-03
 FCN=2.4128 FROM MIGRAD    STATUS=CONVERGED      77 CALLS          78 TOTAL
                     EDM=6.79439e-07    STRATEGY= 1      ERROR MATRIX ACCURATE 
  EXT PARAMETER                                   STEP         FIRST   
  NO.   NAME      VALUE            ERROR          SIZE      DERIVATIVE 
   1  Constant     1.11647e+03   2.37771e+01   1.57167e-02   4.43193e-05
   2  Mean         1.00988e+02   4.58115e-02   4.81549e-05  -1.64798e-02
   3  Sigma        1.75761e+00   5.45598e-02   7.26557e-06   1.44689e-01
 FCN=30.5477 FROM MIGRAD    STATUS=CONVERGED     237 CALLS         238 TOTAL
                     EDM=6.95994e-07    STRATEGY= 1  ERROR MATRIX UNCERTAINTY   9.1 per cent
  EXT PARAMETER                                   STEP         FIRST   
  NO.   NAME      VALUE            ERROR          SIZE      DERIVATIVE 
   1  Constant     7.65962e+00   1.50477e+00  -1.43839e-03   1.89510e-03
   2  Mean         4.43681e+02   6.15395e+01   7.73220e-02   3.86688e-05
   3  Sigma        8.95788e+01   7.01958e+01   1.21160e-03  -2.89928e-04
 FCN=22.1694 FROM MIGRAD    STATUS=CONVERGED     124 CALLS         125 TOTAL
                     EDM=1.55452e-07    STRATEGY= 1      ERROR MATRIX ACCURATE 
  EXT PARAMETER                                   STEP         FIRST   
  NO.   NAME      VALUE            ERROR          SIZE      DERIVATIVE 
   1  Constant     6.72230e+00   1.26078e+00   1.20983e-03   9.70852e-04
   2  Mean         6.08415e+02   2.24488e+01   7.89402e-03  -1.63331e-04
   3  Sigma        2.63650e+01   2.00472e+01   2.36648e-04   4.99754e-03
Warning in <Fit>: Fit data is empty 
 FCN=1.90367 FROM MIGRAD    STATUS=CONVERGED      97 CALLS          98 TOTAL
                     EDM=1.4497e-08    STRATEGY= 1  ERROR MATRIX UNCERTAINTY   3.4 per cent
  EXT PARAMETER                                   STEP         FIRST   
  NO.   NAME      VALUE            ERROR          SIZE      DERIVATIVE 
   1  Constant     1.47920e+02   7.77208e+00  -1.79701e-02   1.11730e-05
   2  Mean         7.94353e+02   7.66121e-01  -2.18295e-03  -5.54384e-04
   3  Sigma        3.96864e+00   1.51579e+00   1.83316e-04   1.59620e-03
 FCN=0.546614 FROM MIGRAD    STATUS=CONVERGED      95 CALLS          96 TOTAL
                     EDM=1.62516e-09    STRATEGY= 1      ERROR MATRIX ACCURATE 
  EXT PARAMETER                                   STEP         FIRST   
  NO.   NAME      VALUE            ERROR          SIZE      DERIVATIVE 
   1  Constant     1.67823e+02   9.12535e+00   3.84462e-03  -6.20121e-06
   2  Mean         9.35057e+02   1.88387e-01   4.45870e-04  -3.02856e-04
   3  Sigma        2.37986e+00   3.17390e-01   2.32087e-05  -9.29740e-04
 FCN=63.8044 FROM MIGRAD    STATUS=CONVERGED      75 CALLS          76 TOTAL
                     EDM=1.95295e-08    STRATEGY= 1      ERROR MATRIX ACCURATE 
  EXT PARAMETER                                   STEP         FIRST   
  NO.   NAME      VALUE            ERROR          SIZE      DERIVATIVE 
   1  Constant     2.60361e+03   3.74925e+01   1.11348e-01  -9.48597e-07
   2  Mean         1.58923e+02   2.16664e-02   7.57803e-05  -8.22422e-03
   3  Sigma        1.41275e+00   2.10469e-02   1.47934e-05   3.25348e-02
 FCN=60.1093 FROM MIGRAD    STATUS=CONVERGED      82 CALLS          83 TOTAL
                     EDM=1.93328e-07    STRATEGY= 1      ERROR MATRIX ACCURATE 
  EXT PARAMETER                                   STEP         FIRST   
  NO.   NAME      VALUE            ERROR          SIZE      DERIVATIVE 
   1  Constant     2.60892e+03   3.72338e+01   9.81524e-02   1.77462e-05
   2  Mean         1.26449e+02   2.95701e-02   1.12670e-04  -9.12140e-03
   3  Sigma        1.96121e+00   4.70692e-02   2.68682e-05   7.96177e-02
 FCN=26.8183 FROM MIGRAD    STATUS=CONVERGED     268 CALLS         269 TOTAL
                     EDM=9.7663e-08    STRATEGY= 1      ERROR MATRIX ACCURATE 
  EXT PARAMETER                                   STEP         FIRST   
  NO.   NAME      VALUE            ERROR          SIZE      DERIVATIVE 
   1  Constant     2.72914e+00   4.63420e-01   7.94827e-04   2.65228e-04
   2  Mean         6.51946e+02   9.40105e+01   1.61608e-01   4.79677e-06
   3  Sigma        8.59713e+01   7.14457e+01   4.38675e-02   1.34053e-05
 FCN=27.1381 FROM MIGRAD    STATUS=CONVERGED     111 CALLS         112 TOTAL
                     EDM=2.0757e-10    STRATEGY= 1      ERROR MATRIX ACCURATE 
  EXT PARAMETER                                   STEP         FIRST   
  NO.   NAME      VALUE            ERROR          SIZE      DERIVATIVE 
   1  Constant     5.66816e+00   6.34799e-01   1.21974e-03   3.41896e-05
   2  Mean         4.84491e+02   2.91100e+00   5.26682e-03   3.04328e-06
   3  Sigma        1.44081e+01   3.81149e+00   1.72661e-04   2.73597e-04
Warning in <Fit>: Fit data is empty 
 FCN=1.64122 FROM MIGRAD    STATUS=CONVERGED     213 CALLS         214 TOTAL
                     EDM=8.96482e-07    STRATEGY= 1      ERROR MATRIX ACCURATE 
  EXT PARAMETER                                   STEP         FIRST   
  NO.   NAME      VALUE            ERROR          SIZE      DERIVATIVE 
   1  Constant     5.96982e+01   7.69235e+00   2.77526e-03  -3.73857e-04
   2  Mean         7.66281e+02   8.30530e+00   2.99995e-03   3.29418e-04
   3  Sigma        1.41153e+01   7.49432e+00   1.04330e-02   2.18376e-05
 FCN=6.16305 FROM MIGRAD    STATUS=CONVERGED     199 CALLS         200 TOTAL
                     EDM=7.18119e-09    STRATEGY= 1      ERROR MATRIX ACCURATE 
  EXT PARAMETER                                   STEP         FIRST   
  NO.   NAME      VALUE            ERROR          SIZE      DERIVATIVE 
   1  Constant     5.55424e+01   3.88866e+00   4.37056e-03   2.71365e-05
   2  Mean         9.39337e+02   8.51604e+00   9.55956e-03  -1.44253e-05
   3  Sigma        1.40917e+01   1.26861e+01   1.93230e-02** at limit **
 FCN=5.81683 FROM MIGRAD    STATUS=CONVERGED      97 CALLS          98 TOTAL
                     EDM=1.31132e-09    STRATEGY= 1      ERROR MATRIX ACCURATE 
  EXT PARAMETER                                   STEP         FIRST   
  NO.   NAME      VALUE            ERROR          SIZE      DERIVATIVE 
   1  Constant     3.35365e+03   4.12133e+01   3.69016e-02   1.39411e-06
   2  Mean         1.46810e+02   3.11326e-02   7.00045e-05   4.49617e-04
   3  Sigma        2.06504e+00   4.74447e-02   8.34559e-06   6.01450e-03
 FCN=113.828 FROM MIGRAD    STATUS=CONVERGED      68 CALLS          69 TOTAL
                     EDM=5.81723e-09    STRATEGY= 1  ERROR MATRIX UNCERTAINTY   4.3 per cent
  EXT PARAMETER                                   STEP         FIRST   
  NO.   NAME      VALUE            ERROR          SIZE      DERIVATIVE 
   1  Constant     4.23581e+03   4.79625e+01   2.86667e-01   3.11274e-06
   2  Mean         1.30439e+02   2.09826e-02  -2.76918e-05  -3.60821e-03
   3  Sigma        1.83858e+00   3.15044e-02  -3.96877e-05   2.46762e-02
 FCN=7.6374 FROM MIGRAD    STATUS=CONVERGED     282 CALLS         283 TOTAL
                     EDM=6.78306e-06    STRATEGY= 1      ERROR MATRIX ACCURATE 
  EXT PARAMETER                                   STEP         FIRST   
  NO.   NAME      VALUE            ERROR          SIZE      DERIVATIVE 
   1  Constant     1.79107e+00   1.56200e+00   4.31669e-04  -3.82771e-05
   2  Mean         6.15506e+02   1.46335e+02   4.07021e-02   1.87725e-05
   3  Sigma        7.73247e+01   6.54019e+01   1.17278e-02   3.16747e-04
 FCN=7.45874 FROM MIGRAD    STATUS=CONVERGED     132 CALLS         133 TOTAL
                     EDM=6.77388e-08    STRATEGY= 1      ERROR MATRIX ACCURATE 
  EXT PARAMETER                                   STEP         FIRST   
  NO.   NAME      VALUE            ERROR          SIZE      DERIVATIVE 
   1  Constant     1.66131e+00   3.97716e-01   4.01044e-04   1.04163e-03
   2  Mean         5.09511e+02   1.06665e+01   1.14465e-02   3.54690e-05
   3  Sigma        2.04052e+01   2.03381e+01   5.01825e-04   7.17357e-04
Warning in <Fit>: Fit data is empty 
Info in <TCanvas::Print>: Current canvas added to pdf file /home/had/suharu/work/e40/ana/pdf/trigger_study/p0_04464.pdf
Info in <TCanvas::Print>: Current canvas added to pdf file /home/had/suharu/work/e40/ana/pdf/trigger_study/p0_04464.pdf
Info in <TCanvas::Print>: Current canvas added to pdf file /home/had/suharu/work/e40/ana/pdf/trigger_study/pede_04464.pdf
Info in <TCanvas::Print>: Current canvas added to pdf file /home/had/suharu/work/e40/ana/pdf/trigger_study/pede_04464.pdf
Info in <TCanvas::Print>: Current canvas added to pdf file /home/had/suharu/work/e40/ana/pdf/trigger_study/mip_04464.pdf
Info in <TCanvas::Print>: Current canvas added to pdf file /home/had/suharu/work/e40/ana/pdf/trigger_study/mip_04464.pdf
 FCN=0.734002 FROM MIGRAD    STATUS=CONVERGED      99 CALLS         100 TOTAL
                     EDM=1.09141e-09    STRATEGY= 1  ERROR MATRIX UNCERTAINTY   2.4 per cent
  EXT PARAMETER                                   STEP         FIRST   
  NO.   NAME      VALUE            ERROR          SIZE      DERIVATIVE 
   1  Constant     2.15658e+02   1.01526e+01  -7.63557e-03   9.01559e-06
   2  Mean         3.48004e+02   2.65609e-01  -1.68609e-04  -8.86069e-05
   3  Sigma        2.97255e+00   5.27112e-01   1.52056e-06   8.46680e-04
 FCN=3.25584 FROM MIGRAD    STATUS=CONVERGED     107 CALLS         108 TOTAL
                     EDM=4.27085e-07    STRATEGY= 1      ERROR MATRIX ACCURATE 
  EXT PARAMETER                                   STEP         FIRST   
  NO.   NAME      VALUE            ERROR          SIZE      DERIVATIVE 
   1  Constant     1.65605e+02   8.92662e+00   6.08593e-03   1.22578e-04
   2  Mean         3.93166e+02   3.24360e-01   2.73614e-04  -9.38650e-06
   3  Sigma        3.21436e+00   7.42968e-01   7.78723e-05   1.02695e-02
 FCN=277.064 FROM MIGRAD    STATUS=CONVERGED      67 CALLS          68 TOTAL
                     EDM=1.04799e-09    STRATEGY= 1      ERROR MATRIX ACCURATE 
  EXT PARAMETER                                   STEP         FIRST   
  NO.   NAME      VALUE            ERROR          SIZE      DERIVATIVE 
   1  Constant     9.76735e+03   7.75857e+01   4.87535e-01  -3.95183e-07
   2  Mean         9.27674e+01   7.95223e-03   6.01542e-05  -4.74104e-03
   3  Sigma        1.11349e+00   6.69524e-03   1.24846e-05  -1.01856e-02
 FCN=393.168 FROM MIGRAD    STATUS=CONVERGED      54 CALLS          55 TOTAL
                     EDM=7.45783e-08    STRATEGY= 1      ERROR MATRIX ACCURATE 
  EXT PARAMETER                                   STEP         FIRST   
  NO.   NAME      VALUE            ERROR          SIZE      DERIVATIVE 
   1  Constant     1.03519e+04   8.15700e+01   6.15651e-01   5.61093e-06
   2  Mean         1.03830e+02   7.46162e-03   6.58410e-05   1.14561e-02
   3  Sigma        1.04217e+00   5.92066e-03   1.38120e-05   1.89523e-01
 FCN=25.0541 FROM MIGRAD    STATUS=CONVERGED     575 CALLS         576 TOTAL
                     EDM=2.39178e-06    STRATEGY= 1      ERROR MATRIX ACCURATE 
  EXT PARAMETER                                   STEP         FIRST   
  NO.   NAME      VALUE            ERROR          SIZE      DERIVATIVE 
   1  Constant     9.04492e+00   1.90420e+01   2.55084e-03  -1.36912e-03
   2  Mean         2.21842e+02   1.13718e+02   1.52475e-02  -2.20557e-04
   3  Sigma        8.36775e+01   4.64521e+01   1.42345e-02  -3.04930e-04
 FCN=18.6655 FROM MIGRAD    STATUS=CONVERGED      96 CALLS          97 TOTAL
                     EDM=1.90071e-07    STRATEGY= 1      ERROR MATRIX ACCURATE 
  EXT PARAMETER                                   STEP         FIRST   
  NO.   NAME      VALUE            ERROR          SIZE      DERIVATIVE 
   1  Constant     3.30778e+00   5.43673e-01   8.47475e-04  -8.24455e-04
   2  Mean         3.20085e+02   2.25062e+00   4.41795e-03   1.87122e-04
   3  Sigma        1.15878e+01   3.09113e+00   1.61218e-04  -5.04882e-04
Warning in <Fit>: Fit data is empty 
 FCN=0.847492 FROM MIGRAD    STATUS=CONVERGED     119 CALLS         120 TOTAL
                     EDM=1.76833e-08    STRATEGY= 1      ERROR MATRIX ACCURATE 
  EXT PARAMETER                                   STEP         FIRST   
  NO.   NAME      VALUE            ERROR          SIZE      DERIVATIVE 
   1  Constant     6.94007e+02   1.82316e+01   8.02543e-03  -4.32356e-06
   2  Mean         3.31815e+02   2.79480e-01   1.60954e-04  -2.49508e-04
   3  Sigma        4.44387e+00   9.22501e-01   5.70912e-05  -1.33802e-03
 FCN=5.46385 FROM MIGRAD    STATUS=CONVERGED      97 CALLS          98 TOTAL
                     EDM=2.11855e-07    STRATEGY= 1      ERROR MATRIX ACCURATE 
  EXT PARAMETER                                   STEP         FIRST   
  NO.   NAME      VALUE            ERROR          SIZE      DERIVATIVE 
   1  Constant     7.40141e+02   1.86725e+01   1.57312e-02   1.56494e-05
   2  Mean         2.67899e+02   1.95169e-01   1.92804e-04  -1.73562e-03
   3  Sigma        3.59681e+00   4.85278e-01   5.75243e-05  -2.17934e-03
 FCN=334.76 FROM MIGRAD    STATUS=CONVERGED      80 CALLS          81 TOTAL
                     EDM=1.3478e-10    STRATEGY= 1      ERROR MATRIX ACCURATE 
  EXT PARAMETER                                   STEP         FIRST   
  NO.   NAME      VALUE            ERROR          SIZE      DERIVATIVE 
   1  Constant     3.33786e+03   4.39905e+01   2.86725e-01  -2.71449e-07
   2  Mean         1.22649e+02   1.79162e-02   1.43239e-04  -2.15585e-04
   3  Sigma        1.39085e+00   1.84040e-02   2.95437e-05   1.42937e-03
 FCN=120.907 FROM MIGRAD    STATUS=CONVERGED      66 CALLS          67 TOTAL
                     EDM=9.75753e-07    STRATEGY= 1      ERROR MATRIX ACCURATE 
  EXT PARAMETER                                   STEP         FIRST   
  NO.   NAME      VALUE            ERROR          SIZE      DERIVATIVE 
   1  Constant     3.44737e+03   4.45014e+01   1.88256e-01   8.46300e-07
   2  Mean         1.25057e+02   1.60900e-02   7.31866e-05  -8.12011e-02
   3  Sigma        1.18686e+00   1.29973e-02   1.45399e-05  -3.54585e-02
 FCN=28.7899 FROM MIGRAD    STATUS=CONVERGED     175 CALLS         176 TOTAL
                     EDM=2.58927e-07    STRATEGY= 1      ERROR MATRIX ACCURATE 
  EXT PARAMETER                                   STEP         FIRST   
  NO.   NAME      VALUE            ERROR          SIZE      DERIVATIVE 
   1  Constant     1.75996e+01   5.32721e+00   2.16869e-03  -8.30707e-04
   2  Mean         2.80856e+02   5.70775e+01   1.04295e-02  -1.44025e-04
   3  Sigma        4.62804e+01   6.55612e+01   3.58177e-04  -3.23277e-03
 FCN=40.9547 FROM MIGRAD    STATUS=CONVERGED     191 CALLS         192 TOTAL
                     EDM=5.20963e-08    STRATEGY= 1      ERROR MATRIX ACCURATE 
  EXT PARAMETER                                   STEP         FIRST   
  NO.   NAME      VALUE            ERROR          SIZE      DERIVATIVE 
   1  Constant     1.77423e+01   4.69193e+00   2.50829e-03  -1.51270e-04
   2  Mean         2.83561e+02   8.45386e+01   2.10828e-02  -2.45383e-05
   3  Sigma        6.44613e+01   7.31474e+01   1.05826e-03  -6.39932e-04
Warning in <Fit>: Fit data is empty 
 FCN=3.49272 FROM MIGRAD    STATUS=CONVERGED     115 CALLS         116 TOTAL
                     EDM=1.93374e-09    STRATEGY= 1      ERROR MATRIX ACCURATE 
  EXT PARAMETER                                   STEP         FIRST   
  NO.   NAME      VALUE            ERROR          SIZE      DERIVATIVE 
   1  Constant     1.01344e+03   2.22530e+01   1.54035e-02   9.72319e-07
   2  Mean         3.62845e+02   1.38345e-01   1.73018e-04   2.75915e-05
   3  Sigma        3.38779e+00   3.49240e-01   3.72175e-05   1.25480e-03
 FCN=1.11171 FROM MIGRAD    STATUS=CONVERGED     131 CALLS         132 TOTAL
                     EDM=3.25099e-07    STRATEGY= 1      ERROR MATRIX ACCURATE 
  EXT PARAMETER                                   STEP         FIRST   
  NO.   NAME      VALUE            ERROR          SIZE      DERIVATIVE 
   1  Constant     9.25483e+02   1.88252e+01   1.00643e-02   4.48719e-05
   2  Mean         3.08555e+02   3.85095e-01   1.47131e-04  -3.42212e-03
   3  Sigma        4.20008e+00   6.88969e-01   2.97263e-05   9.65654e-03
 FCN=182.16 FROM MIGRAD    STATUS=CONVERGED      64 CALLS          65 TOTAL
                     EDM=1.66663e-08    STRATEGY= 1      ERROR MATRIX ACCURATE 
  EXT PARAMETER                                   STEP         FIRST   
  NO.   NAME      VALUE            ERROR          SIZE      DERIVATIVE 
   1  Constant     1.93819e+03   3.30574e+01   1.80125e-01  -1.53138e-07
   2  Mean         1.24138e+02   2.15658e-02   1.10815e-04  -9.03337e-03
   3  Sigma        1.08228e+00   1.39116e-02   1.99107e-05   4.14858e-03
 FCN=319.09 FROM MIGRAD    STATUS=CONVERGED      74 CALLS          75 TOTAL
                     EDM=1.37098e-10    STRATEGY= 1      ERROR MATRIX ACCURATE 
  EXT PARAMETER                                   STEP         FIRST   
  NO.   NAME      VALUE            ERROR          SIZE      DERIVATIVE 
   1  Constant     2.34553e+03   3.68962e+01   2.34590e-01  -3.27900e-07
   2  Mean         9.56662e+01   2.21131e-02   1.67262e-04  -1.82247e-04
   3  Sigma        1.39323e+00   2.22036e-02   3.39843e-05   1.22970e-03
 FCN=19.6023 FROM MIGRAD    STATUS=CONVERGED     142 CALLS         143 TOTAL
                     EDM=3.44561e-08    STRATEGY= 1      ERROR MATRIX ACCURATE 
  EXT PARAMETER                                   STEP         FIRST   
  NO.   NAME      VALUE            ERROR          SIZE      DERIVATIVE 
   1  Constant     1.32353e+01   1.52353e+00   1.52954e-03  -1.16162e-04
   2  Mean         4.46166e+02   2.26728e+01   8.54300e-03   2.52089e-06
   3  Sigma        3.38443e+01   2.58227e+01   3.06851e-04  -2.73776e-04
 FCN=32.4658 FROM MIGRAD    STATUS=CONVERGED     115 CALLS         116 TOTAL
                     EDM=2.26416e-09    STRATEGY= 1      ERROR MATRIX ACCURATE 
  EXT PARAMETER                                   STEP         FIRST   
  NO.   NAME      VALUE            ERROR          SIZE      DERIVATIVE 
   1  Constant     1.96533e+01   1.21155e+00   2.34241e-03   4.58856e-05
   2  Mean         2.98754e+02   2.35306e+00   6.56965e-03   2.15830e-05
   3  Sigma        2.18445e+01   6.25176e+00   3.20701e-04   4.57724e-04
Warning in <Fit>: Fit data is empty 
 FCN=1.68889 FROM MIGRAD    STATUS=CONVERGED     104 CALLS         105 TOTAL
                     EDM=3.82348e-10    STRATEGY= 1      ERROR MATRIX ACCURATE 
  EXT PARAMETER                                   STEP         FIRST   
  NO.   NAME      VALUE            ERROR          SIZE      DERIVATIVE 
   1  Constant     1.03578e+03   2.26197e+01   1.19502e-02  -1.72155e-06
   2  Mean         3.33301e+02   1.50247e-01   1.58930e-04   9.19444e-06
   3  Sigma        3.69600e+00   4.42213e-01   3.68565e-05  -5.21735e-04
 FCN=2.12346 FROM MIGRAD    STATUS=CONVERGED      95 CALLS          96 TOTAL
                     EDM=1.20962e-09    STRATEGY= 1  ERROR MATRIX UNCERTAINTY   2.0 per cent
  EXT PARAMETER                                   STEP         FIRST   
  NO.   NAME      VALUE            ERROR          SIZE      DERIVATIVE 
   1  Constant     1.23272e+03   2.48331e+01  -3.20203e-03   3.22240e-06
   2  Mean         3.53553e+02   9.54289e-02  -8.66023e-06  -3.80848e-05
   3  Sigma        3.10617e+00   2.43415e-01  -2.74353e-05   2.35824e-03
 FCN=79.4014 FROM MIGRAD    STATUS=CONVERGED      66 CALLS          67 TOTAL
                     EDM=1.01367e-06    STRATEGY= 1      ERROR MATRIX ACCURATE 
  EXT PARAMETER                                   STEP         FIRST   
  NO.   NAME      VALUE            ERROR          SIZE      DERIVATIVE 
   1  Constant     1.83193e+03   3.10995e+01   1.10862e-01  -2.91891e-05
   2  Mean         1.23241e+02   2.58818e-02   8.65349e-05  -3.71261e-02
   3  Sigma        1.23141e+00   1.90195e-02   1.60414e-05   1.69151e-01
 FCN=195.243 FROM MIGRAD    STATUS=CONVERGED      75 CALLS          76 TOTAL
                     EDM=4.22747e-09    STRATEGY= 1      ERROR MATRIX ACCURATE 
  EXT PARAMETER                                   STEP         FIRST   
  NO.   NAME      VALUE            ERROR          SIZE      DERIVATIVE 
   1  Constant     1.79683e+03   3.12779e+01   1.64923e-01  -3.00769e-06
   2  Mean         1.26904e+02   2.57056e-02   1.41512e-04  -1.60442e-03
   3  Sigma        1.31634e+00   2.15720e-02   2.66750e-05  -1.26045e-02
 FCN=36.0806 FROM MIGRAD    STATUS=CONVERGED     106 CALLS         107 TOTAL
                     EDM=1.29583e-09    STRATEGY= 1      ERROR MATRIX ACCURATE 
  EXT PARAMETER                                   STEP         FIRST   
  NO.   NAME      VALUE            ERROR          SIZE      DERIVATIVE 
   1  Constant     1.93745e+01   1.13806e+00   2.50238e-03   1.52498e-05
   2  Mean         3.21242e+02   2.65314e+00   5.00471e-03  -8.05840e-06
   3  Sigma        1.86932e+01   4.26086e+00   1.86351e-04   6.19984e-04
 FCN=20.3288 FROM MIGRAD    STATUS=CONVERGED     112 CALLS         113 TOTAL
                     EDM=5.84141e-08    STRATEGY= 1      ERROR MATRIX ACCURATE 
  EXT PARAMETER                                   STEP         FIRST   
  NO.   NAME      VALUE            ERROR          SIZE      DERIVATIVE 
   1  Constant     2.56268e+01   1.39040e+00   2.13472e-03   1.52270e-04
   2  Mean         3.24875e+02   2.08165e+00   4.62275e-03  -1.24643e-04
   3  Sigma        2.19128e+01   5.59440e+00   2.26921e-04   1.82478e-03
Warning in <Fit>: Fit data is empty 
 FCN=4.91004 FROM MIGRAD    STATUS=CONVERGED     117 CALLS         118 TOTAL
                     EDM=4.01179e-08    STRATEGY= 1      ERROR MATRIX ACCURATE 
  EXT PARAMETER                                   STEP         FIRST   
  NO.   NAME      VALUE            ERROR          SIZE      DERIVATIVE 
   1  Constant     1.00389e+03   2.09061e+01   1.74386e-02   6.03465e-07
   2  Mean         2.92851e+02   2.49074e-01   1.87202e-04  -3.59037e-04
   3  Sigma        4.01050e+00   5.75491e-01   5.45996e-05  -3.61964e-03
 FCN=8.46811 FROM MIGRAD    STATUS=CONVERGED     117 CALLS         118 TOTAL
                     EDM=9.8746e-09    STRATEGY= 1  ERROR MATRIX UNCERTAINTY   2.4 per cent
  EXT PARAMETER                                   STEP         FIRST   
  NO.   NAME      VALUE            ERROR          SIZE      DERIVATIVE 
   1  Constant     8.37839e+02   1.83707e+01   4.52151e-02   9.27911e-09
   2  Mean         3.46608e+02   3.99270e-01   3.97194e-04  -9.45809e-05
   3  Sigma        4.37910e+00   8.37359e-01  -2.43008e-04  -1.64202e-03
 FCN=105.392 FROM MIGRAD    STATUS=CONVERGED      70 CALLS          71 TOTAL
                     EDM=4.45051e-08    STRATEGY= 1      ERROR MATRIX ACCURATE 
  EXT PARAMETER                                   STEP         FIRST   
  NO.   NAME      VALUE            ERROR          SIZE      DERIVATIVE 
   1  Constant     2.75086e+03   3.87596e+01   1.60581e-01   9.08972e-07
   2  Mean         1.11276e+02   1.94382e-02   7.66237e-05   7.33638e-03
   3  Sigma        1.15174e+00   1.36745e-02   1.44244e-05  -7.97983e-02
 FCN=202.265 FROM MIGRAD    STATUS=CONVERGED      70 CALLS          71 TOTAL
                     EDM=1.70344e-09    STRATEGY= 1      ERROR MATRIX ACCURATE 
  EXT PARAMETER                                   STEP         FIRST   
  NO.   NAME      VALUE            ERROR          SIZE      DERIVATIVE 
   1  Constant     2.55318e+03   3.81907e+01   1.93080e-01  -1.12767e-06
   2  Mean         1.22685e+02   2.12990e-02   1.32766e-04  -2.28779e-04
   3  Sigma        1.43621e+00   2.26271e-02   2.76274e-05   3.66602e-03
 FCN=22.7538 FROM MIGRAD    STATUS=CONVERGED     171 CALLS         172 TOTAL
                     EDM=1.64193e-08    STRATEGY= 1      ERROR MATRIX ACCURATE 
  EXT PARAMETER                                   STEP         FIRST   
  NO.   NAME      VALUE            ERROR          SIZE      DERIVATIVE 
   1  Constant     2.73347e+01   1.09814e+01   2.48259e-03  -1.07607e-04
   2  Mean         2.98200e+02   6.21540e+01   6.47610e-03   2.34052e-05
   3  Sigma        4.54600e+01   6.42619e+01   1.97426e-04  -2.76330e-04
 FCN=26.4489 FROM MIGRAD    STATUS=CONVERGED      99 CALLS         100 TOTAL
                     EDM=1.5086e-07    STRATEGY= 1      ERROR MATRIX ACCURATE 
  EXT PARAMETER                                   STEP         FIRST   
  NO.   NAME      VALUE            ERROR          SIZE      DERIVATIVE 
   1  Constant     2.24010e+01   1.26511e+00   2.26932e-03   2.52029e-04
   2  Mean         2.96855e+02   2.21349e+00   5.39698e-03  -4.50554e-05
   3  Sigma        2.15779e+01   5.42991e+00   2.54858e-04   4.65255e-03
Warning in <Fit>: Fit data is empty 
 FCN=3.39448 FROM MIGRAD    STATUS=CONVERGED      83 CALLS          84 TOTAL
                     EDM=8.48679e-07    STRATEGY= 1  ERROR MATRIX UNCERTAINTY  14.4 per cent
  EXT PARAMETER                                   STEP         FIRST   
  NO.   NAME      VALUE            ERROR          SIZE      DERIVATIVE 
   1  Constant     6.98876e+02   1.68966e+01  -2.21192e-02  -6.52677e-05
   2  Mean         3.37397e+02   9.71114e-02   1.72315e-04  -1.03056e-02
   3  Sigma        2.74289e+00   2.06373e-01   2.74413e-05   1.20334e-02
 FCN=1.03862 FROM MIGRAD    STATUS=CONVERGED     118 CALLS         119 TOTAL
                     EDM=2.34189e-07    STRATEGY= 1      ERROR MATRIX ACCURATE 
  EXT PARAMETER                                   STEP         FIRST   
  NO.   NAME      VALUE            ERROR          SIZE      DERIVATIVE 
   1  Constant     5.89740e+02   1.60089e+01   7.79256e-03   3.76408e-05
   2  Mean         3.64104e+02   3.85901e-01   1.76615e-04  -1.96316e-03
   3  Sigma        4.46790e+00   1.01443e+00   5.60565e-05   3.44736e-03
 FCN=364.824 FROM MIGRAD    STATUS=CONVERGED      68 CALLS          69 TOTAL
                     EDM=2.01036e-09    STRATEGY= 1      ERROR MATRIX ACCURATE 
  EXT PARAMETER                                   STEP         FIRST   
  NO.   NAME      VALUE            ERROR          SIZE      DERIVATIVE 
   1  Constant     5.05651e+03   5.47960e+01   3.97552e-01   1.23824e-07
   2  Mean         1.23881e+02   1.26197e-02   9.98785e-05  -4.17542e-03
   3  Sigma        1.15193e+00   9.97480e-03   1.95414e-05  -4.23278e-03
 FCN=167.953 FROM MIGRAD    STATUS=CONVERGED      63 CALLS          64 TOTAL
                     EDM=1.06063e-06    STRATEGY= 1      ERROR MATRIX ACCURATE 
  EXT PARAMETER                                   STEP         FIRST   
  NO.   NAME      VALUE            ERROR          SIZE      DERIVATIVE 
   1  Constant     5.21880e+03   5.43124e+01   2.76860e-01  -2.02207e-05
   2  Mean         1.03108e+02   1.28085e-02   6.82159e-05  -7.99323e-02
   3  Sigma        1.14792e+00   9.64150e-03   1.32316e-05  -2.52666e-01
 FCN=23.5777 FROM MIGRAD    STATUS=CONVERGED     133 CALLS         134 TOTAL
                     EDM=6.1275e-09    STRATEGY= 1      ERROR MATRIX ACCURATE 
  EXT PARAMETER                                   STEP         FIRST   
  NO.   NAME      VALUE            ERROR          SIZE      DERIVATIVE 
   1  Constant     1.12654e+01   9.33681e-01   1.55551e-03   1.33750e-04
   2  Mean         3.12532e+02   1.09702e+01   7.28581e-03  -3.56885e-05
   3  Sigma        2.55937e+01   1.30105e+01   2.46275e-04   1.06659e-03
 FCN=53.847 FROM MIGRAD    STATUS=CONVERGED     272 CALLS         273 TOTAL
                     EDM=4.03044e-06    STRATEGY= 1      ERROR MATRIX ACCURATE 
  EXT PARAMETER                                   STEP         FIRST   
  NO.   NAME      VALUE            ERROR          SIZE      DERIVATIVE 
   1  Constant     1.23207e+01   1.37347e+00   2.30587e-03  -2.34722e-03
   2  Mean         2.92333e+02   4.56987e+01   7.70226e-02   2.03542e-05
   3  Sigma        8.78863e+01   4.39488e+01   2.24787e-02   2.29687e-04
Warning in <Fit>: Fit data is empty 
 FCN=0.275671 FROM MIGRAD    STATUS=CONVERGED     103 CALLS         104 TOTAL
                     EDM=8.64844e-07    STRATEGY= 1      ERROR MATRIX ACCURATE 
  EXT PARAMETER                                   STEP         FIRST   
  NO.   NAME      VALUE            ERROR          SIZE      DERIVATIVE 
   1  Constant     1.94761e+02   9.89653e+00   3.68075e-03  -9.71534e-05
   2  Mean         3.12724e+02   1.93645e-01   1.49118e-04   4.47985e-03
   3  Sigma        2.67991e+00   4.05811e-01   2.71259e-05  -1.50429e-03
 FCN=1.78172 FROM MIGRAD    STATUS=CONVERGED      91 CALLS          92 TOTAL
                     EDM=5.02767e-11    STRATEGY= 1  ERROR MATRIX UNCERTAINTY   2.8 per cent
  EXT PARAMETER                                   STEP         FIRST   
  NO.   NAME      VALUE            ERROR          SIZE      DERIVATIVE 
   1  Constant     1.65371e+02   9.17063e+00   1.38812e-02   5.43223e-07
   2  Mean         3.64688e+02   2.27131e-01  -9.13083e-05   5.91150e-05
   3  Sigma        2.80874e+00   5.08973e-01  -1.18293e-04   1.02799e-05
 FCN=57.1959 FROM MIGRAD    STATUS=CONVERGED      70 CALLS          71 TOTAL
                     EDM=1.1528e-06    STRATEGY= 1      ERROR MATRIX ACCURATE 
  EXT PARAMETER                                   STEP         FIRST   
  NO.   NAME      VALUE            ERROR          SIZE      DERIVATIVE 
   1  Constant     9.66138e+03   7.32028e+01   2.00074e-01   1.18756e-05
   2  Mean         1.19660e+02   1.02437e-02   5.70585e-05  -1.25985e-01
   3  Sigma        1.45404e+00   1.14682e-02   7.92329e-06   5.13458e-01
 FCN=220.405 FROM MIGRAD    STATUS=CONVERGED      63 CALLS          64 TOTAL
                     EDM=4.69526e-11    STRATEGY= 1      ERROR MATRIX ACCURATE 
  EXT PARAMETER                                   STEP         FIRST   
  NO.   NAME      VALUE            ERROR          SIZE      DERIVATIVE 
   1  Constant     1.12708e+04   8.28284e+01   4.53683e-01   1.37435e-07
   2  Mean         1.10591e+02   7.50446e-03   5.29566e-05  -5.86257e-04
   3  Sigma        1.18976e+00   7.05082e-03   1.12195e-05   4.92656e-03
 FCN=19.6301 FROM MIGRAD    STATUS=CONVERGED     154 CALLS         155 TOTAL
                     EDM=1.98312e-07    STRATEGY= 1      ERROR MATRIX ACCURATE 
  EXT PARAMETER                                   STEP         FIRST   
  NO.   NAME      VALUE            ERROR          SIZE      DERIVATIVE 
   1  Constant     2.30082e+00   3.92127e-01   7.18849e-04   9.44059e-04
   2  Mean         2.66464e+02   2.27730e+01   1.73626e-02  -7.59183e-05
   3  Sigma        2.30032e+01   2.52328e+01   6.60504e-04   2.11008e-03
 FCN=22.0446 FROM MIGRAD    STATUS=CONVERGED    1342 CALLS        1343 TOTAL
                     EDM=1.66795e-06    STRATEGY= 1      ERROR MATRIX ACCURATE 
  EXT PARAMETER                                   STEP         FIRST   
  NO.   NAME      VALUE            ERROR          SIZE      DERIVATIVE 
   1  Constant     1.90627e+02   5.62025e+02   4.96742e-02  -5.73220e-05
   2  Mean         5.29056e+02   8.93721e+01   7.88575e-03   3.63130e-04
   3  Sigma        8.78602e+01   8.72242e+01   4.50743e-03  -9.49386e-04
Warning in <Fit>: Fit data is empty 
 FCN=0.624705 FROM MIGRAD    STATUS=CONVERGED      96 CALLS          97 TOTAL
                     EDM=1.54457e-08    STRATEGY= 1      ERROR MATRIX ACCURATE 
  EXT PARAMETER                                   STEP         FIRST   
  NO.   NAME      VALUE            ERROR          SIZE      DERIVATIVE 
   1  Constant     5.47871e+01   5.23009e+00   2.13793e-03   9.69823e-06
   2  Mean         3.62374e+02   6.23876e-01   3.73964e-04  -2.73465e-04
   3  Sigma        3.63815e+00   1.81877e+00   1.21482e-04  -1.55693e-04
 FCN=1.99274 FROM MIGRAD    STATUS=CONVERGED      91 CALLS          92 TOTAL
                     EDM=8.92795e-10    STRATEGY= 1  ERROR MATRIX UNCERTAINTY   4.3 per cent
  EXT PARAMETER                                   STEP         FIRST   
  NO.   NAME      VALUE            ERROR          SIZE      DERIVATIVE 
   1  Constant     6.84401e+01   5.86982e+00   1.91604e-02   2.91256e-06
   2  Mean         3.16327e+02   4.05731e-01   2.21313e-04   1.47196e-04
   3  Sigma        2.99463e+00   9.48312e-01  -4.45525e-04   1.85920e-04
 FCN=177.393 FROM MIGRAD    STATUS=CONVERGED      69 CALLS          70 TOTAL
                     EDM=5.94815e-08    STRATEGY= 1      ERROR MATRIX ACCURATE 
  EXT PARAMETER                                   STEP         FIRST   
  NO.   NAME      VALUE            ERROR          SIZE      DERIVATIVE 
   1  Constant     1.39587e+04   9.39089e+01   4.58888e-01   1.66258e-06
   2  Mean         1.20316e+02   6.38799e-03   5.73710e-05   3.10311e-02
   3  Sigma        1.15663e+00   6.16794e-03   9.12761e-06  -8.61418e-02
 FCN=47.7524 FROM MIGRAD    STATUS=CONVERGED      63 CALLS          64 TOTAL
                     EDM=2.34552e-09    STRATEGY= 1      ERROR MATRIX ACCURATE 
  EXT PARAMETER                                   STEP         FIRST   
  NO.   NAME      VALUE            ERROR          SIZE      DERIVATIVE 
   1  Constant     1.62974e+04   1.03596e+02   2.75597e-01  -4.45367e-08
   2  Mean         1.21901e+02   5.46470e-03   5.81268e-05   1.10776e-02
   3  Sigma        1.01164e+00   4.54614e-03   4.02780e-06   1.16516e-02
 FCN=7.39732 FROM MIGRAD    STATUS=CONVERGED     356 CALLS         357 TOTAL
                     EDM=1.61653e-07    STRATEGY= 1  ERROR MATRIX UNCERTAINTY   0.3 per cent
  EXT PARAMETER                                   STEP         FIRST   
  NO.   NAME      VALUE            ERROR          SIZE      DERIVATIVE 
   1  Constant     1.80204e+00   2.65893e+00  -7.29968e-03  -2.10893e-03
   2  Mean         3.49915e+02   1.84227e+02  -4.57280e-01   2.87427e-05
   3  Sigma        8.96237e+01   8.29083e+01   2.43632e-02** at limit **
 FCN=12.5159 FROM MIGRAD    STATUS=CONVERGED     467 CALLS         468 TOTAL
                     EDM=1.51276e-06    STRATEGY= 1      ERROR MATRIX ACCURATE 
  EXT PARAMETER                                   STEP         FIRST   
  NO.   NAME      VALUE            ERROR          SIZE      DERIVATIVE 
   1  Constant     5.04129e+00   1.33426e+01   1.34095e-03  -1.74512e-03
   2  Mean         1.26169e+02   1.53065e+02   1.53980e-02  -1.48822e-04
   3  Sigma        8.51861e+01   6.46239e+01   1.18492e-02  -1.21613e-04
Warning in <Fit>: Fit data is empty 
Info in <TCanvas::Print>: Current canvas added to pdf file /home/had/suharu/work/e40/ana/pdf/trigger_study/p0_04464.pdf
Info in <TCanvas::Print>: Current canvas added to pdf file /home/had/suharu/work/e40/ana/pdf/trigger_study/p0_04464.pdf
Info in <TCanvas::Print>: Current canvas added to pdf file /home/had/suharu/work/e40/ana/pdf/trigger_study/pede_04464.pdf
Info in <TCanvas::Print>: Current canvas added to pdf file /home/had/suharu/work/e40/ana/pdf/trigger_study/pede_04464.pdf
Info in <TCanvas::Print>: Current canvas added to pdf file /home/had/suharu/work/e40/ana/pdf/trigger_study/mip_04464.pdf
Info in <TCanvas::Print>: Current canvas added to pdf file /home/had/suharu/work/e40/ana/pdf/trigger_study/mip_04464.pdf
Info in <TCanvas::Print>: pdf file /home/had/suharu/work/e40/ana/pdf/trigger_study/p0_04464.pdf has been closed
Info in <TCanvas::Print>: pdf file /home/had/suharu/work/e40/ana/pdf/trigger_study/pede_04464.pdf has been closed
Info in <TCanvas::Print>: pdf file /home/had/suharu/work/e40/ana/pdf/trigger_study/mip_04464.pdf has been closed
2.64user 4.05system 0:07.69elapsed 87%CPU (0avgtext+0avgdata 137944maxresident)k
0inputs+8outputs (0major+39510minor)pagefaults 0swaps
