
Processing ../macro/hodprm/HodoParamMaker2.C(4462)...
Info in <TCanvas::Print>: pdf file /home/had/suharu/work/e40/ana/pdf/trigger_study/btof12_04462.pdf has been created
 FCN=9.52614 FROM MIGRAD    STATUS=CONVERGED     102 CALLS         103 TOTAL
                     EDM=1.88852e-08    STRATEGY= 1      ERROR MATRIX ACCURATE 
  EXT PARAMETER                                   STEP         FIRST   
  NO.   NAME      VALUE            ERROR          SIZE      DERIVATIVE 
   1  Constant     2.03450e+00   5.33744e-01   5.19456e-04   1.07451e-04
   2  Mean        -5.00436e-01   1.02023e-01   1.56500e-04  -1.64907e-03
   3  Sigma        3.96618e-01   1.97487e-01   2.05931e-04   8.65738e-04
 FCN=25.6535 FROM MIGRAD    STATUS=CONVERGED      66 CALLS          67 TOTAL
                     EDM=6.16855e-11    STRATEGY= 1      ERROR MATRIX ACCURATE 
  EXT PARAMETER                                   STEP         FIRST   
  NO.   NAME      VALUE            ERROR          SIZE      DERIVATIVE 
   1  Constant     2.82285e+01   1.83148e+00   3.48290e-03  -6.25444e-06
   2  Mean        -4.21444e-01   1.10739e-02   2.79089e-05  -2.75812e-04
   3  Sigma        2.13971e-01   1.01774e-02   3.07354e-05  -8.59276e-04
 FCN=44.3193 FROM MIGRAD    STATUS=CONVERGED      66 CALLS          67 TOTAL
                     EDM=1.87338e-08    STRATEGY= 1      ERROR MATRIX ACCURATE 
  EXT PARAMETER                                   STEP         FIRST   
  NO.   NAME      VALUE            ERROR          SIZE      DERIVATIVE 
   1  Constant     1.55448e+02   4.17608e+00   1.03660e-02   2.76347e-05
   2  Mean        -2.89847e-01   5.21130e-03   1.66090e-05  -5.55262e-03
   3  Sigma        2.29155e-01   4.81671e-03   1.77124e-05   3.27063e-02
 FCN=40.2491 FROM MIGRAD    STATUS=CONVERGED      66 CALLS          67 TOTAL
                     EDM=2.37107e-09    STRATEGY= 1      ERROR MATRIX ACCURATE 
  EXT PARAMETER                                   STEP         FIRST   
  NO.   NAME      VALUE            ERROR          SIZE      DERIVATIVE 
   1  Constant     3.09082e+02   5.91042e+00   1.39748e-02   3.09758e-06
   2  Mean        -1.35413e-01   3.58914e-03   1.11329e-05   1.15739e-02
   3  Sigma        2.27579e-01   3.36164e-03   1.20077e-05  -6.99971e-03
 FCN=21.2673 FROM MIGRAD    STATUS=CONVERGED      66 CALLS          67 TOTAL
                     EDM=2.28377e-09    STRATEGY= 1      ERROR MATRIX ACCURATE 
  EXT PARAMETER                                   STEP         FIRST   
  NO.   NAME      VALUE            ERROR          SIZE      DERIVATIVE 
   1  Constant     2.16446e+02   4.79595e+00   8.34020e-03   8.99610e-06
   2  Mean        -1.25328e-01   4.53063e-03   1.04324e-05  -3.21856e-03
   3  Sigma        2.44059e-01   4.36598e-03   1.09737e-05  -4.60738e-03
 FCN=27.1353 FROM MIGRAD    STATUS=CONVERGED      58 CALLS          59 TOTAL
                     EDM=2.70086e-07    STRATEGY= 1      ERROR MATRIX ACCURATE 
  EXT PARAMETER                                   STEP         FIRST   
  NO.   NAME      VALUE            ERROR          SIZE      DERIVATIVE 
   1  Constant     2.18054e+02   4.86726e+00   9.58205e-03  -1.25341e-04
   2  Mean        -8.86377e-02   4.30204e-03   1.11375e-05  -1.18107e-01
   3  Sigma        2.33160e-01   3.99860e-03   1.17514e-05  -1.11775e-01
 FCN=38.9119 FROM MIGRAD    STATUS=CONVERGED      59 CALLS          60 TOTAL
                     EDM=7.04613e-09    STRATEGY= 1      ERROR MATRIX ACCURATE 
  EXT PARAMETER                                   STEP         FIRST   
  NO.   NAME      VALUE            ERROR          SIZE      DERIVATIVE 
   1  Constant     1.86358e+02   4.59358e+00   1.05441e-02  -2.67778e-05
   2  Mean        -1.08611e-01   4.69404e-03   1.43891e-05   5.55337e-04
   3  Sigma        2.33618e-01   4.56819e-03   1.55334e-05  -9.39077e-04
 FCN=19.4164 FROM MIGRAD    STATUS=CONVERGED      59 CALLS          60 TOTAL
                     EDM=6.98373e-07    STRATEGY= 1      ERROR MATRIX ACCURATE 
  EXT PARAMETER                                   STEP         FIRST   
  NO.   NAME      VALUE            ERROR          SIZE      DERIVATIVE 
   1  Constant     1.59983e+02   4.15334e+00   6.82225e-03  -4.76136e-05
   2  Mean        -9.96654e-02   5.33838e-03   1.17508e-05   1.78181e-01
   3  Sigma        2.47467e-01   5.32529e-03   1.24622e-05  -9.96427e-02
 FCN=40.7538 FROM MIGRAD    STATUS=CONVERGED      59 CALLS          60 TOTAL
                     EDM=1.04214e-06    STRATEGY= 1      ERROR MATRIX ACCURATE 
  EXT PARAMETER                                   STEP         FIRST   
  NO.   NAME      VALUE            ERROR          SIZE      DERIVATIVE 
   1  Constant     1.10634e+02   3.65004e+00   8.47953e-03  -4.76642e-04
   2  Mean        -9.07796e-02   5.79481e-03   1.82527e-05   4.24270e-02
   3  Sigma        2.22613e-01   5.68591e-03   2.04221e-05  -6.19677e-02
 FCN=28.9714 FROM MIGRAD    STATUS=CONVERGED      69 CALLS          70 TOTAL
                     EDM=2.68045e-08    STRATEGY= 1      ERROR MATRIX ACCURATE 
  EXT PARAMETER                                   STEP         FIRST   
  NO.   NAME      VALUE            ERROR          SIZE      DERIVATIVE 
   1  Constant     5.60454e+01   2.66655e+00   5.14433e-03  -5.83890e-05
   2  Mean        -1.40513e-01   8.11990e-03   2.16796e-05  -2.10524e-02
   3  Sigma        2.20414e-01   8.33819e-03   2.49841e-05  -4.39039e-06
 FCN=23.0269 FROM MIGRAD    STATUS=CONVERGED      67 CALLS          68 TOTAL
                     EDM=6.44507e-10    STRATEGY= 1      ERROR MATRIX ACCURATE 
  EXT PARAMETER                                   STEP         FIRST   
  NO.   NAME      VALUE            ERROR          SIZE      DERIVATIVE 
   1  Constant     1.90592e+01   1.66471e+00   2.86817e-03   1.72311e-05
   2  Mean        -9.82377e-02   1.23334e-02   2.94978e-05  -2.57411e-04
   3  Sigma        1.90445e-01   1.22318e-02   3.60685e-05  -4.38822e-04
Info in <TCanvas::Print>: Current canvas added to pdf file /home/had/suharu/work/e40/ana/pdf/trigger_study/btof12_04462.pdf
 FCN=3.77235 FROM MIGRAD    STATUS=CONVERGED      90 CALLS          91 TOTAL
                     EDM=4.447e-07    STRATEGY= 1      ERROR MATRIX ACCURATE 
  EXT PARAMETER                                   STEP         FIRST   
  NO.   NAME      VALUE            ERROR          SIZE      DERIVATIVE 
   1  Constant     1.55311e+00   5.12207e-01   3.87907e-04  -1.27562e-03
   2  Mean         2.72090e-01   1.49164e-01   1.57761e-04  -8.07970e-04
   3  Sigma        3.58272e-01   2.53499e-01   2.61598e-04   1.01098e-03
 FCN=32.0761 FROM MIGRAD    STATUS=CONVERGED      60 CALLS          61 TOTAL
                     EDM=6.71103e-07    STRATEGY= 1      ERROR MATRIX ACCURATE 
  EXT PARAMETER                                   STEP         FIRST   
  NO.   NAME      VALUE            ERROR          SIZE      DERIVATIVE 
   1  Constant     2.43343e+01   1.72865e+00   3.67805e-03   3.74823e-04
   2  Mean        -4.01217e-02   1.19271e-02   3.33572e-05   3.31096e-02
   3  Sigma        2.07030e-01   1.09341e-02   3.70640e-05  -2.96752e-02
 FCN=31.6792 FROM MIGRAD    STATUS=CONVERGED      59 CALLS          60 TOTAL
                     EDM=1.26804e-08    STRATEGY= 1      ERROR MATRIX ACCURATE 
  EXT PARAMETER                                   STEP         FIRST   
  NO.   NAME      VALUE            ERROR          SIZE      DERIVATIVE 
   1  Constant     1.30542e+02   3.84700e+00   8.22799e-03   6.20712e-06
   2  Mean        -4.43624e-03   5.30004e-03   1.47693e-05  -2.70579e-02
   3  Sigma        2.18868e-01   4.75526e-03   1.59571e-05   9.97439e-03
 FCN=33.6614 FROM MIGRAD    STATUS=CONVERGED      59 CALLS          60 TOTAL
                     EDM=1.57429e-07    STRATEGY= 1      ERROR MATRIX ACCURATE 
  EXT PARAMETER                                   STEP         FIRST   
  NO.   NAME      VALUE            ERROR          SIZE      DERIVATIVE 
   1  Constant     1.63229e+02   4.31888e+00   9.49858e-03   1.56720e-04
   2  Mean        -7.63241e-02   4.65799e-03   1.33800e-05  -4.21718e-02
   3  Sigma        2.16680e-01   4.15687e-03   1.44258e-05   8.25708e-02
 FCN=18.6682 FROM MIGRAD    STATUS=CONVERGED      60 CALLS          61 TOTAL
                     EDM=1.50463e-07    STRATEGY= 1      ERROR MATRIX ACCURATE 
  EXT PARAMETER                                   STEP         FIRST   
  NO.   NAME      VALUE            ERROR          SIZE      DERIVATIVE 
   1  Constant     4.84558e+01   2.35285e+00   3.89600e-03  -9.64396e-05
   2  Mean         2.48416e-01   8.70187e-03   1.88370e-05   2.63950e-02
   3  Sigma        2.18000e-01   7.87877e-03   2.06481e-05   2.53772e-02
 FCN=18.3624 FROM MIGRAD    STATUS=CONVERGED      86 CALLS          87 TOTAL
                     EDM=6.35493e-07    STRATEGY= 1      ERROR MATRIX ACCURATE 
  EXT PARAMETER                                   STEP         FIRST   
  NO.   NAME      VALUE            ERROR          SIZE      DERIVATIVE 
   1  Constant     4.24844e+00   7.52790e-01   1.13371e-03   7.28256e-04
   2  Mean         3.89793e-01   4.16840e-02   8.29130e-05   2.66237e-02
   3  Sigma        2.45597e-01   5.05543e-02   1.09647e-04   1.13022e-04
 FCN=15.1255 FROM MIGRAD    STATUS=CONVERGED     104 CALLS         105 TOTAL
                     EDM=1.7272e-07    STRATEGY= 1      ERROR MATRIX ACCURATE 
  EXT PARAMETER                                   STEP         FIRST   
  NO.   NAME      VALUE            ERROR          SIZE      DERIVATIVE 
   1  Constant     3.11130e+00   6.17226e-01   9.78054e-04   7.53480e-04
   2  Mean         3.50023e-01   6.62765e-02   1.28429e-04   2.23301e-03
   3  Sigma        2.62763e-01   7.41299e-02   1.96212e-04   5.83366e-03
 FCN=14.5778 FROM MIGRAD    STATUS=CONVERGED      85 CALLS          86 TOTAL
                     EDM=2.43216e-10    STRATEGY= 1      ERROR MATRIX ACCURATE 
  EXT PARAMETER                                   STEP         FIRST   
  NO.   NAME      VALUE            ERROR          SIZE      DERIVATIVE 
   1  Constant     3.27759e+00   6.32432e-01   8.48340e-04   2.27976e-07
   2  Mean         1.36334e-01   5.24924e-02   1.00028e-04  -3.45023e-04
   3  Sigma        2.90298e-01   7.00138e-02   1.28541e-04  -1.56457e-04
Info in <TCanvas::Print>: Current canvas added to pdf file /home/had/suharu/work/e40/ana/pdf/trigger_study/btof12_04462.pdf
Info in <TCanvas::Print>: pdf file /home/had/suharu/work/e40/ana/pdf/trigger_study/btof12_04462.pdf has been closed
1.42user 0.29system 0:01.76elapsed 97%CPU (0avgtext+0avgdata 154372maxresident)k
0inputs+0outputs (0major+42342minor)pagefaults 0swaps
