
Processing ../macro/hodprm/HodoParamMaker2.C(4471)...
Info in <TCanvas::Print>: pdf file /home/had/suharu/work/e40/ana/pdf/trigger_study/btof12_04471.pdf has been created
 FCN=25.185 FROM MIGRAD    STATUS=CONVERGED      69 CALLS          70 TOTAL
                     EDM=1.47635e-07    STRATEGY= 1      ERROR MATRIX ACCURATE 
  EXT PARAMETER                                   STEP         FIRST   
  NO.   NAME      VALUE            ERROR          SIZE      DERIVATIVE 
   1  Constant     1.46728e+01   1.22017e+00   2.18416e-03  -1.74027e-04
   2  Mean        -6.76885e-02   2.22632e-02   5.44299e-05  -1.56246e-02
   3  Sigma        2.98346e-01   2.61149e-02   5.72504e-05  -1.90326e-02
 FCN=15.7766 FROM MIGRAD    STATUS=CONVERGED      66 CALLS          67 TOTAL
                     EDM=1.27565e-07    STRATEGY= 1      ERROR MATRIX ACCURATE 
  EXT PARAMETER                                   STEP         FIRST   
  NO.   NAME      VALUE            ERROR          SIZE      DERIVATIVE 
   1  Constant     7.17525e+01   2.68725e+00   4.01415e-03   1.35612e-04
   2  Mean        -3.53774e-02   9.05663e-03   1.75716e-05  -3.30153e-02
   3  Sigma        2.69946e-01   9.23418e-03   1.81164e-05  -1.08192e-03
 FCN=28.0319 FROM MIGRAD    STATUS=CONVERGED      75 CALLS          76 TOTAL
                     EDM=9.10052e-07    STRATEGY= 1      ERROR MATRIX ACCURATE 
  EXT PARAMETER                                   STEP         FIRST   
  NO.   NAME      VALUE            ERROR          SIZE      DERIVATIVE 
   1  Constant     1.67993e+02   3.94076e+00   7.40857e-03  -2.22482e-04
   2  Mean        -1.11139e-01   8.60834e-03   2.14323e-05  -2.30218e-02
   3  Sigma        3.54813e-01   1.12317e-02   2.28604e-05   4.09531e-02
 FCN=19.0816 FROM MIGRAD    STATUS=CONVERGED      73 CALLS          74 TOTAL
                     EDM=8.03947e-10    STRATEGY= 1      ERROR MATRIX ACCURATE 
  EXT PARAMETER                                   STEP         FIRST   
  NO.   NAME      VALUE            ERROR          SIZE      DERIVATIVE 
   1  Constant     3.11877e+02   5.33979e+00   8.61545e-03  -5.87881e-06
   2  Mean        -1.31767e-01   5.40070e-03   1.14592e-05  -4.83164e-04
   3  Sigma        3.22472e-01   6.26408e-03   1.17885e-05   1.46781e-03
 FCN=18.0504 FROM MIGRAD    STATUS=CONVERGED      76 CALLS          77 TOTAL
                     EDM=8.34454e-09    STRATEGY= 1      ERROR MATRIX ACCURATE 
  EXT PARAMETER                                   STEP         FIRST   
  NO.   NAME      VALUE            ERROR          SIZE      DERIVATIVE 
   1  Constant     2.56090e+02   4.89057e+00   7.61472e-03  -2.02949e-05
   2  Mean        -7.61313e-02   5.69908e-03   1.21381e-05   3.60557e-04
   3  Sigma        3.19321e-01   6.80679e-03   1.27062e-05   4.78932e-03
 FCN=25.7488 FROM MIGRAD    STATUS=CONVERGED      76 CALLS          77 TOTAL
                     EDM=2.56997e-09    STRATEGY= 1      ERROR MATRIX ACCURATE 
  EXT PARAMETER                                   STEP         FIRST   
  NO.   NAME      VALUE            ERROR          SIZE      DERIVATIVE 
   1  Constant     2.40337e+02   4.71639e+00   8.71567e-03   3.63193e-09
   2  Mean         1.75402e-04   6.27888e-03   1.52498e-05   5.45807e-03
   3  Sigma        3.25198e-01   7.42367e-03   1.58098e-05   6.21098e-03
 FCN=26.202 FROM MIGRAD    STATUS=CONVERGED      76 CALLS          77 TOTAL
                     EDM=7.11965e-09    STRATEGY= 1      ERROR MATRIX ACCURATE 
  EXT PARAMETER                                   STEP         FIRST   
  NO.   NAME      VALUE            ERROR          SIZE      DERIVATIVE 
   1  Constant     2.11330e+02   4.49642e+00   8.25827e-03  -1.90409e-05
   2  Mean        -9.73509e-02   6.36032e-03   1.60791e-05   2.21518e-03
   3  Sigma        3.20865e-01   7.80762e-03   1.70492e-05   4.35549e-03
 FCN=27.2878 FROM MIGRAD    STATUS=CONVERGED      77 CALLS          78 TOTAL
                     EDM=1.67506e-07    STRATEGY= 1      ERROR MATRIX ACCURATE 
  EXT PARAMETER                                   STEP         FIRST   
  NO.   NAME      VALUE            ERROR          SIZE      DERIVATIVE 
   1  Constant     2.04218e+02   4.28470e+00   8.12763e-03   1.09032e-04
   2  Mean        -6.67484e-02   8.17512e-03   1.89463e-05  -1.03067e-02
   3  Sigma        3.51295e-01   9.87909e-03   1.95649e-05   7.27736e-02
 FCN=20.2642 FROM MIGRAD    STATUS=CONVERGED      76 CALLS          77 TOTAL
                     EDM=1.92136e-09    STRATEGY= 1      ERROR MATRIX ACCURATE 
  EXT PARAMETER                                   STEP         FIRST   
  NO.   NAME      VALUE            ERROR          SIZE      DERIVATIVE 
   1  Constant     1.46235e+02   3.70806e+00   5.93979e-03  -8.06458e-06
   2  Mean        -1.64595e-01   8.41661e-03   1.89277e-05   1.76710e-03
   3  Sigma        3.45703e-01   1.11939e-02   2.04435e-05   2.81799e-03
 FCN=34.8193 FROM MIGRAD    STATUS=CONVERGED      78 CALLS          79 TOTAL
                     EDM=3.60871e-08    STRATEGY= 1      ERROR MATRIX ACCURATE 
  EXT PARAMETER                                   STEP         FIRST   
  NO.   NAME      VALUE            ERROR          SIZE      DERIVATIVE 
   1  Constant     9.86886e+01   3.09689e+00   6.35349e-03  -1.56757e-05
   2  Mean        -1.20145e-01   1.00800e-02   2.94131e-05   7.88429e-03
   3  Sigma        3.41668e-01   1.36391e-02   3.21492e-05   1.43096e-02
 FCN=30.5289 FROM MIGRAD    STATUS=CONVERGED      67 CALLS          68 TOTAL
                     EDM=3.23623e-07    STRATEGY= 1      ERROR MATRIX ACCURATE 
  EXT PARAMETER                                   STEP         FIRST   
  NO.   NAME      VALUE            ERROR          SIZE      DERIVATIVE 
   1  Constant     4.35196e+01   1.99699e+00   4.10854e-03  -4.68721e-04
   2  Mean        -7.87353e-03   1.33098e-02   3.56243e-05   4.35592e-03
   3  Sigma        3.04131e-01   1.43872e-02   3.56508e-05  -1.34206e-02
Info in <TCanvas::Print>: Current canvas added to pdf file /home/had/suharu/work/e40/ana/pdf/trigger_study/btof12_04471.pdf
 FCN=12.6585 FROM MIGRAD    STATUS=CONVERGED     109 CALLS         110 TOTAL
                     EDM=8.03991e-07    STRATEGY= 1      ERROR MATRIX ACCURATE 
  EXT PARAMETER                                   STEP         FIRST   
  NO.   NAME      VALUE            ERROR          SIZE      DERIVATIVE 
   1  Constant     1.99647e+00   4.50363e-01   5.73581e-04  -2.94404e-03
   2  Mean         2.41605e-01   2.07409e-01   2.68257e-04  -6.93759e-03
   3  Sigma        4.91854e-01   3.35958e-01   3.53170e-04  -4.06743e-03
 FCN=26.5755 FROM MIGRAD    STATUS=CONVERGED      68 CALLS          69 TOTAL
                     EDM=7.47578e-08    STRATEGY= 1      ERROR MATRIX ACCURATE 
  EXT PARAMETER                                   STEP         FIRST   
  NO.   NAME      VALUE            ERROR          SIZE      DERIVATIVE 
   1  Constant     2.25680e+01   1.64067e+00   3.03146e-03   8.48044e-05
   2  Mean        -2.04483e-01   1.53800e-02   3.68015e-05  -1.82020e-02
   3  Sigma        2.42991e-01   1.61037e-02   4.05785e-05   1.09960e-02
 FCN=25.1273 FROM MIGRAD    STATUS=CONVERGED      68 CALLS          69 TOTAL
                     EDM=3.25937e-07    STRATEGY= 1      ERROR MATRIX ACCURATE 
  EXT PARAMETER                                   STEP         FIRST   
  NO.   NAME      VALUE            ERROR          SIZE      DERIVATIVE 
   1  Constant     3.93382e+01   2.14916e+00   3.91168e-03  -2.32163e-04
   2  Mean         2.91595e-01   1.06953e-02   2.65521e-05   1.08042e-02
   3  Sigma        2.38334e-01   1.12148e-02   3.01340e-05   2.26629e-02
 FCN=24.2655 FROM MIGRAD    STATUS=CONVERGED      68 CALLS          69 TOTAL
                     EDM=2.7461e-08    STRATEGY= 1      ERROR MATRIX ACCURATE 
  EXT PARAMETER                                   STEP         FIRST   
  NO.   NAME      VALUE            ERROR          SIZE      DERIVATIVE 
   1  Constant     4.53767e+01   2.20005e+00   4.07251e-03  -6.67497e-05
   2  Mean         6.64671e-02   1.01743e-02   2.49305e-05   1.26367e-02
   3  Sigma        2.45715e-01   9.96325e-03   2.65818e-05   3.94248e-03
 FCN=32.5488 FROM MIGRAD    STATUS=CONVERGED      68 CALLS          69 TOTAL
                     EDM=4.37899e-07    STRATEGY= 1      ERROR MATRIX ACCURATE 
  EXT PARAMETER                                   STEP         FIRST   
  NO.   NAME      VALUE            ERROR          SIZE      DERIVATIVE 
   1  Constant     2.79954e+01   1.68911e+00   3.64677e-03   9.19229e-05
   2  Mean        -1.68728e-01   1.51894e-02   3.84782e-05   6.87272e-02
   3  Sigma        2.56594e-01   1.40205e-02   3.88766e-05   2.99768e-02
 FCN=19.9895 FROM MIGRAD    STATUS=CONVERGED      67 CALLS          68 TOTAL
                     EDM=4.82402e-07    STRATEGY= 1      ERROR MATRIX ACCURATE 
  EXT PARAMETER                                   STEP         FIRST   
  NO.   NAME      VALUE            ERROR          SIZE      DERIVATIVE 
   1  Constant     9.54992e+00   1.30719e+00   1.88230e-03  -3.68392e-04
   2  Mean         3.06674e-01   1.83315e-02   4.08300e-05  -3.07787e-02
   3  Sigma        1.95996e-01   2.29522e-02   5.55048e-05  -2.98543e-02
 FCN=7.79011 FROM MIGRAD    STATUS=CONVERGED     102 CALLS         103 TOTAL
                     EDM=1.31592e-09    STRATEGY= 1      ERROR MATRIX ACCURATE 
  EXT PARAMETER                                   STEP         FIRST   
  NO.   NAME      VALUE            ERROR          SIZE      DERIVATIVE 
   1  Constant     1.73144e+00   4.65957e-01   5.20163e-04   1.00909e-04
   2  Mean        -1.19584e-01   1.60344e-01   2.04586e-04   7.73865e-05
   3  Sigma        3.77363e-01   2.25638e-01   3.12772e-04   1.76082e-04
 FCN=6.43044 FROM MIGRAD    STATUS=CONVERGED     121 CALLS         122 TOTAL
                     EDM=2.14984e-08    STRATEGY= 1      ERROR MATRIX ACCURATE 
  EXT PARAMETER                                   STEP         FIRST   
  NO.   NAME      VALUE            ERROR          SIZE      DERIVATIVE 
   1  Constant     1.59051e+00   3.76208e-01   3.82980e-04  -2.50417e-04
   2  Mean        -9.74894e-02   5.86642e-01   3.21052e-04  -4.66400e-04
   3  Sigma        6.61382e-01   7.44544e-01   3.73956e-04   2.22868e-04
Info in <TCanvas::Print>: Current canvas added to pdf file /home/had/suharu/work/e40/ana/pdf/trigger_study/btof12_04471.pdf
Info in <TCanvas::Print>: pdf file /home/had/suharu/work/e40/ana/pdf/trigger_study/btof12_04471.pdf has been closed
2.24user 0.41system 0:02.65elapsed 100%CPU (0avgtext+0avgdata 373444maxresident)k
0inputs+0outputs (0major+67622minor)pagefaults 0swaps
