
Processing ../macro/hodprm/HodoParamMaker.C(4462)...
Info in <TCanvas::Print>: pdf file /home/had/suharu/work/e40/ana/pdf/trigger_study/p0_04462.pdf has been created
Info in <TCanvas::Print>: pdf file /home/had/suharu/work/e40/ana/pdf/trigger_study/pede_04462.pdf has been created
Info in <TCanvas::Print>: pdf file /home/had/suharu/work/e40/ana/pdf/trigger_study/mip_04462.pdf has been created
 FCN=1.1318 FROM MIGRAD    STATUS=CONVERGED     103 CALLS         104 TOTAL
                     EDM=1.01003e-07    STRATEGY= 1      ERROR MATRIX ACCURATE 
  EXT PARAMETER                                   STEP         FIRST   
  NO.   NAME      VALUE            ERROR          SIZE      DERIVATIVE 
   1  Constant     2.31704e+01   3.44901e+00   1.63588e-03  -1.83908e-04
   2  Mean         8.48105e+02   6.73900e-01   4.05000e-04  -3.29632e-04
   3  Sigma        2.81048e+00   1.40028e+00   1.09680e-04  -1.76197e-03
 FCN=0.0517091 FROM MIGRAD    STATUS=CONVERGED      78 CALLS          79 TOTAL
                     EDM=1.45882e-07    STRATEGY= 1      ERROR MATRIX ACCURATE 
  EXT PARAMETER                                   STEP         FIRST   
  NO.   NAME      VALUE            ERROR          SIZE      DERIVATIVE 
   1  Constant     2.43145e+01   3.58561e+00   1.26983e-03  -9.32093e-05
   2  Mean         8.83411e+02   2.68558e-01   4.21243e-04   1.09170e-03
   3  Sigma        1.79144e+00   3.78894e-01   3.03115e-05   2.18565e-03
 FCN=750.367 FROM MIGRAD    STATUS=CONVERGED      75 CALLS          76 TOTAL
                     EDM=2.41667e-08    STRATEGY= 1      ERROR MATRIX ACCURATE 
  EXT PARAMETER                                   STEP         FIRST   
  NO.   NAME      VALUE            ERROR          SIZE      DERIVATIVE 
   1  Constant     1.26651e+04   8.28696e+01   8.14650e-01   2.47018e-06
   2  Mean         1.55245e+02   1.03150e-02   1.22383e-04  -7.29439e-03
   3  Sigma        1.50883e+00   1.10826e-02   2.52403e-05   8.73276e-02
 FCN=11.5487 FROM MIGRAD    STATUS=CONVERGED      64 CALLS          65 TOTAL
                     EDM=2.5559e-07    STRATEGY= 1      ERROR MATRIX ACCURATE 
  EXT PARAMETER                                   STEP         FIRST   
  NO.   NAME      VALUE            ERROR          SIZE      DERIVATIVE 
   1  Constant     1.47579e+04   9.32745e+01   1.20463e-01   5.83549e-06
   2  Mean         1.24330e+02   6.91583e-03   5.92852e-05   1.93194e-02
   3  Sigma        1.27172e+00   7.00911e-03   2.54115e-06  -9.98606e-02
 FCN=27.5071 FROM MIGRAD    STATUS=CONVERGED     395 CALLS         396 TOTAL
                     EDM=4.98625e-08    STRATEGY= 1      ERROR MATRIX ACCURATE 
  EXT PARAMETER                                   STEP         FIRST   
  NO.   NAME      VALUE            ERROR          SIZE      DERIVATIVE 
   1  Constant     2.59489e+00   3.17284e+00   9.60806e-04   1.81956e-04
   2  Mean         4.30829e+02   1.21139e+02   3.52805e-02   6.47188e-06
   3  Sigma        8.28445e+01   7.90262e+01   3.61917e-02   3.51442e-06
 FCN=15.5131 FROM MIGRAD    STATUS=CONVERGED     111 CALLS         112 TOTAL
                     EDM=4.3861e-08    STRATEGY= 1      ERROR MATRIX ACCURATE 
  EXT PARAMETER                                   STEP         FIRST   
  NO.   NAME      VALUE            ERROR          SIZE      DERIVATIVE 
   1  Constant     2.08932e+00   4.22087e-01   6.14418e-04  -4.56581e-04
   2  Mean         5.11960e+02   7.30275e+00   1.03423e-02   4.23336e-05
   3  Sigma        1.76387e+01   1.15547e+01   3.83057e-04  -4.48160e-04
 FCN=1.92571 FROM MIGRAD    STATUS=CONVERGED      94 CALLS          95 TOTAL
                     EDM=8.45709e-10    STRATEGY= 1      ERROR MATRIX ACCURATE 
  EXT PARAMETER                                   STEP         FIRST   
  NO.   NAME      VALUE            ERROR          SIZE      DERIVATIVE 
   1  Constant     1.45046e+00   5.07081e-01   2.93102e-04  -5.07829e-05
   2  Mean         5.06961e-02   4.28930e-01   3.12646e-04  -6.81919e-05
   3  Sigma        8.59106e-01   7.35077e-01   2.23938e-04   4.03755e-05
 FCN=3.7059 FROM MIGRAD    STATUS=CONVERGED     215 CALLS         216 TOTAL
                     EDM=7.66031e-07    STRATEGY= 1      ERROR MATRIX ACCURATE 
  EXT PARAMETER                                   STEP         FIRST   
  NO.   NAME      VALUE            ERROR          SIZE      DERIVATIVE 
   1  Constant     9.49144e+01   2.71213e+01   4.71460e-03  -2.38786e-04
   2  Mean         8.73955e+02   2.85648e+01   2.12333e-03   5.80678e-04
   3  Sigma        1.25575e+01   7.71131e+00   1.32063e-03  -9.30349e-04
 FCN=4.76868 FROM MIGRAD    STATUS=CONVERGED     243 CALLS         244 TOTAL
                     EDM=5.65883e-07    STRATEGY= 1      ERROR MATRIX ACCURATE 
  EXT PARAMETER                                   STEP         FIRST   
  NO.   NAME      VALUE            ERROR          SIZE      DERIVATIVE 
   1  Constant     8.71611e+01   6.48183e+00   4.91035e-03  -1.17527e-04
   2  Mean         8.27454e+02   5.72652e+00   6.88840e-03  -1.38472e-04
   3  Sigma        1.29727e+01   9.56248e+00   1.47055e-02  -6.67735e-05
 FCN=10.705 FROM MIGRAD    STATUS=CONVERGED      70 CALLS          71 TOTAL
                     EDM=2.04545e-10    STRATEGY= 1      ERROR MATRIX ACCURATE 
  EXT PARAMETER                                   STEP         FIRST   
  NO.   NAME      VALUE            ERROR          SIZE      DERIVATIVE 
   1  Constant     1.29378e+04   8.71068e+01   1.08275e-01  -1.48130e-07
   2  Mean         1.23512e+02   7.41468e-03   5.88951e-05  -3.02438e-04
   3  Sigma        1.28852e+00   7.64093e-03   2.65415e-06  -1.22752e-02
 FCN=70.9311 FROM MIGRAD    STATUS=CONVERGED      61 CALLS          62 TOTAL
                     EDM=2.56941e-10    STRATEGY= 1      ERROR MATRIX ACCURATE 
  EXT PARAMETER                                   STEP         FIRST   
  NO.   NAME      VALUE            ERROR          SIZE      DERIVATIVE 
   1  Constant     1.33318e+04   8.85472e+01   2.74250e-01  -1.63497e-07
   2  Mean         1.10506e+02   7.19259e-03   5.26934e-05   4.07225e-04
   3  Sigma        1.26672e+00   7.23536e-03   6.32257e-06  -1.44560e-02
 FCN=34.977 FROM MIGRAD    STATUS=CONVERGED     105 CALLS         106 TOTAL
                     EDM=2.14745e-10    STRATEGY= 1      ERROR MATRIX ACCURATE 
  EXT PARAMETER                                   STEP         FIRST   
  NO.   NAME      VALUE            ERROR          SIZE      DERIVATIVE 
   1  Constant     8.09920e+00   6.98270e-01   1.68143e-03  -2.48125e-05
   2  Mean         6.04443e+02   2.95417e+00   4.81205e-03  -4.11259e-06
   3  Sigma        1.45282e+01   2.90377e+00   1.36587e-04   7.02811e-05
 FCN=43.2865 FROM MIGRAD    STATUS=CONVERGED     407 CALLS         408 TOTAL
                     EDM=7.79071e-08    STRATEGY= 1  ERROR MATRIX UNCERTAINTY   2.9 per cent
  EXT PARAMETER                                   STEP         FIRST   
  NO.   NAME      VALUE            ERROR          SIZE      DERIVATIVE 
   1  Constant     1.47426e+01   1.15955e+01   3.87338e-03  -1.12007e-04
   2  Mean         4.55570e+02   5.48033e+01  -1.94393e-02  -2.58899e-05
   3  Sigma        8.60326e+01   6.61126e+01   3.86693e-03  -1.41615e-04
 FCN=25.7186 FROM MIGRAD    STATUS=CONVERGED     356 CALLS         357 TOTAL
                     EDM=1.18152e-08    STRATEGY= 1      ERROR MATRIX ACCURATE 
  EXT PARAMETER                                   STEP         FIRST   
  NO.   NAME      VALUE            ERROR          SIZE      DERIVATIVE 
   1  Constant     1.52475e+00   2.45441e-01   5.22332e-04  -5.04247e-04
   2  Mean        -4.22916e-01   6.39438e+00   8.18368e-03  -3.57775e-05
   3  Sigma        3.54402e+00   3.63844e+00   2.00863e-02  -7.55217e-06
 FCN=0.276603 FROM MIGRAD    STATUS=CONVERGED      98 CALLS          99 TOTAL
                     EDM=3.14154e-07    STRATEGY= 1      ERROR MATRIX ACCURATE 
  EXT PARAMETER                                   STEP         FIRST   
  NO.   NAME      VALUE            ERROR          SIZE      DERIVATIVE 
   1  Constant     3.04714e+02   1.23135e+01   4.45884e-03   7.64991e-05
   2  Mean         8.33459e+02   2.72274e-01   3.97424e-04   1.46558e-03
   3  Sigma        3.75625e+00   8.47871e-01   4.99343e-05   3.07867e-03
 FCN=1.01453 FROM MIGRAD    STATUS=CONVERGED     108 CALLS         109 TOTAL
                     EDM=1.08673e-08    STRATEGY= 1      ERROR MATRIX ACCURATE 
  EXT PARAMETER                                   STEP         FIRST   
  NO.   NAME      VALUE            ERROR          SIZE      DERIVATIVE 
   1  Constant     3.08541e+02   1.20923e+01   5.76006e-03  -1.18980e-05
   2  Mean         8.61009e+02   2.32074e-01   4.10561e-04   4.23609e-04
   3  Sigma        3.06344e+00   4.76105e-01   3.31883e-05  -2.56161e-04
 FCN=314.344 FROM MIGRAD    STATUS=CONVERGED      65 CALLS          66 TOTAL
                     EDM=4.2103e-09    STRATEGY= 1      ERROR MATRIX ACCURATE 
  EXT PARAMETER                                   STEP         FIRST   
  NO.   NAME      VALUE            ERROR          SIZE      DERIVATIVE 
   1  Constant     1.05777e+04   8.14864e+01   5.30759e-01   2.56245e-07
   2  Mean         1.23467e+02   7.46475e-03   6.33037e-05   9.75394e-03
   3  Sigma        1.15574e+00   6.99226e-03   1.35845e-05  -2.70978e-02
 FCN=79.7595 FROM MIGRAD    STATUS=CONVERGED      62 CALLS          63 TOTAL
                     EDM=1.44631e-07    STRATEGY= 1      ERROR MATRIX ACCURATE 
  EXT PARAMETER                                   STEP         FIRST   
  NO.   NAME      VALUE            ERROR          SIZE      DERIVATIVE 
   1  Constant     1.05624e+04   8.01916e+01   2.77931e-01   4.49256e-06
   2  Mean         8.61305e+01   8.10478e-03   4.10702e-05  -6.49754e-02
   3  Sigma        1.09363e+00   6.53370e-03   6.70408e-06   1.68510e-01
 FCN=38.5733 FROM MIGRAD    STATUS=CONVERGED     123 CALLS         124 TOTAL
                     EDM=1.11894e-08    STRATEGY= 1      ERROR MATRIX ACCURATE 
  EXT PARAMETER                                   STEP         FIRST   
  NO.   NAME      VALUE            ERROR          SIZE      DERIVATIVE 
   1  Constant     3.47997e+01   1.43534e+00   3.43831e-03   9.59941e-05
   2  Mean         4.99373e+02   4.02146e+00   5.14170e-03  -1.34584e-05
   3  Sigma        2.35105e+01   5.79129e+00   1.85168e-04  -2.82468e-05
 FCN=29.5818 FROM MIGRAD    STATUS=CONVERGED     130 CALLS         131 TOTAL
                     EDM=4.59184e-09    STRATEGY= 1      ERROR MATRIX ACCURATE 
  EXT PARAMETER                                   STEP         FIRST   
  NO.   NAME      VALUE            ERROR          SIZE      DERIVATIVE 
   1  Constant     3.21307e+01   1.51617e+00   2.77369e-03  -1.05955e-05
   2  Mean         4.66215e+02   9.48917e+00   2.22994e-02   1.96192e-06
   3  Sigma        4.86365e+01   6.59927e+01   1.95870e-03   7.64401e-05
 FCN=105.298 FROM MIGRAD    STATUS=CONVERGED     119 CALLS         120 TOTAL
                     EDM=1.60508e-07    STRATEGY= 1      ERROR MATRIX ACCURATE 
  EXT PARAMETER                                   STEP         FIRST   
  NO.   NAME      VALUE            ERROR          SIZE      DERIVATIVE 
   1  Constant     2.08077e+01   3.38692e+00   8.04156e-03  -1.46158e-04
   2  Mean         1.53130e-01   1.54437e-02   4.46826e-05   3.78705e-03
   3  Sigma        1.14266e-01   1.66810e-02   5.40002e-05   1.12255e-03
 FCN=1.28303 FROM MIGRAD    STATUS=CONVERGED     115 CALLS         116 TOTAL
                     EDM=7.37779e-09    STRATEGY= 1  ERROR MATRIX UNCERTAINTY   2.3 per cent
  EXT PARAMETER                                   STEP         FIRST   
  NO.   NAME      VALUE            ERROR          SIZE      DERIVATIVE 
   1  Constant     5.05541e+02   1.57480e+01  -7.72749e-03   1.16923e-05
   2  Mean         8.86624e+02   4.10687e-01   4.74925e-05   1.60190e-04
   3  Sigma        5.26785e+00   1.76761e+00  -3.76777e-04   7.90728e-04
 FCN=0.296575 FROM MIGRAD    STATUS=CONVERGED      94 CALLS          95 TOTAL
                     EDM=2.4744e-09    STRATEGY= 1  ERROR MATRIX UNCERTAINTY   3.7 per cent
  EXT PARAMETER                                   STEP         FIRST   
  NO.   NAME      VALUE            ERROR          SIZE      DERIVATIVE 
   1  Constant     5.23611e+02   1.59565e+01   1.04723e-01   4.71730e-06
   2  Mean         8.96165e+02   1.81691e-01   1.18937e-03  -3.80795e-04
   3  Sigma        3.28881e+00   4.45397e-01  -4.10582e-04  -7.97786e-05
 FCN=16.181 FROM MIGRAD    STATUS=CONVERGED      93 CALLS          94 TOTAL
                     EDM=7.247e-09    STRATEGY= 1      ERROR MATRIX ACCURATE 
  EXT PARAMETER                                   STEP         FIRST   
  NO.   NAME      VALUE            ERROR          SIZE      DERIVATIVE 
   1  Constant     4.91364e+03   5.01345e+01   6.95263e-02  -3.49946e-06
   2  Mean         1.67341e+02   2.77396e-02   7.97945e-05  -2.17452e-04
   3  Sigma        2.26797e+00   5.02066e-02   1.38256e-05  -1.21928e-02
 FCN=228.833 FROM MIGRAD    STATUS=CONVERGED      64 CALLS          65 TOTAL
                     EDM=5.48856e-09    STRATEGY= 1      ERROR MATRIX ACCURATE 
  EXT PARAMETER                                   STEP         FIRST   
  NO.   NAME      VALUE            ERROR          SIZE      DERIVATIVE 
   1  Constant     7.09464e+03   6.46281e+01   3.53353e-01  -6.84127e-07
   2  Mean         1.39606e+02   1.06586e-02   7.55225e-05   9.67839e-03
   3  Sigma        1.30897e+00   1.08681e-02   1.59620e-05  -2.56892e-02
 FCN=39.2975 FROM MIGRAD    STATUS=CONVERGED     117 CALLS         118 TOTAL
                     EDM=5.25741e-08    STRATEGY= 1      ERROR MATRIX ACCURATE 
  EXT PARAMETER                                   STEP         FIRST   
  NO.   NAME      VALUE            ERROR          SIZE      DERIVATIVE 
   1  Constant     5.32777e+01   1.91888e+00   4.21392e-03   1.42054e-04
   2  Mean         4.26512e+02   2.06797e+00   5.13288e-03  -1.15315e-04
   3  Sigma        2.42776e+01   5.06123e+00   2.43091e-04   4.10543e-03
 FCN=26.6981 FROM MIGRAD    STATUS=CONVERGED      99 CALLS         100 TOTAL
                     EDM=6.82441e-07    STRATEGY= 1      ERROR MATRIX ACCURATE 
  EXT PARAMETER                                   STEP         FIRST   
  NO.   NAME      VALUE            ERROR          SIZE      DERIVATIVE 
   1  Constant     5.09603e+01   1.97017e+00   3.44136e-03   7.46509e-04
   2  Mean         4.78192e+02   1.42237e+00   3.48477e-03   4.59887e-05
   3  Sigma        2.11035e+01   3.62390e+00   1.66223e-04   5.01650e-03
 FCN=83.7392 FROM MIGRAD    STATUS=CONVERGED     103 CALLS         104 TOTAL
                     EDM=4.81801e-10    STRATEGY= 1      ERROR MATRIX ACCURATE 
  EXT PARAMETER                                   STEP         FIRST   
  NO.   NAME      VALUE            ERROR          SIZE      DERIVATIVE 
   1  Constant     1.64144e+01   1.61013e+00   4.72066e-03   2.29343e-05
   2  Mean         2.69365e-01   1.40204e-02   5.98652e-05   1.34234e-03
   3  Sigma        2.07828e-01   1.54885e-02   5.26302e-05   7.69491e-04
 FCN=3.59375 FROM MIGRAD    STATUS=CONVERGED     123 CALLS         124 TOTAL
                     EDM=3.12256e-08    STRATEGY= 1  ERROR MATRIX UNCERTAINTY   2.8 per cent
  EXT PARAMETER                                   STEP         FIRST   
  NO.   NAME      VALUE            ERROR          SIZE      DERIVATIVE 
   1  Constant     4.03355e+02   1.42636e+01   1.71984e-02  -1.06382e-05
   2  Mean         8.06313e+02   5.26233e-01   1.79821e-03   2.74338e-04
   3  Sigma        5.56652e+00   2.39684e+00  -4.81042e-04   5.83834e-04
 FCN=0.455597 FROM MIGRAD    STATUS=CONVERGED     155 CALLS         156 TOTAL
                     EDM=3.95672e-09    STRATEGY= 1      ERROR MATRIX ACCURATE 
  EXT PARAMETER                                   STEP         FIRST   
  NO.   NAME      VALUE            ERROR          SIZE      DERIVATIVE 
   1  Constant     3.76698e+02   1.19278e+01   5.20669e-03   7.46702e-06
   2  Mean         7.99491e+02   1.30457e+00   3.81227e-04  -4.91736e-05
   3  Sigma        6.34782e+00   3.46034e+00   1.18084e-04   2.95836e-04
 FCN=36.9866 FROM MIGRAD    STATUS=CONVERGED      74 CALLS          75 TOTAL
                     EDM=4.77203e-07    STRATEGY= 1  ERROR MATRIX UNCERTAINTY   3.0 per cent
  EXT PARAMETER                                   STEP         FIRST   
  NO.   NAME      VALUE            ERROR          SIZE      DERIVATIVE 
   1  Constant     7.78897e+03   6.31827e+01   1.74066e-01   2.29689e-05
   2  Mean         1.41517e+02   1.80629e-02   1.49733e-04  -7.34953e-03
   3  Sigma        2.03122e+00   2.89154e-02  -9.47946e-06   3.04649e-01
 FCN=18.7036 FROM MIGRAD    STATUS=CONVERGED      75 CALLS          76 TOTAL
                     EDM=6.71901e-07    STRATEGY= 1      ERROR MATRIX ACCURATE 
  EXT PARAMETER                                   STEP         FIRST   
  NO.   NAME      VALUE            ERROR          SIZE      DERIVATIVE 
   1  Constant     7.08538e+03   6.12837e+01   9.58811e-02   1.37948e-05
   2  Mean         1.39120e+02   1.58665e-02   6.63374e-05   2.26616e-02
   3  Sigma        1.68259e+00   1.95316e-02   6.67585e-06   3.65269e-01
 FCN=29.2706 FROM MIGRAD    STATUS=CONVERGED     107 CALLS         108 TOTAL
                     EDM=1.33968e-07    STRATEGY= 1      ERROR MATRIX ACCURATE 
  EXT PARAMETER                                   STEP         FIRST   
  NO.   NAME      VALUE            ERROR          SIZE      DERIVATIVE 
   1  Constant     6.28020e+01   2.16929e+00   4.04216e-03  -1.77920e-04
   2  Mean         2.36795e+02   1.05138e+00   2.63605e-03   3.34422e-04
   3  Sigma        1.88085e+01   2.30428e+00   1.15930e-04   1.20174e-03
 FCN=28.4742 FROM MIGRAD    STATUS=CONVERGED     185 CALLS         186 TOTAL
                     EDM=8.96054e-08    STRATEGY= 1      ERROR MATRIX ACCURATE 
  EXT PARAMETER                                   STEP         FIRST   
  NO.   NAME      VALUE            ERROR          SIZE      DERIVATIVE 
   1  Constant     4.02220e+01   1.36852e+01   3.28937e-03  -2.22948e-04
   2  Mean         3.60043e+02   7.36183e+01   8.45505e-03  -6.58787e-05
   3  Sigma        6.00036e+01   7.27456e+01   3.13568e-04  -1.09903e-03
 FCN=43.7161 FROM MIGRAD    STATUS=CONVERGED      99 CALLS         100 TOTAL
                     EDM=8.52448e-09    STRATEGY= 1      ERROR MATRIX ACCURATE 
  EXT PARAMETER                                   STEP         FIRST   
  NO.   NAME      VALUE            ERROR          SIZE      DERIVATIVE 
   1  Constant     9.09783e+00   1.48739e+00   2.50831e-03  -1.02520e-04
   2  Mean         2.34419e-01   2.30674e-02   6.58640e-05   2.39763e-03
   3  Sigma        2.24032e-01   3.60226e-02   6.59959e-05  -3.15724e-04
 FCN=6.66865 FROM MIGRAD    STATUS=CONVERGED     134 CALLS         135 TOTAL
                     EDM=3.33158e-08    STRATEGY= 1      ERROR MATRIX ACCURATE 
  EXT PARAMETER                                   STEP         FIRST   
  NO.   NAME      VALUE            ERROR          SIZE      DERIVATIVE 
   1  Constant     4.36919e+02   1.31351e+01   1.29932e-02   1.53781e-05
   2  Mean         7.85631e+02   6.80058e-01   4.47549e-04  -1.27337e-04
   3  Sigma        4.91487e+00   1.58628e+00   1.36803e-04  -5.29369e-04
 FCN=0.153098 FROM MIGRAD    STATUS=CONVERGED     119 CALLS         120 TOTAL
                     EDM=1.19095e-07    STRATEGY= 1      ERROR MATRIX ACCURATE 
  EXT PARAMETER                                   STEP         FIRST   
  NO.   NAME      VALUE            ERROR          SIZE      DERIVATIVE 
   1  Constant     4.45133e+02   1.47597e+01   5.05371e-03   2.97512e-06
   2  Mean         9.53437e+02   3.66255e-01   4.54634e-04  -1.27951e-03
   3  Sigma        4.84012e+00   1.45804e+00   7.48769e-05  -7.07689e-04
 FCN=239.986 FROM MIGRAD    STATUS=CONVERGED      69 CALLS          70 TOTAL
                     EDM=1.00492e-06    STRATEGY= 1      ERROR MATRIX ACCURATE 
  EXT PARAMETER                                   STEP         FIRST   
  NO.   NAME      VALUE            ERROR          SIZE      DERIVATIVE 
   1  Constant     8.80614e+03   7.30083e+01   4.04840e-01  -1.44693e-05
   2  Mean         1.13480e+02   9.15087e-03   6.83573e-05   1.30074e-01
   3  Sigma        1.29272e+00   9.65693e-03   1.47977e-05  -4.05973e-01
 FCN=286.545 FROM MIGRAD    STATUS=CONVERGED      71 CALLS          72 TOTAL
                     EDM=2.36743e-08    STRATEGY= 1      ERROR MATRIX ACCURATE 
  EXT PARAMETER                                   STEP         FIRST   
  NO.   NAME      VALUE            ERROR          SIZE      DERIVATIVE 
   1  Constant     8.57324e+03   7.21139e+01   4.24748e-01  -4.20417e-06
   2  Mean         1.26166e+02   1.03650e-02   8.46698e-05  -4.24675e-04
   3  Sigma        1.40985e+00   1.23461e-02   1.89869e-05  -7.28998e-02
 FCN=32.2903 FROM MIGRAD    STATUS=CONVERGED     203 CALLS         204 TOTAL
                     EDM=2.19761e-07    STRATEGY= 1      ERROR MATRIX ACCURATE 
  EXT PARAMETER                                   STEP         FIRST   
  NO.   NAME      VALUE            ERROR          SIZE      DERIVATIVE 
   1  Constant     3.33353e+01   1.75617e+00   2.96846e-03  -2.59398e-04
   2  Mean         3.92585e+02   3.14802e+01   1.96173e-02   6.09375e-05
   3  Sigma        5.56828e+01   7.20753e+01   1.25219e-03  -1.21608e-03
 FCN=40.7498 FROM MIGRAD    STATUS=CONVERGED     158 CALLS         159 TOTAL
                     EDM=4.03524e-07    STRATEGY= 1      ERROR MATRIX ACCURATE 
  EXT PARAMETER                                   STEP         FIRST   
  NO.   NAME      VALUE            ERROR          SIZE      DERIVATIVE 
   1  Constant     2.96663e+01   1.93009e+00   3.20431e-03  -5.91099e-04
   2  Mean         3.97669e+02   1.73183e+01   1.08368e-02   1.02340e-04
   3  Sigma        3.82463e+01   2.41194e+01   4.44986e-04  -2.95142e-03
 FCN=43.4488 FROM MIGRAD    STATUS=CONVERGED     122 CALLS         123 TOTAL
                     EDM=4.48199e-09    STRATEGY= 1      ERROR MATRIX ACCURATE 
  EXT PARAMETER                                   STEP         FIRST   
  NO.   NAME      VALUE            ERROR          SIZE      DERIVATIVE 
   1  Constant     5.46172e+00   9.38686e-01   1.59324e-03  -5.68101e-05
   2  Mean         2.80770e-01   5.65057e-02   1.25885e-04  -6.80755e-05
   3  Sigma        3.75696e-01   7.80979e-02   9.97959e-05  -1.98308e-03
 FCN=1.15847 FROM MIGRAD    STATUS=CONVERGED     106 CALLS         107 TOTAL
                     EDM=6.32463e-07    STRATEGY= 1      ERROR MATRIX ACCURATE 
  EXT PARAMETER                                   STEP         FIRST   
  NO.   NAME      VALUE            ERROR          SIZE      DERIVATIVE 
   1  Constant     4.28266e+02   1.41975e+01   6.84979e-03  -1.05143e-04
   2  Mean         7.84940e+02   3.37415e-01   3.74289e-04  -2.95943e-04
   3  Sigma        4.15002e+00   9.65780e-01   6.21138e-05  -8.91696e-03
 FCN=7.21019 FROM MIGRAD    STATUS=CONVERGED     269 CALLS         270 TOTAL
                     EDM=2.4861e-07    STRATEGY= 1      ERROR MATRIX ACCURATE 
  EXT PARAMETER                                   STEP         FIRST   
  NO.   NAME      VALUE            ERROR          SIZE      DERIVATIVE 
   1  Constant     4.14816e+02   1.38392e+01   1.27998e-02  -5.65322e-05
   2  Mean         9.64047e+02   2.75358e+00   2.64796e-03   2.04546e-04
   3  Sigma        1.13656e+01   1.24082e+01   2.59138e-03   3.76342e-04
 FCN=56.5779 FROM MIGRAD    STATUS=CONVERGED      78 CALLS          79 TOTAL
                     EDM=5.45472e-09    STRATEGY= 1      ERROR MATRIX ACCURATE 
  EXT PARAMETER                                   STEP         FIRST   
  NO.   NAME      VALUE            ERROR          SIZE      DERIVATIVE 
   1  Constant     9.85687e+03   7.50873e+01   2.17738e-01  -1.04131e-06
   2  Mean         1.52044e+02   9.07430e-03   7.25004e-05  -8.82154e-03
   3  Sigma        1.19972e+00   7.70666e-03   6.11462e-06  -1.96788e-02
 FCN=149.425 FROM MIGRAD    STATUS=CONVERGED      71 CALLS          72 TOTAL
                     EDM=1.00208e-10    STRATEGY= 1      ERROR MATRIX ACCURATE 
  EXT PARAMETER                                   STEP         FIRST   
  NO.   NAME      VALUE            ERROR          SIZE      DERIVATIVE 
   1  Constant     9.34255e+03   7.32854e+01   3.33956e-01  -5.60985e-08
   2  Mean         1.50803e+02   9.22333e-03   7.19086e-05  -1.20106e-03
   3  Sigma        1.25820e+00   8.55538e-03   1.05518e-05   4.23496e-03
 FCN=38.86 FROM MIGRAD    STATUS=CONVERGED     122 CALLS         123 TOTAL
                     EDM=3.5466e-07    STRATEGY= 1      ERROR MATRIX ACCURATE 
  EXT PARAMETER                                   STEP         FIRST   
  NO.   NAME      VALUE            ERROR          SIZE      DERIVATIVE 
   1  Constant     2.98339e+01   1.50870e+00   3.14295e-03   4.18077e-04
   2  Mean         3.86296e+02   3.04709e+00   6.64021e-03   2.41911e-04
   3  Sigma        2.41979e+01   7.52313e+00   3.16148e-04   2.86544e-04
 FCN=27.9296 FROM MIGRAD    STATUS=CONVERGED      96 CALLS          97 TOTAL
                     EDM=1.38139e-07    STRATEGY= 1      ERROR MATRIX ACCURATE 
  EXT PARAMETER                                   STEP         FIRST   
  NO.   NAME      VALUE            ERROR          SIZE      DERIVATIVE 
   1  Constant     2.96157e+01   1.45873e+00   2.68529e-03   2.43536e-04
   2  Mean         4.19688e+02   1.97781e+00   4.59600e-03  -9.31418e-05
   3  Sigma        2.10705e+01   4.57409e+00   2.08406e-04  -1.97262e-03
 FCN=37.9642 FROM MIGRAD    STATUS=CONVERGED      88 CALLS          89 TOTAL
                     EDM=8.36136e-09    STRATEGY= 1      ERROR MATRIX ACCURATE 
  EXT PARAMETER                                   STEP         FIRST   
  NO.   NAME      VALUE            ERROR          SIZE      DERIVATIVE 
   1  Constant     3.04962e+00   5.09132e-01   1.07300e-03  -2.96710e-04
   2  Mean         2.63109e-01   6.89648e-02   2.09273e-04   3.75525e-04
   3  Sigma        4.50208e-01   9.46445e-02   1.79479e-04  -4.63698e-04
 FCN=2.97122 FROM MIGRAD    STATUS=CONVERGED     115 CALLS         116 TOTAL
                     EDM=3.55725e-09    STRATEGY= 1      ERROR MATRIX ACCURATE 
  EXT PARAMETER                                   STEP         FIRST   
  NO.   NAME      VALUE            ERROR          SIZE      DERIVATIVE 
   1  Constant     4.36824e+02   1.38557e+01   9.38786e-03  -9.84411e-07
   2  Mean         8.13925e+02   3.96637e-01   3.88110e-04   9.10160e-06
   3  Sigma        4.21905e+00   1.00181e+00   7.96805e-05  -5.71624e-04
 FCN=2.93057 FROM MIGRAD    STATUS=CONVERGED     126 CALLS         127 TOTAL
                     EDM=3.13517e-07    STRATEGY= 1      ERROR MATRIX ACCURATE 
  EXT PARAMETER                                   STEP         FIRST   
  NO.   NAME      VALUE            ERROR          SIZE      DERIVATIVE 
   1  Constant     4.36496e+02   1.47872e+01   9.23674e-03  -2.70645e-06
   2  Mean         9.56512e+02   3.61880e-01   4.56100e-04  -2.16487e-03
   3  Sigma        4.79787e+00   1.46186e+00   1.41063e-04   5.56092e-04
 FCN=95.2637 FROM MIGRAD    STATUS=CONVERGED      70 CALLS          71 TOTAL
                     EDM=6.5946e-08    STRATEGY= 1      ERROR MATRIX ACCURATE 
  EXT PARAMETER                                   STEP         FIRST   
  NO.   NAME      VALUE            ERROR          SIZE      DERIVATIVE 
   1  Constant     1.04165e+04   7.89530e+01   2.96054e-01  -2.46871e-06
   2  Mean         1.32990e+02   8.07609e-03   6.34145e-05  -3.81310e-02
   3  Sigma        1.12848e+00   6.70965e-03   7.34091e-06   7.23789e-02
 FCN=198.099 FROM MIGRAD    STATUS=CONVERGED      60 CALLS          61 TOTAL
                     EDM=1.26628e-07    STRATEGY= 1      ERROR MATRIX ACCURATE 
  EXT PARAMETER                                   STEP         FIRST   
  NO.   NAME      VALUE            ERROR          SIZE      DERIVATIVE 
   1  Constant     1.02880e+04   7.76640e+01   4.03090e-01  -7.68555e-06
   2  Mean         1.54638e+02   8.36167e-03   7.37372e-05   1.99119e-02
   3  Sigma        1.25057e+00   8.02630e-03   1.15984e-05  -1.16217e-01
 FCN=41.7922 FROM MIGRAD    STATUS=CONVERGED     167 CALLS         168 TOTAL
                     EDM=4.25393e-07    STRATEGY= 1      ERROR MATRIX ACCURATE 
  EXT PARAMETER                                   STEP         FIRST   
  NO.   NAME      VALUE            ERROR          SIZE      DERIVATIVE 
   1  Constant     6.07045e+01   2.06845e+00   4.63755e-03   5.50643e-04
   2  Mean         3.33614e+02   1.65516e+00   4.70512e-03  -1.97921e-04
   3  Sigma        2.32309e+01   4.17681e+00   2.26100e-04   4.91830e-03
 FCN=19.6108 FROM MIGRAD    STATUS=CONVERGED     104 CALLS         105 TOTAL
                     EDM=1.10776e-10    STRATEGY= 1      ERROR MATRIX ACCURATE 
  EXT PARAMETER                                   STEP         FIRST   
  NO.   NAME      VALUE            ERROR          SIZE      DERIVATIVE 
   1  Constant     7.92325e+01   2.44667e+00   3.74171e-03   3.01189e-06
   2  Mean         2.86779e+02   9.45835e-01   1.96511e-03  -1.80099e-06
   3  Sigma        1.89261e+01   2.11190e+00   8.70993e-05   3.32731e-04
 FCN=25.7461 FROM MIGRAD    STATUS=CONVERGED     108 CALLS         109 TOTAL
                     EDM=2.16103e-08    STRATEGY= 1      ERROR MATRIX ACCURATE 
  EXT PARAMETER                                   STEP         FIRST   
  NO.   NAME      VALUE            ERROR          SIZE      DERIVATIVE 
   1  Constant     2.02233e+00   3.56167e-01   6.37294e-04  -1.15094e-04
   2  Mean         2.89866e-01   1.40607e-01   3.38729e-04  -9.54663e-04
   3  Sigma        7.01022e-01   2.09816e-01   2.37197e-04   1.13835e-03
 FCN=0.174872 FROM MIGRAD    STATUS=CONVERGED     122 CALLS         123 TOTAL
                     EDM=2.58702e-07    STRATEGY= 1      ERROR MATRIX ACCURATE 
  EXT PARAMETER                                   STEP         FIRST   
  NO.   NAME      VALUE            ERROR          SIZE      DERIVATIVE 
   1  Constant     3.59682e+02   1.30018e+01   4.59403e-03  -7.59575e-05
   2  Mean         7.55848e+02   4.53935e-01   3.60416e-04   2.05935e-04
   3  Sigma        4.76226e+00   1.54977e+00   7.39696e-05  -4.41564e-03
 FCN=0.822137 FROM MIGRAD    STATUS=CONVERGED     123 CALLS         124 TOTAL
                     EDM=1.94844e-09    STRATEGY= 1      ERROR MATRIX ACCURATE 
  EXT PARAMETER                                   STEP         FIRST   
  NO.   NAME      VALUE            ERROR          SIZE      DERIVATIVE 
   1  Constant     3.58111e+02   1.33275e+01   5.68888e-03   6.06211e-06
   2  Mean         9.73436e+02   4.35086e-01   4.64170e-04  -4.91014e-05
   3  Sigma        5.00021e+00   1.80407e+00   1.16443e-04   3.06530e-04
 FCN=8.83869 FROM MIGRAD    STATUS=CONVERGED      84 CALLS          85 TOTAL
                     EDM=2.34745e-07    STRATEGY= 1  ERROR MATRIX UNCERTAINTY   3.4 per cent
  EXT PARAMETER                                   STEP         FIRST   
  NO.   NAME      VALUE            ERROR          SIZE      DERIVATIVE 
   1  Constant     5.83292e+03   5.04850e+01  -6.61254e-01  -1.30421e-05
   2  Mean         1.38229e+02   4.60019e-02  -5.58007e-04   1.51682e-02
   3  Sigma        2.55127e+00   6.51123e-02   9.51863e-06  -1.49087e-02
 FCN=0.682537 FROM MIGRAD    STATUS=CONVERGED      73 CALLS          74 TOTAL
                     EDM=1.27591e-09    STRATEGY= 1      ERROR MATRIX ACCURATE 
  EXT PARAMETER                                   STEP         FIRST   
  NO.   NAME      VALUE            ERROR          SIZE      DERIVATIVE 
   1  Constant     8.52471e+03   6.87337e+01   3.26757e-02   8.04785e-07
   2  Mean         9.99372e+01   1.10312e-02   4.76538e-05  -1.04061e-03
   3  Sigma        1.38812e+00   1.12351e-02   1.34050e-06   2.28770e-02
 FCN=32.025 FROM MIGRAD    STATUS=CONVERGED     134 CALLS         135 TOTAL
                     EDM=2.15662e-07    STRATEGY= 1      ERROR MATRIX ACCURATE 
  EXT PARAMETER                                   STEP         FIRST   
  NO.   NAME      VALUE            ERROR          SIZE      DERIVATIVE 
   1  Constant     3.30441e+01   1.47375e+00   2.96088e-03  -3.79235e-04
   2  Mean         4.62273e+02   6.79987e+00   1.06803e-02  -1.69783e-04
   3  Sigma        3.47433e+01   1.86408e+01   5.83901e-04  -2.76460e-03
 FCN=31.4804 FROM MIGRAD    STATUS=CONVERGED     218 CALLS         219 TOTAL
                     EDM=5.85646e-09    STRATEGY= 1      ERROR MATRIX ACCURATE 
  EXT PARAMETER                                   STEP         FIRST   
  NO.   NAME      VALUE            ERROR          SIZE      DERIVATIVE 
   1  Constant     2.47910e+01   1.32649e+00   2.50495e-03  -1.00026e-04
   2  Mean         5.95672e+02   1.47061e+01   3.54577e-02  -1.99361e-06
   3  Sigma        5.66903e+01   7.11958e+01   3.77001e-03  -2.05691e-05
 FCN=14.8327 FROM MIGRAD    STATUS=CONVERGED      99 CALLS         100 TOTAL
                     EDM=2.59351e-07    STRATEGY= 1      ERROR MATRIX ACCURATE 
  EXT PARAMETER                                   STEP         FIRST   
  NO.   NAME      VALUE            ERROR          SIZE      DERIVATIVE 
   1  Constant     2.54541e+00   6.04541e-01   6.53471e-04   1.83753e-03
   2  Mean         3.73144e-01   7.56513e-02   1.42411e-04  -7.78721e-04
   3  Sigma        4.27689e-01   1.42439e-01   1.33457e-04   1.03969e-02
 FCN=2.96239 FROM MIGRAD    STATUS=CONVERGED     155 CALLS         156 TOTAL
                     EDM=2.85045e-08    STRATEGY= 1      ERROR MATRIX ACCURATE 
  EXT PARAMETER                                   STEP         FIRST   
  NO.   NAME      VALUE            ERROR          SIZE      DERIVATIVE 
   1  Constant     1.58941e+02   8.02665e+00   5.55978e-03  -1.57580e-05
   2  Mean         7.96717e+02   1.90968e+00   9.77760e-04  -1.64213e-04
   3  Sigma        6.66360e+00   5.61150e+00   3.97432e-04  -1.65847e-04
 FCN=0.266282 FROM MIGRAD    STATUS=CONVERGED      85 CALLS          86 TOTAL
                     EDM=6.83633e-07    STRATEGY= 1  ERROR MATRIX UNCERTAINTY   3.0 per cent
  EXT PARAMETER                                   STEP         FIRST   
  NO.   NAME      VALUE            ERROR          SIZE      DERIVATIVE 
   1  Constant     1.79363e+02   8.38522e+00  -1.77813e-02  -1.15902e-04
   2  Mean         9.33550e+02   3.92097e-01  -3.70227e-04   3.36042e-03
   3  Sigma        3.12603e+00   6.23016e-01   2.28554e-04  -3.59649e-03
 FCN=121.466 FROM MIGRAD    STATUS=CONVERGED      70 CALLS          71 TOTAL
                     EDM=3.73773e-07    STRATEGY= 1      ERROR MATRIX ACCURATE 
  EXT PARAMETER                                   STEP         FIRST   
  NO.   NAME      VALUE            ERROR          SIZE      DERIVATIVE 
   1  Constant     1.31081e+04   9.06463e+01   3.64333e-01  -3.19989e-06
   2  Mean         1.58126e+02   7.02062e-03   7.54001e-05   1.15237e-01
   3  Sigma        1.19902e+00   7.02344e-03   8.26342e-06   6.71500e-02
 FCN=26.2864 FROM MIGRAD    STATUS=CONVERGED      62 CALLS          63 TOTAL
                     EDM=1.44265e-09    STRATEGY= 1      ERROR MATRIX ACCURATE 
  EXT PARAMETER                                   STEP         FIRST   
  NO.   NAME      VALUE            ERROR          SIZE      DERIVATIVE 
   1  Constant     1.22669e+04   8.41137e+01   1.59714e-01  -4.92721e-07
   2  Mean         1.25515e+02   7.81501e-03   5.98500e-05   2.86526e-03
   3  Sigma        1.31581e+00   8.12136e-03   4.24135e-06  -2.99818e-02
 FCN=31.2863 FROM MIGRAD    STATUS=CONVERGED     116 CALLS         117 TOTAL
                     EDM=6.40103e-09    STRATEGY= 1      ERROR MATRIX ACCURATE 
  EXT PARAMETER                                   STEP         FIRST   
  NO.   NAME      VALUE            ERROR          SIZE      DERIVATIVE 
   1  Constant     1.16445e+01   9.87069e-01   1.81224e-03  -1.15385e-04
   2  Mean         6.48813e+02   2.05428e+00   5.52110e-03   3.79887e-05
   3  Sigma        1.73877e+01   4.65838e+00   2.44917e-04  -3.77747e-04
 FCN=34.6411 FROM MIGRAD    STATUS=CONVERGED     104 CALLS         105 TOTAL
                     EDM=7.82574e-09    STRATEGY= 1      ERROR MATRIX ACCURATE 
  EXT PARAMETER                                   STEP         FIRST   
  NO.   NAME      VALUE            ERROR          SIZE      DERIVATIVE 
   1  Constant     1.59524e+01   1.06540e+00   2.22092e-03   1.19487e-05
   2  Mean         4.71325e+02   2.00253e+00   5.27637e-03   3.89965e-05
   3  Sigma        1.80757e+01   3.92068e+00   2.18476e-04   6.97108e-04
 FCN=8.60995 FROM MIGRAD    STATUS=CONVERGED     106 CALLS         107 TOTAL
                     EDM=1.44156e-06    STRATEGY= 1      ERROR MATRIX ACCURATE 
  EXT PARAMETER                                   STEP         FIRST   
  NO.   NAME      VALUE            ERROR          SIZE      DERIVATIVE 
   1  Constant     1.64458e+00   3.26320e-01   3.87049e-04  -3.43134e-03
   2  Mean         1.87326e-01   2.68725e-01   4.01185e-04   3.18223e-03
   3  Sigma        8.51855e-01   4.18933e-01   3.03710e-04   1.90666e-03
 FCN=1.43121 FROM MIGRAD    STATUS=CONVERGED     145 CALLS         146 TOTAL
                     EDM=1.1588e-08    STRATEGY= 1      ERROR MATRIX ACCURATE 
  EXT PARAMETER                                   STEP         FIRST   
  NO.   NAME      VALUE            ERROR          SIZE      DERIVATIVE 
   1  Constant     4.52515e+01   4.78713e+00   2.33041e-03  -3.93039e-05
   2  Mean         7.64564e+02   1.41218e+00   1.05341e-03  -1.10899e-05
   3  Sigma        5.35018e+00   5.50154e+00   4.54873e-04  -5.34605e-05
 FCN=1.03064 FROM MIGRAD    STATUS=CONVERGED     270 CALLS         271 TOTAL
                     EDM=1.76546e-06    STRATEGY= 1      ERROR MATRIX ACCURATE 
  EXT PARAMETER                                   STEP         FIRST   
  NO.   NAME      VALUE            ERROR          SIZE      DERIVATIVE 
   1  Constant     4.73248e+01   1.38960e+01   2.18596e-03   5.40744e-05
   2  Mean         9.35747e+02   2.88347e+01   2.22150e-03  -2.89385e-05
   3  Sigma        1.38319e+01   1.30151e+01   3.40001e-03  -1.13955e-04
 FCN=9.97308 FROM MIGRAD    STATUS=CONVERGED      91 CALLS          92 TOTAL
                     EDM=8.05558e-10    STRATEGY= 1      ERROR MATRIX ACCURATE 
  EXT PARAMETER                                   STEP         FIRST   
  NO.   NAME      VALUE            ERROR          SIZE      DERIVATIVE 
   1  Constant     1.01944e+04   7.31722e+01   8.52664e-02  -4.65807e-07
   2  Mean         1.45927e+02   1.39392e-02   6.95833e-05   2.05761e-03
   3  Sigma        1.73404e+00   1.75687e-02   4.36529e-06  -3.08908e-03
 FCN=22.124 FROM MIGRAD    STATUS=CONVERGED      64 CALLS          65 TOTAL
                     EDM=6.41268e-11    STRATEGY= 1      ERROR MATRIX ACCURATE 
  EXT PARAMETER                                   STEP         FIRST   
  NO.   NAME      VALUE            ERROR          SIZE      DERIVATIVE 
   1  Constant     1.44377e+04   9.21716e+01   1.62055e-01   1.48343e-08
   2  Mean         1.29503e+02   6.86080e-03   6.17516e-05  -1.35851e-03
   3  Sigma        1.26187e+00   6.89026e-03   3.43446e-06  -2.56806e-03
 FCN=26.4442 FROM MIGRAD    STATUS=CONVERGED     122 CALLS         123 TOTAL
                     EDM=1.33052e-06    STRATEGY= 1      ERROR MATRIX ACCURATE 
  EXT PARAMETER                                   STEP         FIRST   
  NO.   NAME      VALUE            ERROR          SIZE      DERIVATIVE 
   1  Constant     3.38539e+00   4.83712e-01   9.03818e-04   2.20342e-03
   2  Mean         6.00556e+02   6.88998e+00   1.02392e-02  -3.24442e-04
   3  Sigma        1.88308e+01   1.07178e+01   3.86874e-04   4.39913e-03
 FCN=52.507 FROM MIGRAD    STATUS=CONVERGED     822 CALLS         823 TOTAL
                     EDM=2.27444e-07    STRATEGY= 1      ERROR MATRIX ACCURATE 
  EXT PARAMETER                                   STEP         FIRST   
  NO.   NAME      VALUE            ERROR          SIZE      DERIVATIVE 
   1  Constant     3.72246e+01   1.12488e+02   1.37342e-02  -6.21982e-06
   2  Mean         7.02477e+02   1.30032e+02   1.58992e-02   2.95121e-06
   3  Sigma        9.60033e+01   9.55750e+01   9.79698e-03** at limit **
 FCN=3.83148 FROM MIGRAD    STATUS=CONVERGED      95 CALLS          96 TOTAL
                     EDM=9.74697e-07    STRATEGY= 1      ERROR MATRIX ACCURATE 
  EXT PARAMETER                                   STEP         FIRST   
  NO.   NAME      VALUE            ERROR          SIZE      DERIVATIVE 
   1  Constant     1.41542e+00   4.03444e-01   3.30169e-04   3.16523e-03
   2  Mean         4.22607e-01   6.57385e-01   4.98109e-04  -2.86620e-03
   3  Sigma        1.01478e+00   8.85231e-01   3.87817e-04   2.21264e-03
Info in <TCanvas::Print>: Current canvas added to pdf file /home/had/suharu/work/e40/ana/pdf/trigger_study/p0_04462.pdf
Info in <TCanvas::Print>: Current canvas added to pdf file /home/had/suharu/work/e40/ana/pdf/trigger_study/p0_04462.pdf
Info in <TCanvas::Print>: Current canvas added to pdf file /home/had/suharu/work/e40/ana/pdf/trigger_study/pede_04462.pdf
Info in <TCanvas::Print>: Current canvas added to pdf file /home/had/suharu/work/e40/ana/pdf/trigger_study/pede_04462.pdf
Info in <TCanvas::Print>: Current canvas added to pdf file /home/had/suharu/work/e40/ana/pdf/trigger_study/mip_04462.pdf
Info in <TCanvas::Print>: Current canvas added to pdf file /home/had/suharu/work/e40/ana/pdf/trigger_study/mip_04462.pdf
 FCN=0.179512 FROM MIGRAD    STATUS=CONVERGED      90 CALLS          91 TOTAL
                     EDM=7.00653e-06    STRATEGY= 1      ERROR MATRIX ACCURATE 
  EXT PARAMETER                                   STEP         FIRST   
  NO.   NAME      VALUE            ERROR          SIZE      DERIVATIVE 
   1  Constant     3.89032e+01   4.37410e+00   1.54272e-03   3.35894e-04
   2  Mean         3.47259e+02   6.98571e-01   3.38186e-04   3.17912e-03
   3  Sigma        3.43974e+00   1.82843e+00   1.03712e-04   1.60303e-02
 FCN=5.63995 FROM MIGRAD    STATUS=CONVERGED     181 CALLS         182 TOTAL
                     EDM=2.20542e-08    STRATEGY= 1      ERROR MATRIX ACCURATE 
  EXT PARAMETER                                   STEP         FIRST   
  NO.   NAME      VALUE            ERROR          SIZE      DERIVATIVE 
   1  Constant     2.53630e+01   3.67468e+00   2.85023e-03  -3.28455e-05
   2  Mean         3.88799e+02   1.43051e+01   1.10693e-02   5.88317e-06
   3  Sigma        1.45151e+01   1.02189e+01   6.15284e-03** at limit **
 FCN=58.7813 FROM MIGRAD    STATUS=CONVERGED      74 CALLS          75 TOTAL
                     EDM=6.60265e-13    STRATEGY= 1      ERROR MATRIX ACCURATE 
  EXT PARAMETER                                   STEP         FIRST   
  NO.   NAME      VALUE            ERROR          SIZE      DERIVATIVE 
   1  Constant     2.21157e+04   1.26550e+02   3.74117e-01  -3.49396e-09
   2  Mean         9.22273e+01   4.14542e-03   4.39774e-05  -2.62440e-04
   3  Sigma        9.03014e-01   3.37025e-03   3.72351e-06  -8.72074e-05
 FCN=58.2551 FROM MIGRAD    STATUS=CONVERGED      59 CALLS          60 TOTAL
                     EDM=6.23656e-11    STRATEGY= 1      ERROR MATRIX ACCURATE 
  EXT PARAMETER                                   STEP         FIRST   
  NO.   NAME      VALUE            ERROR          SIZE      DERIVATIVE 
   1  Constant     2.56458e+04   1.44544e+02   4.31116e-01   4.27291e-08
   2  Mean         1.03433e+02   3.49962e-03   4.93207e-05   3.24652e-05
   3  Sigma        7.77870e-01   2.69109e-03   3.44243e-06   1.19384e-02
 FCN=6.47644 FROM MIGRAD    STATUS=CONVERGED      70 CALLS          71 TOTAL
                     EDM=1.24451e-06    STRATEGY= 1      ERROR MATRIX ACCURATE 
  EXT PARAMETER                                   STEP         FIRST   
  NO.   NAME      VALUE            ERROR          SIZE      DERIVATIVE 
   1  Constant     2.58885e+00   5.92901e-01   5.30721e-04   1.38875e-03
   2  Mean         2.90059e+02   2.54056e+00   3.14074e-03   3.63143e-04
   3  Sigma        1.08219e+01   3.78270e+00   1.18023e-04  -6.54141e-03
 FCN=12.629 FROM MIGRAD    STATUS=CONVERGED     200 CALLS         201 TOTAL
                     EDM=3.82665e-09    STRATEGY= 1      ERROR MATRIX ACCURATE 
  EXT PARAMETER                                   STEP         FIRST   
  NO.   NAME      VALUE            ERROR          SIZE      DERIVATIVE 
   1  Constant     1.57043e+00   5.60757e-01   4.75448e-04   3.50123e-06
   2  Mean         3.43687e+02   1.46473e+02   1.27729e-01  -2.64836e-07
   3  Sigma        8.21750e+01   8.05053e+01   1.64566e-02** at limit **
 FCN=4.8101 FROM MIGRAD    STATUS=CONVERGED      94 CALLS          95 TOTAL
                     EDM=1.18665e-08    STRATEGY= 1      ERROR MATRIX ACCURATE 
  EXT PARAMETER                                   STEP         FIRST   
  NO.   NAME      VALUE            ERROR          SIZE      DERIVATIVE 
   1  Constant     1.85009e+00   4.76123e-01   4.02920e-04  -1.23581e-04
   2  Mean         2.56061e-01   1.80199e-01   1.96292e-04   7.88702e-04
   3  Sigma        4.46838e-01   3.23153e-01   3.01512e-04   2.04783e-04
 FCN=0.153817 FROM MIGRAD    STATUS=CONVERGED     126 CALLS         127 TOTAL
                     EDM=5.01195e-09    STRATEGY= 1      ERROR MATRIX ACCURATE 
  EXT PARAMETER                                   STEP         FIRST   
  NO.   NAME      VALUE            ERROR          SIZE      DERIVATIVE 
   1  Constant     4.20435e+02   1.31380e+01   4.95705e-03   1.51466e-07
   2  Mean         3.32288e+02   5.49373e-01   1.58447e-04  -1.98416e-04
   3  Sigma        4.57438e+00   1.29109e+00   4.76403e-05   8.13242e-04
 FCN=3.01051 FROM MIGRAD    STATUS=CONVERGED     100 CALLS         101 TOTAL
                     EDM=1.18358e-08    STRATEGY= 1      ERROR MATRIX ACCURATE 
  EXT PARAMETER                                   STEP         FIRST   
  NO.   NAME      VALUE            ERROR          SIZE      DERIVATIVE 
   1  Constant     4.70429e+02   1.52912e+01   1.00074e-02   8.75901e-06
   2  Mean         2.68195e+02   1.65099e-01   1.43581e-04  -7.13241e-04
   3  Sigma        3.05408e+00   3.82908e-01   4.08071e-05   1.07696e-03
 FCN=145.575 FROM MIGRAD    STATUS=CONVERGED      61 CALLS          62 TOTAL
                     EDM=8.87545e-07    STRATEGY= 1      ERROR MATRIX ACCURATE 
  EXT PARAMETER                                   STEP         FIRST   
  NO.   NAME      VALUE            ERROR          SIZE      DERIVATIVE 
   1  Constant     1.90688e+04   1.18546e+02   5.61971e-01  -1.29369e-05
   2  Mean         1.21919e+02   4.43602e-03   5.81357e-05  -2.41946e-02
   3  Sigma        8.45488e-01   3.28591e-03   6.07593e-06  -1.05985e+00
 FCN=388.662 FROM MIGRAD    STATUS=CONVERGED      52 CALLS          53 TOTAL
                     EDM=4.61702e-08    STRATEGY= 1      ERROR MATRIX ACCURATE 
  EXT PARAMETER                                   STEP         FIRST   
  NO.   NAME      VALUE            ERROR          SIZE      DERIVATIVE 
   1  Constant     1.79938e+04   1.18984e+02   8.63356e-01   2.96338e-07
   2  Mean         1.24280e+02   4.60895e-03   5.92615e-05   6.58013e-02
   3  Sigma        8.98561e-01   4.07426e-03   1.09453e-05  -3.49725e-02
 FCN=25.5762 FROM MIGRAD    STATUS=CONVERGED     115 CALLS         116 TOTAL
                     EDM=1.41605e-08    STRATEGY= 1      ERROR MATRIX ACCURATE 
  EXT PARAMETER                                   STEP         FIRST   
  NO.   NAME      VALUE            ERROR          SIZE      DERIVATIVE 
   1  Constant     3.38181e+01   1.61253e+00   2.74117e-03   1.30481e-04
   2  Mean         2.91343e+02   1.97959e+00   4.46956e-03  -3.31762e-05
   3  Sigma        2.20790e+01   5.14448e+00   2.15939e-04   9.27953e-04
 FCN=32.475 FROM MIGRAD    STATUS=CONVERGED     149 CALLS         150 TOTAL
                     EDM=3.31185e-07    STRATEGY= 1      ERROR MATRIX ACCURATE 
  EXT PARAMETER                                   STEP         FIRST   
  NO.   NAME      VALUE            ERROR          SIZE      DERIVATIVE 
   1  Constant     3.08881e+01   1.48408e+00   2.87776e-03   7.58266e-04
   2  Mean         3.10530e+02   4.20390e+00   1.05452e-02  -3.09483e-05
   3  Sigma        3.19315e+01   1.47461e+01   6.38080e-04   3.09557e-03
 FCN=32.6774 FROM MIGRAD    STATUS=CONVERGED      79 CALLS          80 TOTAL
                     EDM=4.07191e-08    STRATEGY= 1      ERROR MATRIX ACCURATE 
  EXT PARAMETER                                   STEP         FIRST   
  NO.   NAME      VALUE            ERROR          SIZE      DERIVATIVE 
   1  Constant     7.04857e+00   9.24497e-01   1.88414e-03   2.06465e-04
   2  Mean         1.92349e-01   2.54252e-02   6.93491e-05  -3.82556e-03
   3  Sigma        2.36649e-01   2.52213e-02   6.98405e-05   1.11483e-02
 FCN=0.225142 FROM MIGRAD    STATUS=CONVERGED     110 CALLS         111 TOTAL
                     EDM=6.88865e-08    STRATEGY= 1      ERROR MATRIX ACCURATE 
  EXT PARAMETER                                   STEP         FIRST   
  NO.   NAME      VALUE            ERROR          SIZE      DERIVATIVE 
   1  Constant     1.74330e+03   2.91601e+01   1.05962e-02   1.51621e-05
   2  Mean         3.64777e+02   9.17866e-02   1.73939e-04   1.54928e-03
   3  Sigma        3.19650e+00   2.22594e-01   1.30789e-05   1.03204e-02
 FCN=3.65862 FROM MIGRAD    STATUS=CONVERGED     127 CALLS         128 TOTAL
                     EDM=1.7716e-07    STRATEGY= 1      ERROR MATRIX ACCURATE 
  EXT PARAMETER                                   STEP         FIRST   
  NO.   NAME      VALUE            ERROR          SIZE      DERIVATIVE 
   1  Constant     1.55167e+03   2.43502e+01   1.94460e-02   2.52708e-05
   2  Mean         3.09475e+02   2.58963e-01   1.47569e-04   1.10115e-03
   3  Sigma        3.93544e+00   4.39856e-01   2.93752e-05   2.42473e-03
 FCN=1150.9 FROM MIGRAD    STATUS=CONVERGED      76 CALLS          77 TOTAL
                     EDM=4.08683e-09    STRATEGY= 1      ERROR MATRIX ACCURATE 
  EXT PARAMETER                                   STEP         FIRST   
  NO.   NAME      VALUE            ERROR          SIZE      DERIVATIVE 
   1  Constant     9.96013e+03   9.36122e+01   1.13424e+00   2.05585e-07
   2  Mean         1.23424e+02   6.92601e-03   9.78685e-05   8.50644e-04
   3  Sigma        8.49758e-01   5.56252e-03   2.30473e-05  -3.79807e-02
 FCN=598.605 FROM MIGRAD    STATUS=CONVERGED      68 CALLS          69 TOTAL
                     EDM=8.5745e-12    STRATEGY= 1      ERROR MATRIX ACCURATE 
  EXT PARAMETER                                   STEP         FIRST   
  NO.   NAME      VALUE            ERROR          SIZE      DERIVATIVE 
   1  Constant     9.85321e+03   8.50218e+01   7.63803e-01   3.35597e-08
   2  Mean         9.45348e+01   7.11310e-03   7.76564e-05  -5.35841e-04
   3  Sigma        9.70000e-01   5.89547e-03   1.73203e-05   2.02756e-03
 FCN=43.5039 FROM MIGRAD    STATUS=CONVERGED     142 CALLS         143 TOTAL
                     EDM=9.61951e-08    STRATEGY= 1      ERROR MATRIX ACCURATE 
  EXT PARAMETER                                   STEP         FIRST   
  NO.   NAME      VALUE            ERROR          SIZE      DERIVATIVE 
   1  Constant     6.70815e+01   2.02852e+00   4.84295e-03   2.18144e-04
   2  Mean         4.35630e+02   1.79075e+01   2.03835e-02  -5.78973e-05
   3  Sigma        5.80416e+01   7.09174e+01   1.57664e-03   5.57455e-04
 FCN=24.4326 FROM MIGRAD    STATUS=CONVERGED     130 CALLS         131 TOTAL
                     EDM=3.07632e-08    STRATEGY= 1      ERROR MATRIX ACCURATE 
  EXT PARAMETER                                   STEP         FIRST   
  NO.   NAME      VALUE            ERROR          SIZE      DERIVATIVE 
   1  Constant     9.94138e+01   2.49444e+00   4.57199e-03  -1.18406e-04
   2  Mean         2.85623e+02   2.39439e+00   3.27572e-03   5.75486e-05
   3  Sigma        2.64855e+01   4.91781e+00   1.43655e-04  -3.08298e-03
 FCN=118.155 FROM MIGRAD    STATUS=CONVERGED      79 CALLS          80 TOTAL
                     EDM=1.2107e-08    STRATEGY= 1      ERROR MATRIX ACCURATE 
  EXT PARAMETER                                   STEP         FIRST   
  NO.   NAME      VALUE            ERROR          SIZE      DERIVATIVE 
   1  Constant     4.68875e+01   2.46405e+00   8.81335e-03  -4.93052e-05
   2  Mean         5.12645e-02   1.02623e-02   4.59565e-05  -1.48165e-02
   3  Sigma        2.40259e-01   9.69934e-03   4.31318e-05  -1.03702e-02
 FCN=2.29549 FROM MIGRAD    STATUS=CONVERGED     108 CALLS         109 TOTAL
                     EDM=4.13826e-08    STRATEGY= 1      ERROR MATRIX ACCURATE 
  EXT PARAMETER                                   STEP         FIRST   
  NO.   NAME      VALUE            ERROR          SIZE      DERIVATIVE 
   1  Constant     2.00119e+03   2.86013e+01   1.88370e-02  -6.70205e-06
   2  Mean         3.34392e+02   1.42980e-01   1.59451e-04  -2.04879e-03
   3  Sigma        3.27624e+00   2.28710e-01   1.54485e-05   4.13483e-03
 FCN=4.28869 FROM MIGRAD    STATUS=CONVERGED      87 CALLS          88 TOTAL
                     EDM=1.63838e-07    STRATEGY= 1  ERROR MATRIX UNCERTAINTY   1.5 per cent
  EXT PARAMETER                                   STEP         FIRST   
  NO.   NAME      VALUE            ERROR          SIZE      DERIVATIVE 
   1  Constant     2.50626e+03   3.51325e+01   3.77202e-01  -7.44622e-06
   2  Mean         3.54759e+02   6.12678e-02  -3.56406e-04   7.50705e-03
   3  Sigma        2.83595e+00   1.32242e-01  -2.36024e-04   1.25620e-02
 FCN=316.797 FROM MIGRAD    STATUS=CONVERGED      66 CALLS          67 TOTAL
                     EDM=3.03593e-10    STRATEGY= 1      ERROR MATRIX ACCURATE 
  EXT PARAMETER                                   STEP         FIRST   
  NO.   NAME      VALUE            ERROR          SIZE      DERIVATIVE 
   1  Constant     7.02237e+03   6.81448e+01   4.46075e-01  -1.85509e-07
   2  Mean         1.22555e+02   8.93571e-03   7.34999e-05   2.12538e-03
   3  Sigma        1.08524e+00   7.90834e-03   1.58395e-05  -1.14180e-02
 FCN=652.755 FROM MIGRAD    STATUS=CONVERGED      67 CALLS          68 TOTAL
                     EDM=1.62638e-11    STRATEGY= 1      ERROR MATRIX ACCURATE 
  EXT PARAMETER                                   STEP         FIRST   
  NO.   NAME      VALUE            ERROR          SIZE      DERIVATIVE 
   1  Constant     7.89094e+03   7.63875e+01   7.28888e-01  -6.18207e-08
   2  Mean         1.25740e+02   8.33500e-03   8.82796e-05   4.23879e-04
   3  Sigma        9.29376e-01   6.19012e-03   1.90659e-05  -3.69256e-03
 FCN=26.2688 FROM MIGRAD    STATUS=CONVERGED     162 CALLS         163 TOTAL
                     EDM=1.3489e-08    STRATEGY= 1      ERROR MATRIX ACCURATE 
  EXT PARAMETER                                   STEP         FIRST   
  NO.   NAME      VALUE            ERROR          SIZE      DERIVATIVE 
   1  Constant     1.27627e+02   2.74290e+00   5.30780e-03   2.47387e-05
   2  Mean         3.33193e+02   4.72969e+00   4.68824e-03  -8.09067e-07
   3  Sigma        3.54824e+01   1.00581e+01   2.23863e-04  -5.74460e-04
 FCN=29.0258 FROM MIGRAD    STATUS=CONVERGED     193 CALLS         194 TOTAL
                     EDM=3.69146e-08    STRATEGY= 1      ERROR MATRIX ACCURATE 
  EXT PARAMETER                                   STEP         FIRST   
  NO.   NAME      VALUE            ERROR          SIZE      DERIVATIVE 
   1  Constant     1.41650e+02   5.74918e+00   5.83384e-03   6.37365e-05
   2  Mean         3.33111e+02   2.31775e+01   8.86383e-03  -1.59516e-05
   3  Sigma        6.02277e+01   6.74510e+01   5.50721e-04  -8.82657e-05
 FCN=135.757 FROM MIGRAD    STATUS=CONVERGED      81 CALLS          82 TOTAL
                     EDM=1.05556e-07    STRATEGY= 1      ERROR MATRIX ACCURATE 
  EXT PARAMETER                                   STEP         FIRST   
  NO.   NAME      VALUE            ERROR          SIZE      DERIVATIVE 
   1  Constant     3.42338e+01   1.73520e+00   7.10593e-03   2.29476e-04
   2  Mean        -5.09296e-02   1.49549e-02   7.41891e-05  -2.25134e-02
   3  Sigma        3.22230e-01   1.46106e-02   6.06158e-05  -3.82888e-03
 FCN=0.700353 FROM MIGRAD    STATUS=CONVERGED      91 CALLS          92 TOTAL
                     EDM=7.46691e-08    STRATEGY= 1  ERROR MATRIX UNCERTAINTY   7.5 per cent
  EXT PARAMETER                                   STEP         FIRST   
  NO.   NAME      VALUE            ERROR          SIZE      DERIVATIVE 
   1  Constant     1.13842e+03   2.39266e+01   4.33146e-01   1.14294e-05
   2  Mean         2.93419e+02   1.01516e-01  -5.81056e-05  -4.06430e-03
   3  Sigma        3.14381e+00   2.63341e-01  -7.06753e-04   6.94289e-03
 FCN=2.12303 FROM MIGRAD    STATUS=CONVERGED      95 CALLS          96 TOTAL
                     EDM=5.26596e-07    STRATEGY= 1  ERROR MATRIX UNCERTAINTY   2.4 per cent
  EXT PARAMETER                                   STEP         FIRST   
  NO.   NAME      VALUE            ERROR          SIZE      DERIVATIVE 
   1  Constant     9.92142e+02   2.03552e+01   3.28083e-02   6.36886e-05
   2  Mean         3.47289e+02   2.32147e-01   4.44253e-04  -1.15766e-02
   3  Sigma        3.74187e+00   4.71414e-01   8.04962e-05   3.78673e-02
 FCN=444.647 FROM MIGRAD    STATUS=CONVERGED      59 CALLS          60 TOTAL
                     EDM=1.98969e-07    STRATEGY= 1      ERROR MATRIX ACCURATE 
  EXT PARAMETER                                   STEP         FIRST   
  NO.   NAME      VALUE            ERROR          SIZE      DERIVATIVE 
   1  Constant     1.39205e+04   1.00664e+02   8.07767e-01   7.08901e-06
   2  Mean         1.10678e+02   5.58275e-03   5.38875e-05   2.59067e-02
   3  Sigma        9.08392e-01   4.32232e-03   1.22689e-05   4.14654e-01
 FCN=57.839 FROM MIGRAD    STATUS=CONVERGED      65 CALLS          66 TOTAL
                     EDM=7.71796e-10    STRATEGY= 1      ERROR MATRIX ACCURATE 
  EXT PARAMETER                                   STEP         FIRST   
  NO.   NAME      VALUE            ERROR          SIZE      DERIVATIVE 
   1  Constant     1.30377e+04   9.37867e+01   2.74882e-01   9.92168e-09
   2  Mean         1.21877e+02   5.91416e-03   5.81155e-05   5.78393e-03
   3  Sigma        9.77898e-01   4.83735e-03   4.86845e-06   8.09517e-03
 FCN=36.3232 FROM MIGRAD    STATUS=CONVERGED     253 CALLS         254 TOTAL
                     EDM=1.82476e-07    STRATEGY= 1      ERROR MATRIX ACCURATE 
  EXT PARAMETER                                   STEP         FIRST   
  NO.   NAME      VALUE            ERROR          SIZE      DERIVATIVE 
   1  Constant     7.96726e+01   3.43243e+00   4.83543e-03  -2.32906e-04
   2  Mean         2.86178e+02   1.84048e+01   2.59274e-02   6.34723e-05
   3  Sigma        8.94835e+01   8.45556e+01   1.11593e-02** at limit **
 FCN=32.7028 FROM MIGRAD    STATUS=CONVERGED     111 CALLS         112 TOTAL
                     EDM=1.95975e-09    STRATEGY= 1      ERROR MATRIX ACCURATE 
  EXT PARAMETER                                   STEP         FIRST   
  NO.   NAME      VALUE            ERROR          SIZE      DERIVATIVE 
   1  Constant     8.05063e+01   2.45903e+00   4.73792e-03   8.61679e-07
   2  Mean         2.90966e+02   1.27876e+00   3.60345e-03   3.96200e-05
   3  Sigma        2.30389e+01   3.64061e+00   1.82868e-04  -4.35615e-04
 FCN=117.717 FROM MIGRAD    STATUS=CONVERGED      88 CALLS          89 TOTAL
                     EDM=3.62948e-08    STRATEGY= 1      ERROR MATRIX ACCURATE 
  EXT PARAMETER                                   STEP         FIRST   
  NO.   NAME      VALUE            ERROR          SIZE      DERIVATIVE 
   1  Constant     1.97627e+01   1.61565e+00   6.34826e-03   1.37275e-04
   2  Mean         2.40451e-01   1.19312e-02   6.32969e-05  -8.46928e-04
   3  Sigma        1.94412e-01   1.09894e-02   5.75655e-05  -4.42961e-03
 FCN=4.80906 FROM MIGRAD    STATUS=CONVERGED      99 CALLS         100 TOTAL
                     EDM=2.50618e-09    STRATEGY= 1      ERROR MATRIX ACCURATE 
  EXT PARAMETER                                   STEP         FIRST   
  NO.   NAME      VALUE            ERROR          SIZE      DERIVATIVE 
   1  Constant     2.30921e+02   1.07845e+01   8.54181e-03   8.69189e-06
   2  Mean         3.35829e+02   2.00380e-01   2.04179e-04  -1.02908e-04
   3  Sigma        2.74984e+00   4.11572e-01   5.45094e-05   6.13904e-04
 FCN=4.65895 FROM MIGRAD    STATUS=CONVERGED     123 CALLS         124 TOTAL
                     EDM=4.17457e-07    STRATEGY= 1      ERROR MATRIX ACCURATE 
  EXT PARAMETER                                   STEP         FIRST   
  NO.   NAME      VALUE            ERROR          SIZE      DERIVATIVE 
   1  Constant     1.91312e+02   8.50467e+00   7.46386e-03  -6.90626e-05
   2  Mean         3.62446e+02   8.42863e-01   4.36625e-04  -1.09886e-03
   3  Sigma        4.25500e+00   1.57225e+00   1.15454e-04   3.14087e-03
 FCN=227.274 FROM MIGRAD    STATUS=CONVERGED      72 CALLS          73 TOTAL
                     EDM=4.6983e-12    STRATEGY= 1      ERROR MATRIX ACCURATE 
  EXT PARAMETER                                   STEP         FIRST   
  NO.   NAME      VALUE            ERROR          SIZE      DERIVATIVE 
   1  Constant     2.24572e+04   1.34496e+02   7.64994e-01  -3.91480e-09
   2  Mean         1.23145e+02   3.93025e-03   5.87200e-05   6.36636e-04
   3  Sigma        8.35749e-01   3.28853e-03   7.46274e-06  -1.68687e-03
 FCN=6.91821 FROM MIGRAD    STATUS=CONVERGED      56 CALLS          57 TOTAL
                     EDM=2.54354e-07    STRATEGY= 1      ERROR MATRIX ACCURATE 
  EXT PARAMETER                                   STEP         FIRST   
  NO.   NAME      VALUE            ERROR          SIZE      DERIVATIVE 
   1  Constant     2.15999e+04   1.26517e+02   1.37624e-01  -6.51598e-07
   2  Mean         1.01990e+02   4.15741e-03   4.86328e-05  -1.71630e-01
   3  Sigma        8.64721e-01   3.28309e-03   1.39064e-06   4.94918e-03
 FCN=36.7018 FROM MIGRAD    STATUS=CONVERGED     337 CALLS         338 TOTAL
                     EDM=4.22159e-07    STRATEGY= 1      ERROR MATRIX ACCURATE 
  EXT PARAMETER                                   STEP         FIRST   
  NO.   NAME      VALUE            ERROR          SIZE      DERIVATIVE 
   1  Constant     1.20766e+01   3.67047e+00   2.01345e-03  -2.54617e-04
   2  Mean         3.48400e+02   4.95438e+01   2.71732e-02   2.80677e-05
   3  Sigma        8.77055e+01   6.24492e+01   1.38900e-02   1.66327e-04
 FCN=27.734 FROM MIGRAD    STATUS=CONVERGED     138 CALLS         139 TOTAL
                     EDM=6.89838e-07    STRATEGY= 1      ERROR MATRIX ACCURATE 
  EXT PARAMETER                                   STEP         FIRST   
  NO.   NAME      VALUE            ERROR          SIZE      DERIVATIVE 
   1  Constant     1.30880e+01   1.41675e+00   1.81801e-03  -1.19778e-03
   2  Mean         2.70229e+02   1.87811e+01   8.11076e-03   3.42286e-04
   3  Sigma        2.91582e+01   2.06325e+01   2.68836e-04  -9.07795e-03
 FCN=15.4269 FROM MIGRAD    STATUS=CONVERGED      98 CALLS          99 TOTAL
                     EDM=2.52611e-09    STRATEGY= 1      ERROR MATRIX ACCURATE 
  EXT PARAMETER                                   STEP         FIRST   
  NO.   NAME      VALUE            ERROR          SIZE      DERIVATIVE 
   1  Constant     3.07342e+00   5.95548e-01   8.15902e-04   9.17318e-05
   2  Mean         3.55172e-01   6.89511e-02   1.36425e-04  -7.84629e-04
   3  Sigma        3.52875e-01   1.04343e-01   1.70891e-04   5.39524e-04
 FCN=3.17577 FROM MIGRAD    STATUS=CONVERGED     143 CALLS         144 TOTAL
                     EDM=2.28399e-07    STRATEGY= 1      ERROR MATRIX ACCURATE 
  EXT PARAMETER                                   STEP         FIRST   
  NO.   NAME      VALUE            ERROR          SIZE      DERIVATIVE 
   1  Constant     5.65293e+01   4.82129e+00   3.37247e-03  -1.45884e-04
   2  Mean         3.11845e+02   7.81865e+00   4.54380e-03  -1.80616e-05
   3  Sigma        1.09626e+01   1.23468e+01   3.69765e-03  -1.22661e-04
 FCN=1.40722 FROM MIGRAD    STATUS=CONVERGED     100 CALLS         101 TOTAL
                     EDM=1.14424e-10    STRATEGY= 1      ERROR MATRIX ACCURATE 
  EXT PARAMETER                                   STEP         FIRST   
  NO.   NAME      VALUE            ERROR          SIZE      DERIVATIVE 
   1  Constant     5.66081e+01   5.53067e+00   2.80578e-03  -2.43071e-06
   2  Mean         3.63593e+02   2.43129e-01   1.83330e-04   4.15859e-05
   3  Sigma        2.20320e+00   4.50898e-01   4.66377e-05  -3.77702e-05
 FCN=13.0476 FROM MIGRAD    STATUS=CONVERGED      77 CALLS          78 TOTAL
                     EDM=1.42753e-09    STRATEGY= 1      ERROR MATRIX ACCURATE 
  EXT PARAMETER                                   STEP         FIRST   
  NO.   NAME      VALUE            ERROR          SIZE      DERIVATIVE 
   1  Constant     1.59059e+04   9.57435e+01   1.33971e-01   6.22529e-08
   2  Mean         1.19000e+02   7.30017e-03   5.67437e-05  -4.08480e-03
   3  Sigma        1.25707e+00   6.77201e-03   2.54593e-06   3.15776e-02
 FCN=74.9719 FROM MIGRAD    STATUS=CONVERGED      65 CALLS          66 TOTAL
                     EDM=1.03054e-09    STRATEGY= 1      ERROR MATRIX ACCURATE 
  EXT PARAMETER                                   STEP         FIRST   
  NO.   NAME      VALUE            ERROR          SIZE      DERIVATIVE 
   1  Constant     1.81040e+04   1.08081e+02   3.50271e-01   1.22364e-07
   2  Mean         1.10306e+02   5.29217e-03   5.25978e-05   5.06018e-03
   3  Sigma        1.08674e+00   4.81648e-03   4.96581e-06  -1.68062e-02
 FCN=27.0002 FROM MIGRAD    STATUS=CONVERGED     125 CALLS         126 TOTAL
                     EDM=5.27989e-09    STRATEGY= 1      ERROR MATRIX ACCURATE 
  EXT PARAMETER                                   STEP         FIRST   
  NO.   NAME      VALUE            ERROR          SIZE      DERIVATIVE 
   1  Constant     4.71108e+00   6.16976e-01   1.06747e-03  -3.58067e-05
   2  Mean         2.82424e+02   4.45939e+00   8.91859e-03  -1.96284e-05
   3  Sigma        1.84526e+01   8.97929e+00   3.72616e-04   4.32129e-04
 FCN=39.3532 FROM MIGRAD    STATUS=CONVERGED     109 CALLS         110 TOTAL
                     EDM=1.4746e-06    STRATEGY= 1      ERROR MATRIX ACCURATE 
  EXT PARAMETER                                   STEP         FIRST   
  NO.   NAME      VALUE            ERROR          SIZE      DERIVATIVE 
   1  Constant     3.05300e+00   4.78746e-01   1.04736e-03   3.97477e-03
   2  Mean         2.86935e+02   3.97606e+00   1.05855e-02  -6.57704e-05
   3  Sigma        1.61210e+01   6.86918e+00   4.22299e-04   1.18546e-02
 FCN=13.9915 FROM MIGRAD    STATUS=CONVERGED      87 CALLS          88 TOTAL
                     EDM=2.99771e-08    STRATEGY= 1      ERROR MATRIX ACCURATE 
  EXT PARAMETER                                   STEP         FIRST   
  NO.   NAME      VALUE            ERROR          SIZE      DERIVATIVE 
   1  Constant     2.70560e+00   5.31945e-01   7.70810e-04   3.61939e-04
   2  Mean         3.45161e-01   7.08172e-02   1.30022e-04   2.23368e-04
   3  Sigma        3.16150e-01   8.32642e-02   1.58814e-04   2.87396e-03
 FCN=3.87476 FROM MIGRAD    STATUS=CONVERGED     230 CALLS         231 TOTAL
                     EDM=7.6976e-09    STRATEGY= 1      ERROR MATRIX ACCURATE 
  EXT PARAMETER                                   STEP         FIRST   
  NO.   NAME      VALUE            ERROR          SIZE      DERIVATIVE 
   1  Constant     4.75273e+01   9.90858e+00   3.39804e-03  -3.75324e-05
   2  Mean         3.59406e+02   1.00209e+01   3.45895e-03  -3.37331e-05
   3  Sigma        1.43365e+01   9.97136e+00   5.41018e-03** at limit **
 FCN=1.41471 FROM MIGRAD    STATUS=CONVERGED     107 CALLS         108 TOTAL
                     EDM=3.91922e-09    STRATEGY= 1      ERROR MATRIX ACCURATE 
  EXT PARAMETER                                   STEP         FIRST   
  NO.   NAME      VALUE            ERROR          SIZE      DERIVATIVE 
   1  Constant     6.80176e+01   5.69416e+00   2.95155e-03   8.46847e-06
   2  Mean         3.14927e+02   5.08259e-01   3.00532e-04   1.81017e-04
   3  Sigma        3.11502e+00   1.06893e+00   8.18795e-05  -1.03809e-04
 FCN=54.9716 FROM MIGRAD    STATUS=CONVERGED      69 CALLS          70 TOTAL
                     EDM=2.45902e-09    STRATEGY= 1      ERROR MATRIX ACCURATE 
  EXT PARAMETER                                   STEP         FIRST   
  NO.   NAME      VALUE            ERROR          SIZE      DERIVATIVE 
   1  Constant     1.88553e+04   1.11931e+02   3.13590e-01  -1.01624e-07
   2  Mean         1.20147e+02   5.06589e-03   5.72906e-05  -1.18912e-02
   3  Sigma        1.03921e+00   4.48884e-03   4.14823e-06   1.46540e-02
 FCN=3.0235 FROM MIGRAD    STATUS=CONVERGED      63 CALLS          64 TOTAL
                     EDM=1.68175e-09    STRATEGY= 1      ERROR MATRIX ACCURATE 
  EXT PARAMETER                                   STEP         FIRST   
  NO.   NAME      VALUE            ERROR          SIZE      DERIVATIVE 
   1  Constant     2.16504e+04   1.23177e+02   9.56187e-02  -4.99779e-07
   2  Mean         1.21831e+02   4.24533e-03   5.80937e-05  -2.03137e-03
   3  Sigma        9.12115e-01   3.35310e-03   9.64171e-07  -5.36124e-02
 FCN=14.1271 FROM MIGRAD    STATUS=CONVERGED     218 CALLS         219 TOTAL
                     EDM=2.02793e-07    STRATEGY= 1      ERROR MATRIX ACCURATE 
  EXT PARAMETER                                   STEP         FIRST   
  NO.   NAME      VALUE            ERROR          SIZE      DERIVATIVE 
   1  Constant     4.15854e+00   9.16651e-01   7.18227e-04   3.23488e-04
   2  Mean         3.24929e+02   1.42224e+02   4.24752e-02  -1.61110e-05
   3  Sigma        6.16393e+01   7.22033e+01   3.03880e-03   1.98772e-04
 FCN=33.1941 FROM MIGRAD    STATUS=CONVERGED     550 CALLS         551 TOTAL
                     EDM=6.44642e-08    STRATEGY= 1      ERROR MATRIX ACCURATE 
  EXT PARAMETER                                   STEP         FIRST   
  NO.   NAME      VALUE            ERROR          SIZE      DERIVATIVE 
   1  Constant     1.39880e+01   1.88169e+01   3.52312e-03  -7.88769e-05
   2  Mean         3.80195e+02   7.49427e+01   1.39853e-02   1.78054e-05
   3  Sigma        8.61738e+01   4.40761e+01   1.43088e-02** at limit **
 FCN=12.6131 FROM MIGRAD    STATUS=CONVERGED      83 CALLS          84 TOTAL
                     EDM=2.43357e-09    STRATEGY= 1      ERROR MATRIX ACCURATE 
  EXT PARAMETER                                   STEP         FIRST   
  NO.   NAME      VALUE            ERROR          SIZE      DERIVATIVE 
   1  Constant     3.95453e+00   6.80422e-01   8.80932e-04   4.18470e-05
   2  Mean         2.29906e-01   3.99988e-02   7.18264e-05   2.60120e-05
   3  Sigma        2.74359e-01   4.52814e-02   7.68308e-05   1.45465e-03
Info in <TCanvas::Print>: Current canvas added to pdf file /home/had/suharu/work/e40/ana/pdf/trigger_study/p0_04462.pdf
Info in <TCanvas::Print>: Current canvas added to pdf file /home/had/suharu/work/e40/ana/pdf/trigger_study/p0_04462.pdf
Info in <TCanvas::Print>: Current canvas added to pdf file /home/had/suharu/work/e40/ana/pdf/trigger_study/pede_04462.pdf
Info in <TCanvas::Print>: Current canvas added to pdf file /home/had/suharu/work/e40/ana/pdf/trigger_study/pede_04462.pdf
Info in <TCanvas::Print>: Current canvas added to pdf file /home/had/suharu/work/e40/ana/pdf/trigger_study/mip_04462.pdf
Info in <TCanvas::Print>: Current canvas added to pdf file /home/had/suharu/work/e40/ana/pdf/trigger_study/mip_04462.pdf
Info in <TCanvas::Print>: pdf file /home/had/suharu/work/e40/ana/pdf/trigger_study/p0_04462.pdf has been closed
Info in <TCanvas::Print>: pdf file /home/had/suharu/work/e40/ana/pdf/trigger_study/pede_04462.pdf has been closed
Info in <TCanvas::Print>: pdf file /home/had/suharu/work/e40/ana/pdf/trigger_study/mip_04462.pdf has been closed
2.85user 4.37system 0:08.24elapsed 87%CPU (0avgtext+0avgdata 139952maxresident)k
0inputs+8outputs (0major+39479minor)pagefaults 0swaps
