
Processing ../macro/hodprm/mt_mip_check.C(4471)...
Info in <TCanvas::Print>: pdf file /home/had/suharu/work/e40/ana/pdf/trigger_study/mt_mip_04471.pdf has been created
 FCN=10.5234 FROM MIGRAD    STATUS=CONVERGED     303 CALLS         304 TOTAL
                     EDM=4.2062e-07    STRATEGY= 1  ERROR MATRIX UNCERTAINTY   4.7 per cent
  EXT PARAMETER                                   STEP         FIRST   
  NO.   NAME      VALUE            ERROR          SIZE      DERIVATIVE 
   1  Constant     7.90661e+01   4.33159e+01  -2.05678e-02   1.85629e-05
   2  Mean         3.66513e-01   3.00211e-01  -1.80309e-04  -4.18736e-03
   3  Sigma        4.99497e-01   3.32679e-01   2.97573e-03  -1.53701e-04
Warning in <Fit>: Abnormal termination of minimization.
 FCN=7.73206 FROM MIGRAD    STATUS=CALL LIMIT   1345 CALLS        1346 TOTAL
                     EDM=5.86325e-06    STRATEGY= 1  ERROR MATRIX UNCERTAINTY   2.4 per cent
  EXT PARAMETER                APPROXIMATE        STEP         FIRST   
  NO.   NAME      VALUE            ERROR          SIZE      DERIVATIVE 
   1  Constant     7.67397e+02   1.63635e+03  -6.36646e-02  -5.89974e-05
   2  Mean        -5.46978e-01   4.93010e-01  -1.99957e-04  -2.13481e-01
   3  Sigma        5.50021e-01   5.39638e-01   5.87313e-03  -7.96066e-03
 FCN=5.44973 FROM MIGRAD    STATUS=CONVERGED      84 CALLS          85 TOTAL
                     EDM=1.65162e-06    STRATEGY= 1      ERROR MATRIX ACCURATE 
  EXT PARAMETER                                   STEP         FIRST   
  NO.   NAME      VALUE            ERROR          SIZE      DERIVATIVE 
   1  Constant     2.46206e+02   1.08080e+01   9.78116e-03  -8.43015e-05
   2  Mean        -7.12167e-02   4.75558e-03   4.55539e-06  -4.10409e-01
   3  Sigma        7.36406e-02   6.21709e-03   2.74427e-05  -7.46311e-02
 FCN=5.08633 FROM MIGRAD    STATUS=CONVERGED      77 CALLS          78 TOTAL
                     EDM=5.60352e-07    STRATEGY= 1      ERROR MATRIX ACCURATE 
  EXT PARAMETER                                   STEP         FIRST   
  NO.   NAME      VALUE            ERROR          SIZE      DERIVATIVE 
   1  Constant     1.17062e+02   6.45773e+00   5.69071e-03   1.30612e-04
   2  Mean         1.02689e+00   5.72350e-03   5.95697e-06   3.62620e-02
   3  Sigma        8.57222e-02   7.19845e-03   2.74627e-05   4.36633e-02
 FCN=0.66255 FROM MIGRAD    STATUS=CONVERGED     178 CALLS         179 TOTAL
                     EDM=4.78179e-07    STRATEGY= 1  ERROR MATRIX UNCERTAINTY   0.1 per cent
  EXT PARAMETER                                   STEP         FIRST   
  NO.   NAME      VALUE            ERROR          SIZE      DERIVATIVE 
   1  Constant     4.47834e+02   1.47534e+01   9.14640e-03  -2.99198e-05
   2  Mean        -1.62558e-02   7.19144e-02  -9.71464e-04  -3.88752e-03
   3  Sigma        4.10727e-01   3.62432e-01  -5.43917e-03  -4.47000e-04
 FCN=2.91812 FROM MIGRAD    STATUS=CONVERGED      79 CALLS          80 TOTAL
                     EDM=2.00176e-08    STRATEGY= 1      ERROR MATRIX ACCURATE 
  EXT PARAMETER                                   STEP         FIRST   
  NO.   NAME      VALUE            ERROR          SIZE      DERIVATIVE 
   1  Constant     2.19171e+02   8.89700e+00   6.43915e-03   1.80537e-05
   2  Mean         1.00557e+00   3.61746e-03   2.96859e-06  -2.29800e-03
   3  Sigma        7.62700e-02   3.94286e-03   1.30221e-05   1.31533e-02
 FCN=18.2902 FROM MIGRAD    STATUS=CONVERGED      91 CALLS          92 TOTAL
                     EDM=3.80573e-09    STRATEGY= 1  ERROR MATRIX UNCERTAINTY   4.5 per cent
  EXT PARAMETER                                   STEP         FIRST   
  NO.   NAME      VALUE            ERROR          SIZE      DERIVATIVE 
   1  Constant     5.06670e+02   1.47390e+01   4.72279e-02  -9.11125e-06
   2  Mean        -1.59026e-01   1.03496e-02   2.85719e-06  -1.98663e-02
   3  Sigma        1.16152e-01   1.66437e-02  -1.70011e-04  -2.93114e-03
 FCN=5.45298 FROM MIGRAD    STATUS=CONVERGED      86 CALLS          87 TOTAL
                     EDM=1.68329e-06    STRATEGY= 1      ERROR MATRIX ACCURATE 
  EXT PARAMETER                                   STEP         FIRST   
  NO.   NAME      VALUE            ERROR          SIZE      DERIVATIVE 
   1  Constant     1.82782e+02   7.69982e+00   7.03240e-03   2.63750e-04
   2  Mean         1.04203e+00   7.06643e-03   6.59975e-06   4.65394e-02
   3  Sigma        1.04233e-01   9.55389e-03   3.05905e-05   4.66952e-02
 FCN=7.6167 FROM MIGRAD    STATUS=CONVERGED     189 CALLS         190 TOTAL
                     EDM=4.97561e-08    STRATEGY= 1      ERROR MATRIX ACCURATE 
  EXT PARAMETER                                   STEP         FIRST   
  NO.   NAME      VALUE            ERROR          SIZE      DERIVATIVE 
   1  Constant     3.92884e+02   1.31076e+01   1.28344e-02   3.10519e-05
   2  Mean        -7.78507e-02   5.16848e-02   4.54673e-05  -5.03273e-04
   3  Sigma        2.78214e-01   2.01323e-01   6.44636e-04   2.42336e-04
 FCN=2.89931 FROM MIGRAD    STATUS=CONVERGED     105 CALLS         106 TOTAL
                     EDM=1.00083e-09    STRATEGY= 1  ERROR MATRIX UNCERTAINTY   2.7 per cent
  EXT PARAMETER                                   STEP         FIRST   
  NO.   NAME      VALUE            ERROR          SIZE      DERIVATIVE 
   1  Constant     8.99364e+01   5.65141e+00   1.40851e-03  -6.78200e-06
   2  Mean         9.72871e-01   2.35377e-02   2.07224e-05   1.84332e-03
   3  Sigma        1.87602e-01   7.44067e-02   2.21145e-05   5.05857e-05
 FCN=1.34109 FROM MIGRAD    STATUS=CONVERGED     107 CALLS         108 TOTAL
                     EDM=1.49633e-06    STRATEGY= 1      ERROR MATRIX ACCURATE 
  EXT PARAMETER                                   STEP         FIRST   
  NO.   NAME      VALUE            ERROR          SIZE      DERIVATIVE 
   1  Constant     4.11773e+02   1.42460e+01   7.00129e-03  -1.25008e-04
   2  Mean        -4.51405e-02   9.86531e-03   6.83709e-06   1.20567e-01
   3  Sigma        1.42162e-01   3.10600e-02   6.47291e-05  -1.84801e-02
 FCN=9.75255 FROM MIGRAD    STATUS=CONVERGED      87 CALLS          88 TOTAL
                     EDM=7.40233e-09    STRATEGY= 1      ERROR MATRIX ACCURATE 
  EXT PARAMETER                                   STEP         FIRST   
  NO.   NAME      VALUE            ERROR          SIZE      DERIVATIVE 
   1  Constant     1.38016e+02   7.85515e+00   8.65856e-03   1.66521e-05
   2  Mean         8.98392e-01   4.72281e-03   7.46085e-06  -1.30769e-02
   3  Sigma        7.82125e-02   7.43445e-03   4.40762e-05   3.92683e-03
 FCN=3.52816 FROM MIGRAD    STATUS=CONVERGED     117 CALLS         118 TOTAL
                     EDM=4.43694e-09    STRATEGY= 1  ERROR MATRIX UNCERTAINTY   2.8 per cent
  EXT PARAMETER                                   STEP         FIRST   
  NO.   NAME      VALUE            ERROR          SIZE      DERIVATIVE 
   1  Constant     4.06710e+02   1.31419e+01  -6.29678e-03   6.28204e-08
   2  Mean        -2.67848e-02   2.11381e-02   7.55113e-06   8.57742e-03
   3  Sigma        1.67059e-01   5.16537e-02   9.22524e-06  -8.77637e-04
 FCN=5.48885 FROM MIGRAD    STATUS=CONVERGED     107 CALLS         108 TOTAL
                     EDM=9.42874e-10    STRATEGY= 1      ERROR MATRIX ACCURATE 
  EXT PARAMETER                                   STEP         FIRST   
  NO.   NAME      VALUE            ERROR          SIZE      DERIVATIVE 
   1  Constant     8.74115e+01   5.07755e+00   4.73827e-03  -9.78045e-06
   2  Mean         9.77565e-01   1.95378e-02   1.39579e-05  -2.73681e-03
   3  Sigma        1.34420e-01   2.83107e-02   6.65799e-05  -4.86302e-04
 FCN=9.27666 FROM MIGRAD    STATUS=CONVERGED     250 CALLS         251 TOTAL
                     EDM=5.78178e-08    STRATEGY= 1      ERROR MATRIX ACCURATE 
  EXT PARAMETER                                   STEP         FIRST   
  NO.   NAME      VALUE            ERROR          SIZE      DERIVATIVE 
   1  Constant     4.33214e+02   9.55378e+00   1.46084e-02  -3.30407e-05
   2  Mean         2.88653e-02   1.08501e-01   1.66057e-04  -4.64770e-04
   3  Sigma        5.03674e-01   3.58707e-01   1.76174e-02** at limit **
 FCN=1.08993 FROM MIGRAD    STATUS=CONVERGED     100 CALLS         101 TOTAL
                     EDM=1.64007e-07    STRATEGY= 1      ERROR MATRIX ACCURATE 
  EXT PARAMETER                                   STEP         FIRST   
  NO.   NAME      VALUE            ERROR          SIZE      DERIVATIVE 
   1  Constant     1.85519e+02   7.78687e+00   3.92623e-03  -9.01220e-05
   2  Mean         9.77553e-01   9.37864e-03   4.93220e-06   5.46395e-02
   3  Sigma        1.23965e-01   1.54658e-02   2.51406e-05  -1.03508e-02
 FCN=1.31566 FROM MIGRAD    STATUS=CONVERGED     146 CALLS         147 TOTAL
                     EDM=5.37796e-09    STRATEGY= 1  ERROR MATRIX UNCERTAINTY   2.6 per cent
  EXT PARAMETER                                   STEP         FIRST   
  NO.   NAME      VALUE            ERROR          SIZE      DERIVATIVE 
   1  Constant     3.82335e+02   1.34650e+01  -5.99818e-03   9.23026e-06
   2  Mean        -7.05820e-02   3.53277e-02   2.91340e-06   3.06227e-04
   3  Sigma        2.42836e-01   1.50061e-01  -3.28335e-04  -2.46561e-05
 FCN=5.13591 FROM MIGRAD    STATUS=CONVERGED      72 CALLS          73 TOTAL
                     EDM=5.16414e-10    STRATEGY= 1  ERROR MATRIX UNCERTAINTY   4.1 per cent
  EXT PARAMETER                                   STEP         FIRST   
  NO.   NAME      VALUE            ERROR          SIZE      DERIVATIVE 
   1  Constant     1.97310e+02   8.49546e+00   1.46610e-02   5.05710e-06
   2  Mean         9.81578e-01   4.09076e-03  -1.91674e-06  -4.82270e-03
   3  Sigma        8.95153e-02   6.07616e-03  -4.36703e-05   1.89123e-03
 FCN=1.22204 FROM MIGRAD    STATUS=CONVERGED     298 CALLS         299 TOTAL
                     EDM=6.60426e-09    STRATEGY= 1      ERROR MATRIX ACCURATE 
  EXT PARAMETER                                   STEP         FIRST   
  NO.   NAME      VALUE            ERROR          SIZE      DERIVATIVE 
   1  Constant     2.60534e+02   1.34024e+01   5.29873e-03   1.53824e-06
   2  Mean        -1.32051e-01   1.41824e-01   5.60561e-05  -6.11666e-04
   3  Sigma        5.05016e-01   2.52522e-01   4.51773e-03** at limit **
 FCN=1.79695 FROM MIGRAD    STATUS=CONVERGED      72 CALLS          73 TOTAL
                     EDM=9.05723e-07    STRATEGY= 1      ERROR MATRIX ACCURATE 
  EXT PARAMETER                                   STEP         FIRST   
  NO.   NAME      VALUE            ERROR          SIZE      DERIVATIVE 
   1  Constant     1.45411e+02   7.49281e+00   4.37267e-03   1.35863e-04
   2  Mean         1.05363e+00   3.89060e-03   3.13744e-06  -1.55076e-01
   3  Sigma        7.76238e-02   5.08883e-03   1.49442e-05  -6.65428e-03
 FCN=1.92397 FROM MIGRAD    STATUS=CONVERGED     115 CALLS         116 TOTAL
                     EDM=1.09786e-06    STRATEGY= 1      ERROR MATRIX ACCURATE 
  EXT PARAMETER                                   STEP         FIRST   
  NO.   NAME      VALUE            ERROR          SIZE      DERIVATIVE 
   1  Constant     1.14952e+02   6.91094e+00   4.16449e-03  -1.93204e-04
   2  Mean         1.51358e-01   2.78149e-02   1.31131e-05   7.03853e-02
   3  Sigma        1.40052e-01   5.68415e-02   1.00685e-04  -5.85331e-03
 FCN=2.80539 FROM MIGRAD    STATUS=CONVERGED      71 CALLS          72 TOTAL
                     EDM=9.29185e-08    STRATEGY= 1      ERROR MATRIX ACCURATE 
  EXT PARAMETER                                   STEP         FIRST   
  NO.   NAME      VALUE            ERROR          SIZE      DERIVATIVE 
   1  Constant     7.38548e+01   5.39197e+00   4.35352e-03   3.63086e-05
   2  Mean         8.07653e-01   6.50669e-03   3.94258e-06   1.18152e-02
   3  Sigma        5.47700e-02   4.50700e-03   1.71376e-05  -1.11967e-02
Info in <TCanvas::Print>: Current canvas added to pdf file /home/had/suharu/work/e40/ana/pdf/trigger_study/mt_mip_04471.pdf
Info in <TCanvas::Print>: Current canvas added to pdf file /home/had/suharu/work/e40/ana/pdf/trigger_study/mt_mip_04471.pdf
 FCN=1.41465 FROM MIGRAD    STATUS=CONVERGED     104 CALLS         105 TOTAL
                     EDM=6.94875e-09    STRATEGY= 1      ERROR MATRIX ACCURATE 
  EXT PARAMETER                                   STEP         FIRST   
  NO.   NAME      VALUE            ERROR          SIZE      DERIVATIVE 
   1  Constant     3.03978e+02   1.23194e+01   6.15394e-03  -1.14475e-05
   2  Mean         2.16985e-02   8.77585e-03   6.50255e-06  -4.80442e-03
   3  Sigma        1.25665e-01   2.52363e-02   5.81255e-05  -3.57593e-04
 FCN=9.1037 FROM MIGRAD    STATUS=CONVERGED     449 CALLS         450 TOTAL
                     EDM=7.14906e-07    STRATEGY= 1      ERROR MATRIX ACCURATE 
  EXT PARAMETER                                   STEP         FIRST   
  NO.   NAME      VALUE            ERROR          SIZE      DERIVATIVE 
   1  Constant     2.19700e+02   4.79704e+02   1.87586e-02  -5.79136e-05
   2  Mean         1.46292e+00   1.13560e+00   2.25567e-05   5.20072e-02
   3  Sigma        4.35465e-01   4.65826e-01   5.95925e-05  -2.13147e-02
 FCN=3.23007 FROM MIGRAD    STATUS=CONVERGED     127 CALLS         128 TOTAL
                     EDM=3.82238e-09    STRATEGY= 1      ERROR MATRIX ACCURATE 
  EXT PARAMETER                                   STEP         FIRST   
  NO.   NAME      VALUE            ERROR          SIZE      DERIVATIVE 
   1  Constant     1.08482e+03   2.10019e+01   1.55809e-02   2.53128e-06
   2  Mean        -5.97409e-02   7.52842e-03   4.04708e-06   7.40786e-03
   3  Sigma        1.24380e-01   1.30896e-02   2.81122e-05  -1.16674e-03
 FCN=6.67356 FROM MIGRAD    STATUS=CONVERGED      97 CALLS          98 TOTAL
                     EDM=1.29642e-07    STRATEGY= 1      ERROR MATRIX ACCURATE 
  EXT PARAMETER                                   STEP         FIRST   
  NO.   NAME      VALUE            ERROR          SIZE      DERIVATIVE 
   1  Constant     2.31271e+02   9.07427e+00   8.30268e-03   7.46474e-05
   2  Mean         1.01217e+00   6.86784e-03   9.12961e-06   4.54613e-03
   3  Sigma        1.26853e-01   1.48202e-02   5.30715e-05   1.23789e-02
 FCN=2.06512 FROM MIGRAD    STATUS=CONVERGED     116 CALLS         117 TOTAL
                     EDM=2.30267e-07    STRATEGY= 1      ERROR MATRIX ACCURATE 
  EXT PARAMETER                                   STEP         FIRST   
  NO.   NAME      VALUE            ERROR          SIZE      DERIVATIVE 
   1  Constant     1.72249e+03   2.89504e+01   1.65954e-02   2.52442e-05
   2  Mean        -2.69510e-02   3.52935e-03   2.75273e-06  -7.43927e-02
   3  Sigma        1.18849e-01   8.96584e-03   2.30488e-05   1.82596e-02
 FCN=2.88692 FROM MIGRAD    STATUS=CONVERGED      81 CALLS          82 TOTAL
                     EDM=1.28302e-07    STRATEGY= 1  ERROR MATRIX UNCERTAINTY   2.3 per cent
  EXT PARAMETER                                   STEP         FIRST   
  NO.   NAME      VALUE            ERROR          SIZE      DERIVATIVE 
   1  Constant     3.04858e+02   1.01913e+01   1.49387e-02  -4.67281e-05
   2  Mean         1.04392e+00   6.01727e-03  -4.47298e-05  -6.15310e-02
   3  Sigma        1.27096e-01   1.25358e-02  -5.20934e-04   1.31562e-03
 FCN=10.6873 FROM MIGRAD    STATUS=CONVERGED     109 CALLS         110 TOTAL
                     EDM=1.63943e-07    STRATEGY= 1      ERROR MATRIX ACCURATE 
  EXT PARAMETER                                   STEP         FIRST   
  NO.   NAME      VALUE            ERROR          SIZE      DERIVATIVE 
   1  Constant     1.88295e+03   2.92962e+01   3.43465e-02  -2.56886e-05
   2  Mean        -4.11344e-02   3.87429e-03   4.33452e-06  -9.90574e-02
   3  Sigma        1.11230e-01   7.27142e-03   3.11247e-05  -1.55212e-02
 FCN=2.20317 FROM MIGRAD    STATUS=CONVERGED      92 CALLS          93 TOTAL
                     EDM=2.05757e-08    STRATEGY= 1  ERROR MATRIX UNCERTAINTY   2.9 per cent
  EXT PARAMETER                                   STEP         FIRST   
  NO.   NAME      VALUE            ERROR          SIZE      DERIVATIVE 
   1  Constant     3.87999e+02   1.15503e+01  -3.46285e-02   3.45270e-05
   2  Mean         9.42446e-01   6.57302e-03   1.71801e-06   2.70633e-03
   3  Sigma        1.42588e-01   1.55929e-02   8.98038e-06   4.71918e-03
 FCN=33.2118 FROM MIGRAD    STATUS=CONVERGED     106 CALLS         107 TOTAL
                     EDM=4.38691e-11    STRATEGY= 1  ERROR MATRIX UNCERTAINTY   2.2 per cent
  EXT PARAMETER                                   STEP         FIRST   
  NO.   NAME      VALUE            ERROR          SIZE      DERIVATIVE 
   1  Constant     1.35184e+03   2.43138e+01  -7.51666e-03  -2.69644e-07
   2  Mean        -8.15210e-02   8.25162e-03   5.77607e-06   1.76994e-03
   3  Sigma        1.43122e-01   1.81111e-02  -8.31001e-05   7.92316e-05
 FCN=8.51435 FROM MIGRAD    STATUS=CONVERGED     102 CALLS         103 TOTAL
                     EDM=4.76658e-07    STRATEGY= 1      ERROR MATRIX ACCURATE 
  EXT PARAMETER                                   STEP         FIRST   
  NO.   NAME      VALUE            ERROR          SIZE      DERIVATIVE 
   1  Constant     3.09208e+02   9.98744e+00   1.06051e-02   1.29711e-04
   2  Mean         9.70416e-01   8.51537e-03   1.03617e-05   1.08121e-02
   3  Sigma        1.41047e-01   1.68204e-02   5.77810e-05   1.07668e-02
 FCN=2.83732 FROM MIGRAD    STATUS=CONVERGED     116 CALLS         117 TOTAL
                     EDM=1.48703e-08    STRATEGY= 1      ERROR MATRIX ACCURATE 
  EXT PARAMETER                                   STEP         FIRST   
  NO.   NAME      VALUE            ERROR          SIZE      DERIVATIVE 
   1  Constant     1.07072e+03   2.11543e+01   1.45751e-02  -5.35537e-06
   2  Mean        -4.46880e-02   8.79264e-03   4.81077e-06   7.87685e-03
   3  Sigma        1.38821e-01   1.81298e-02   3.69205e-05   1.37643e-03
 FCN=1.43483 FROM MIGRAD    STATUS=CONVERGED      96 CALLS          97 TOTAL
                     EDM=1.1268e-06    STRATEGY= 1      ERROR MATRIX ACCURATE 
  EXT PARAMETER                                   STEP         FIRST   
  NO.   NAME      VALUE            ERROR          SIZE      DERIVATIVE 
   1  Constant     1.96822e+02   8.18737e+00   4.22374e-03   1.47038e-05
   2  Mean         9.60950e-01   1.14322e-02   8.15663e-06   6.72660e-02
   3  Sigma        1.57250e-01   2.90949e-02   5.19655e-05  -1.39127e-02
 FCN=16.4015 FROM MIGRAD    STATUS=CONVERGED     108 CALLS         109 TOTAL
                     EDM=1.84326e-07    STRATEGY= 1  ERROR MATRIX UNCERTAINTY   4.0 per cent
  EXT PARAMETER                                   STEP         FIRST   
  NO.   NAME      VALUE            ERROR          SIZE      DERIVATIVE 
   1  Constant     2.48671e+02   1.04727e+01  -5.54725e-03  -4.41583e-05
   2  Mean        -7.44990e-02   1.62863e-02   2.91250e-05   1.73847e-02
   3  Sigma        1.45628e-01   4.28893e-02  -2.59194e-04   2.81917e-03
 FCN=0.509722 FROM MIGRAD    STATUS=CONVERGED      80 CALLS          81 TOTAL
                     EDM=2.19548e-07    STRATEGY= 1      ERROR MATRIX ACCURATE 
  EXT PARAMETER                                   STEP         FIRST   
  NO.   NAME      VALUE            ERROR          SIZE      DERIVATIVE 
   1  Constant     5.43535e+01   4.05666e+00   1.85370e-03  -2.33389e-05
   2  Mean         9.87860e-01   1.72157e-02   6.34138e-06   4.74401e-02
   3  Sigma        1.11602e-01   2.13190e-02   2.79923e-05  -1.19311e-02
 FCN=3.75372 FROM MIGRAD    STATUS=CONVERGED     113 CALLS         114 TOTAL
                     EDM=3.77364e-07    STRATEGY= 1      ERROR MATRIX ACCURATE 
  EXT PARAMETER                                   STEP         FIRST   
  NO.   NAME      VALUE            ERROR          SIZE      DERIVATIVE 
   1  Constant     1.01087e+02   6.32442e+00   5.14720e-03   1.04693e-04
   2  Mean        -7.68293e-02   3.68813e-02   1.23163e-05  -7.49279e-02
   3  Sigma        1.23688e-01   4.44446e-02   7.14706e-05   1.19276e-02
 FCN=0.397285 FROM MIGRAD    STATUS=CONVERGED      86 CALLS          87 TOTAL
                     EDM=1.88345e-09    STRATEGY= 1      ERROR MATRIX ACCURATE 
  EXT PARAMETER                                   STEP         FIRST   
  NO.   NAME      VALUE            ERROR          SIZE      DERIVATIVE 
   1  Constant     2.21845e+01   3.05891e+00   1.24612e-03  -1.99253e-05
   2  Mean         8.45125e-01   1.60476e-02   7.39735e-06  -3.15734e-03
   3  Sigma        8.39338e-02   2.30049e-02   4.17634e-05  -3.25145e-04
Info in <TCanvas::Print>: Current canvas added to pdf file /home/had/suharu/work/e40/ana/pdf/trigger_study/mt_mip_04471.pdf
Info in <TCanvas::Print>: Current canvas added to pdf file /home/had/suharu/work/e40/ana/pdf/trigger_study/mt_mip_04471.pdf
Info in <TCanvas::Print>: pdf file /home/had/suharu/work/e40/ana/pdf/trigger_study/mt_mip_04471.pdf has been closed
2.19user 0.74system 0:03.81elapsed 77%CPU (0avgtext+0avgdata 358540maxresident)k
0inputs+0outputs (0major+64919minor)pagefaults 0swaps
