
Processing ../macro/hodprm/mt_mip_check.C(4462)...
Info in <TCanvas::Print>: pdf file /home/had/suharu/work/e40/ana/pdf/trigger_study/mt_mip_04462.pdf has been created
 FCN=0.816972 FROM MIGRAD    STATUS=CONVERGED      94 CALLS          95 TOTAL
                     EDM=1.13682e-06    STRATEGY= 1      ERROR MATRIX ACCURATE 
  EXT PARAMETER                                   STEP         FIRST   
  NO.   NAME      VALUE            ERROR          SIZE      DERIVATIVE 
   1  Constant     2.19459e+01   3.41435e+00   1.46487e-03  -3.02917e-04
   2  Mean        -5.28316e-02   2.11203e-02   1.39257e-05   2.91336e-02
   3  Sigma        1.00207e-01   5.03855e-02   1.12375e-04   1.68612e-03
 FCN=4.33184 FROM MIGRAD    STATUS=CONVERGED      77 CALLS          78 TOTAL
                     EDM=5.5057e-08    STRATEGY= 1      ERROR MATRIX ACCURATE 
  EXT PARAMETER                                   STEP         FIRST   
  NO.   NAME      VALUE            ERROR          SIZE      DERIVATIVE 
   1  Constant     2.57091e+01   3.07702e+00   2.56465e-03   9.39240e-05
   2  Mean         1.11926e+00   1.27854e-02   1.10523e-05  -1.49557e-02
   3  Sigma        8.13456e-02   1.44779e-02   4.96335e-05   7.36148e-03
 FCN=4.92333 FROM MIGRAD    STATUS=CONVERGED      83 CALLS          84 TOTAL
                     EDM=7.74399e-09    STRATEGY= 1  ERROR MATRIX UNCERTAINTY   2.8 per cent
  EXT PARAMETER                                   STEP         FIRST   
  NO.   NAME      VALUE            ERROR          SIZE      DERIVATIVE 
   1  Constant     1.01255e+02   7.34968e+00   8.96040e-03  -1.31671e-05
   2  Mean        -8.55634e-02   1.01940e-02  -5.32841e-05  -9.97185e-03
   3  Sigma        1.01112e-01   2.44801e-02  -3.81989e-04   5.15730e-04
 FCN=8.89882 FROM MIGRAD    STATUS=CONVERGED      68 CALLS          69 TOTAL
                     EDM=2.70734e-07    STRATEGY= 1      ERROR MATRIX ACCURATE 
  EXT PARAMETER                                   STEP         FIRST   
  NO.   NAME      VALUE            ERROR          SIZE      DERIVATIVE 
   1  Constant     1.45293e+02   7.02010e+00   8.78635e-03  -8.27955e-05
   2  Mean         1.12628e+00   5.23214e-03   5.29332e-06  -8.31744e-02
   3  Sigma        6.97327e-02   4.18505e-03   2.06379e-05   1.50954e-02
 FCN=2.03029 FROM MIGRAD    STATUS=CONVERGED     114 CALLS         115 TOTAL
                     EDM=1.16402e-07    STRATEGY= 1      ERROR MATRIX ACCURATE 
  EXT PARAMETER                                   STEP         FIRST   
  NO.   NAME      VALUE            ERROR          SIZE      DERIVATIVE 
   1  Constant     3.06822e+02   1.17428e+01   6.88850e-03  -3.76148e-05
   2  Mean        -6.96306e-02   1.51496e-02   8.95883e-06  -1.77951e-02
   3  Sigma        1.44226e-01   3.77814e-02   7.62298e-05   5.79917e-04
 FCN=14.5524 FROM MIGRAD    STATUS=CONVERGED      76 CALLS          77 TOTAL
                     EDM=1.41686e-08    STRATEGY= 1      ERROR MATRIX ACCURATE 
  EXT PARAMETER                                   STEP         FIRST   
  NO.   NAME      VALUE            ERROR          SIZE      DERIVATIVE 
   1  Constant     5.49772e+02   1.41558e+01   2.13593e-02  -5.60471e-06
   2  Mean         9.82139e-01   2.18707e-03   3.21503e-06  -5.48659e-02
   3  Sigma        6.70481e-02   1.92071e-03   1.32059e-05   1.30721e-02
 FCN=24.891 FROM MIGRAD    STATUS=CONVERGED      71 CALLS          72 TOTAL
                     EDM=4.45853e-07    STRATEGY= 1  ERROR MATRIX UNCERTAINTY   5.6 per cent
  EXT PARAMETER                                   STEP         FIRST   
  NO.   NAME      VALUE            ERROR          SIZE      DERIVATIVE 
   1  Constant     5.67833e+02   1.57957e+01   7.02824e-02   8.95108e-05
   2  Mean        -3.09315e-02   3.76216e-03  -1.24953e-06  -1.56192e-02
   3  Sigma        7.68906e-02   4.55548e-03  -1.06538e-04   5.90172e-02
 FCN=10.4424 FROM MIGRAD    STATUS=CONVERGED      77 CALLS          78 TOTAL
                     EDM=3.0822e-07    STRATEGY= 1      ERROR MATRIX ACCURATE 
  EXT PARAMETER                                   STEP         FIRST   
  NO.   NAME      VALUE            ERROR          SIZE      DERIVATIVE 
   1  Constant     5.84051e+02   1.43929e+01   1.74333e-02   4.82711e-05
   2  Mean         1.00093e+00   2.48220e-03   3.56947e-06   2.49475e-02
   3  Sigma        8.42519e-02   3.05618e-03   1.62354e-05   6.86252e-02
 FCN=4.68482 FROM MIGRAD    STATUS=CONVERGED      88 CALLS          89 TOTAL
                     EDM=1.90814e-08    STRATEGY= 1  ERROR MATRIX UNCERTAINTY   3.0 per cent
  EXT PARAMETER                                   STEP         FIRST   
  NO.   NAME      VALUE            ERROR          SIZE      DERIVATIVE 
   1  Constant     4.25877e+02   1.37681e+01   9.73550e-02   1.68237e-05
   2  Mean         4.98083e-03   6.96878e-03  -6.57500e-05   2.69781e-02
   3  Sigma        1.00144e-01   1.13826e-02  -5.19789e-04  -8.66156e-04
 FCN=4.75521 FROM MIGRAD    STATUS=CONVERGED     100 CALLS         101 TOTAL
                     EDM=7.46754e-08    STRATEGY= 1      ERROR MATRIX ACCURATE 
  EXT PARAMETER                                   STEP         FIRST   
  NO.   NAME      VALUE            ERROR          SIZE      DERIVATIVE 
   1  Constant     2.84645e+02   9.90982e+00   7.95716e-03  -4.48618e-05
   2  Mean         1.04162e+00   6.49506e-03   7.42346e-06  -3.64176e-02
   3  Sigma        1.29956e-01   1.39116e-02   4.30059e-05  -4.47242e-03
 FCN=2.01893 FROM MIGRAD    STATUS=CONVERGED     119 CALLS         120 TOTAL
                     EDM=2.67094e-08    STRATEGY= 1      ERROR MATRIX ACCURATE 
  EXT PARAMETER                                   STEP         FIRST   
  NO.   NAME      VALUE            ERROR          SIZE      DERIVATIVE 
   1  Constant     4.53020e+02   1.31813e+01   8.53676e-03  -1.15966e-05
   2  Mean        -7.98707e-02   1.97761e-02   5.76212e-06  -1.08351e-02
   3  Sigma        1.38664e-01   2.83921e-02   3.68527e-05   7.30548e-04
 FCN=7.22031 FROM MIGRAD    STATUS=CONVERGED      76 CALLS          77 TOTAL
                     EDM=7.29581e-07    STRATEGY= 1      ERROR MATRIX ACCURATE 
  EXT PARAMETER                                   STEP         FIRST   
  NO.   NAME      VALUE            ERROR          SIZE      DERIVATIVE 
   1  Constant     3.57195e+02   1.12228e+01   1.14685e-02   1.91640e-05
   2  Mean         9.67898e-01   3.36086e-03   4.05369e-06   1.67852e-01
   3  Sigma        8.69713e-02   4.25445e-03   1.85820e-05   4.67902e-02
 FCN=1.74936 FROM MIGRAD    STATUS=CONVERGED      88 CALLS          89 TOTAL
                     EDM=7.75132e-06    STRATEGY= 1      ERROR MATRIX ACCURATE 
  EXT PARAMETER                                   STEP         FIRST   
  NO.   NAME      VALUE            ERROR          SIZE      DERIVATIVE 
   1  Constant     4.20256e+02   1.44019e+01   7.69280e-03  -1.01624e-05
   2  Mean        -9.59156e-02   8.54263e-03   6.52019e-06  -4.82070e-01
   3  Sigma        1.32858e-01   2.52462e-02   5.94987e-05  -7.38665e-03
 FCN=5.95488 FROM MIGRAD    STATUS=CONVERGED      77 CALLS          78 TOTAL
                     EDM=1.6146e-06    STRATEGY= 1      ERROR MATRIX ACCURATE 
  EXT PARAMETER                                   STEP         FIRST   
  NO.   NAME      VALUE            ERROR          SIZE      DERIVATIVE 
   1  Constant     3.00476e+02   1.02831e+01   9.65387e-03  -1.07833e-04
   2  Mean         9.99594e-01   3.58366e-03   4.09849e-06   8.93906e-02
   3  Sigma        8.74222e-02   4.63945e-03   1.89878e-05   3.19786e-02
 FCN=3.26672 FROM MIGRAD    STATUS=CONVERGED     236 CALLS         237 TOTAL
                     EDM=3.95123e-07    STRATEGY= 1      ERROR MATRIX ACCURATE 
  EXT PARAMETER                                   STEP         FIRST   
  NO.   NAME      VALUE            ERROR          SIZE      DERIVATIVE 
   1  Constant     4.84509e+02   1.85015e+01   1.00125e-02   5.49281e-06
   2  Mean         2.54795e-02   1.05781e-01   5.74029e-05   6.91233e-03
   3  Sigma        5.06978e-01   4.95603e-01   2.77160e-03** at limit **
 FCN=1.18043 FROM MIGRAD    STATUS=CONVERGED      91 CALLS          92 TOTAL
                     EDM=3.52485e-11    STRATEGY= 1  ERROR MATRIX UNCERTAINTY   5.9 per cent
  EXT PARAMETER                                   STEP         FIRST   
  NO.   NAME      VALUE            ERROR          SIZE      DERIVATIVE 
   1  Constant     4.49688e+02   1.24935e+01   2.75515e-02   5.88032e-07
   2  Mean         9.84354e-01   5.08131e-03  -2.78437e-06  -1.83280e-03
   3  Sigma        1.30258e-01   1.11594e-02  -9.56805e-05   1.98656e-04
 FCN=1.34854 FROM MIGRAD    STATUS=CONVERGED     320 CALLS         321 TOTAL
                     EDM=7.78617e-07    STRATEGY= 1      ERROR MATRIX ACCURATE 
  EXT PARAMETER                                   STEP         FIRST   
  NO.   NAME      VALUE            ERROR          SIZE      DERIVATIVE 
   1  Constant     3.64978e+02   1.10756e+01   6.42015e-03   6.28483e-05
   2  Mean        -5.94497e-02   1.18872e-01   6.85620e-05  -6.23450e-04
   3  Sigma        5.04144e-01   4.89839e-01   1.09009e-02   6.16472e-05
 FCN=15.3973 FROM MIGRAD    STATUS=CONVERGED      81 CALLS          82 TOTAL
                     EDM=6.24503e-09    STRATEGY= 1      ERROR MATRIX ACCURATE 
  EXT PARAMETER                                   STEP         FIRST   
  NO.   NAME      VALUE            ERROR          SIZE      DERIVATIVE 
   1  Constant     4.81545e+02   1.33114e+01   1.96207e-02   5.60853e-06
   2  Mean         1.00372e+00   2.39422e-03   3.97541e-06   6.19760e-03
   3  Sigma        7.46195e-02   2.56363e-03   1.73254e-05   1.01376e-02
 FCN=0.825673 FROM MIGRAD    STATUS=CONVERGED     101 CALLS         102 TOTAL
                     EDM=7.35886e-10    STRATEGY= 1  ERROR MATRIX UNCERTAINTY   3.3 per cent
  EXT PARAMETER                                   STEP         FIRST   
  NO.   NAME      VALUE            ERROR          SIZE      DERIVATIVE 
   1  Constant     1.87908e+02   8.53987e+00  -1.14854e-02   1.28942e-06
   2  Mean        -5.29063e-02   3.00627e-02  -1.02145e-04   1.41797e-04
   3  Sigma        1.50460e-01   5.54874e-02  -4.56767e-04  -1.91841e-04
 FCN=13.1047 FROM MIGRAD    STATUS=CONVERGED      78 CALLS          79 TOTAL
                     EDM=8.80812e-07    STRATEGY= 1      ERROR MATRIX ACCURATE 
  EXT PARAMETER                                   STEP         FIRST   
  NO.   NAME      VALUE            ERROR          SIZE      DERIVATIVE 
   1  Constant     2.16993e+02   8.96174e+00   1.14322e-02   7.53798e-05
   2  Mean         1.02531e+00   5.42366e-03   8.29899e-06  -6.09803e-02
   3  Sigma        9.93922e-02   8.26745e-03   4.11280e-05  -2.37397e-02
 FCN=6.04571 FROM MIGRAD    STATUS=CONVERGED     169 CALLS         170 TOTAL
                     EDM=5.57633e-08    STRATEGY= 1      ERROR MATRIX ACCURATE 
  EXT PARAMETER                                   STEP         FIRST   
  NO.   NAME      VALUE            ERROR          SIZE      DERIVATIVE 
   1  Constant     4.23300e+01   7.09121e+00   3.82407e-03  -1.04106e-04
   2  Mean        -1.61835e-01   3.68761e-01   1.97701e-04  -1.93253e-03
   3  Sigma        5.09226e-01   2.81470e-01   7.20112e-03** at limit **
 FCN=1.09376 FROM MIGRAD    STATUS=CONVERGED      80 CALLS          81 TOTAL
                     EDM=1.47223e-07    STRATEGY= 1      ERROR MATRIX ACCURATE 
  EXT PARAMETER                                   STEP         FIRST   
  NO.   NAME      VALUE            ERROR          SIZE      DERIVATIVE 
   1  Constant     8.20564e+01   5.93291e+00   3.01820e-03  -6.99326e-05
   2  Mean         7.83138e-01   6.23647e-03   3.78836e-06   4.20128e-03
   3  Sigma        7.24412e-02   7.94974e-03   2.05371e-05   3.45893e-03
Info in <TCanvas::Print>: Current canvas added to pdf file /home/had/suharu/work/e40/ana/pdf/trigger_study/mt_mip_04462.pdf
Info in <TCanvas::Print>: Current canvas added to pdf file /home/had/suharu/work/e40/ana/pdf/trigger_study/mt_mip_04462.pdf
 FCN=4.47784 FROM MIGRAD    STATUS=CONVERGED      78 CALLS          79 TOTAL
                     EDM=8.80097e-08    STRATEGY= 1      ERROR MATRIX ACCURATE 
  EXT PARAMETER                                   STEP         FIRST   
  NO.   NAME      VALUE            ERROR          SIZE      DERIVATIVE 
   1  Constant     9.96154e+01   7.55737e+00   5.97051e-03  -3.55958e-05
   2  Mean         5.55938e-02   4.26284e-03   4.83761e-06   1.32563e-02
   3  Sigma        5.97068e-02   5.96180e-03   3.11249e-05   4.67996e-03
 FCN=1.20515 FROM MIGRAD    STATUS=CONVERGED     103 CALLS         104 TOTAL
                     EDM=9.35187e-11    STRATEGY= 1      ERROR MATRIX ACCURATE 
  EXT PARAMETER                                   STEP         FIRST   
  NO.   NAME      VALUE            ERROR          SIZE      DERIVATIVE 
   1  Constant     1.79050e+01   2.56153e+00   1.23327e-03   1.27283e-06
   2  Mean         1.05175e+00   2.57185e-02   1.86552e-05   5.22733e-04
   3  Sigma        1.31044e-01   5.92132e-02   1.12149e-04   8.61701e-06
 FCN=3.68464 FROM MIGRAD    STATUS=CONVERGED      62 CALLS          63 TOTAL
                     EDM=1.7876e-09    STRATEGY= 1      ERROR MATRIX ACCURATE 
  EXT PARAMETER                                   STEP         FIRST   
  NO.   NAME      VALUE            ERROR          SIZE      DERIVATIVE 
   1  Constant     1.92807e+03   3.67377e+01   3.04016e-02   1.93211e-06
   2  Mean        -2.09766e-02   5.10544e-04   5.39552e-07   3.88374e-03
   3  Sigma        3.33716e-02   4.15807e-04   3.48454e-06   1.57080e-02
 FCN=6.2817 FROM MIGRAD    STATUS=CONVERGED     104 CALLS         105 TOTAL
                     EDM=9.53136e-10    STRATEGY= 1      ERROR MATRIX ACCURATE 
  EXT PARAMETER                                   STEP         FIRST   
  NO.   NAME      VALUE            ERROR          SIZE      DERIVATIVE 
   1  Constant     2.52552e+02   9.25704e+00   8.30609e-03   4.34720e-06
   2  Mean         9.98274e-01   1.03353e-02   1.16189e-05   2.77047e-03
   3  Sigma        1.51923e-01   2.38662e-02   7.04199e-05   3.49352e-04
 FCN=82.2079 FROM MIGRAD    STATUS=CONVERGED      61 CALLS          62 TOTAL
                     EDM=1.39865e-08    STRATEGY= 1      ERROR MATRIX ACCURATE 
  EXT PARAMETER                                   STEP         FIRST   
  NO.   NAME      VALUE            ERROR          SIZE      DERIVATIVE 
   1  Constant     5.99924e+03   6.62689e+01   2.24605e-01  -2.93640e-06
   2  Mean        -1.24952e-02   2.93608e-04   1.30357e-06  -1.94205e-01
   3  Sigma        3.38276e-02   2.56589e-04   8.66559e-06  -7.12352e-02
 FCN=7.76339 FROM MIGRAD    STATUS=CONVERGED      92 CALLS          93 TOTAL
                     EDM=4.8444e-08    STRATEGY= 1  ERROR MATRIX UNCERTAINTY   2.6 per cent
  EXT PARAMETER                                   STEP         FIRST   
  NO.   NAME      VALUE            ERROR          SIZE      DERIVATIVE 
   1  Constant     8.50417e+02   1.73244e+01  -9.57087e-02   3.51382e-05
   2  Mean         1.00851e+00   4.54909e-03   5.92985e-06  -9.25988e-03
   3  Sigma        1.43929e-01   1.11281e-02   2.89920e-06   1.10841e-02
 FCN=254.574 FROM MIGRAD    STATUS=CONVERGED      59 CALLS          60 TOTAL
                     EDM=5.17518e-08    STRATEGY= 1      ERROR MATRIX ACCURATE 
  EXT PARAMETER                                   STEP         FIRST   
  NO.   NAME      VALUE            ERROR          SIZE      DERIVATIVE 
   1  Constant     6.24796e+03   6.48904e+01   3.71995e-01  -3.35981e-06
   2  Mean        -1.14727e-02   3.37753e-04   2.58554e-06  -1.57555e-01
   3  Sigma        4.01256e-02   3.32861e-04   1.63757e-05   4.69249e-02
 FCN=0.899339 FROM MIGRAD    STATUS=CONVERGED      99 CALLS         100 TOTAL
                     EDM=1.67439e-09    STRATEGY= 1  ERROR MATRIX UNCERTAINTY   2.6 per cent
  EXT PARAMETER                                   STEP         FIRST   
  NO.   NAME      VALUE            ERROR          SIZE      DERIVATIVE 
   1  Constant     1.15822e+03   1.96673e+01  -1.44048e-02   5.57572e-06
   2  Mean         9.65928e-01   4.44675e-03   5.23908e-06   3.98066e-03
   3  Sigma        1.46178e-01   9.75688e-03  -4.58518e-06   2.78846e-03
 FCN=23.1093 FROM MIGRAD    STATUS=CONVERGED      60 CALLS          61 TOTAL
                     EDM=1.57464e-10    STRATEGY= 1      ERROR MATRIX ACCURATE 
  EXT PARAMETER                                   STEP         FIRST   
  NO.   NAME      VALUE            ERROR          SIZE      DERIVATIVE 
   1  Constant     3.74426e+03   5.08967e+01   9.39640e-02  -3.19339e-07
   2  Mean        -1.74742e-02   3.79306e-04   9.09139e-07   3.29910e-02
   3  Sigma        3.50004e-02   3.25163e-04   5.82570e-06  -3.82948e-03
 FCN=5.26963 FROM MIGRAD    STATUS=CONVERGED     109 CALLS         110 TOTAL
                     EDM=1.04312e-08    STRATEGY= 1      ERROR MATRIX ACCURATE 
  EXT PARAMETER                                   STEP         FIRST   
  NO.   NAME      VALUE            ERROR          SIZE      DERIVATIVE 
   1  Constant     5.88159e+02   1.27589e+01   1.20869e-02   1.24923e-05
   2  Mean         9.29662e-01   1.13438e-02   5.82955e-06   3.38318e-03
   3  Sigma        1.47991e-01   1.46182e-02   2.62604e-05   2.29449e-03
 FCN=5.26646 FROM MIGRAD    STATUS=CONVERGED      62 CALLS          63 TOTAL
                     EDM=2.72663e-08    STRATEGY= 1      ERROR MATRIX ACCURATE 
  EXT PARAMETER                                   STEP         FIRST   
  NO.   NAME      VALUE            ERROR          SIZE      DERIVATIVE 
   1  Constant     6.15664e+02   1.95398e+01   1.82822e-02   4.34434e-06
   2  Mean        -2.55353e-02   1.05914e-03   1.29435e-06   1.11233e-01
   3  Sigma        4.01923e-02   9.64881e-04   7.83144e-06  -1.62272e-02
 FCN=0.693181 FROM MIGRAD    STATUS=CONVERGED      81 CALLS          82 TOTAL
                     EDM=2.8855e-08    STRATEGY= 1  ERROR MATRIX UNCERTAINTY   6.2 per cent
  EXT PARAMETER                                   STEP         FIRST   
  NO.   NAME      VALUE            ERROR          SIZE      DERIVATIVE 
   1  Constant     1.03905e+02   5.54773e+00  -6.87464e-03  -5.39038e-05
   2  Mean         9.41809e-01   1.75916e-02  -5.88417e-06  -2.73188e-02
   3  Sigma        1.30005e-01   2.42896e-02   1.31657e-04  -4.06991e-03
 FCN=3.37892 FROM MIGRAD    STATUS=CONVERGED      62 CALLS          63 TOTAL
                     EDM=7.56762e-08    STRATEGY= 1      ERROR MATRIX ACCURATE 
  EXT PARAMETER                                   STEP         FIRST   
  NO.   NAME      VALUE            ERROR          SIZE      DERIVATIVE 
   1  Constant     2.14682e+02   1.20692e+01   9.16981e-03   1.77343e-05
   2  Mean         6.42039e-03   1.75223e-03   1.78871e-06  -2.35757e-02
   3  Sigma        3.88829e-02   1.69595e-03   1.14693e-05  -1.39361e-02
 FCN=9.60557 FROM MIGRAD    STATUS=CONVERGED      91 CALLS          92 TOTAL
                     EDM=3.19766e-09    STRATEGY= 1      ERROR MATRIX ACCURATE 
  EXT PARAMETER                                   STEP         FIRST   
  NO.   NAME      VALUE            ERROR          SIZE      DERIVATIVE 
   1  Constant     3.32603e+01   3.11099e+00   3.69947e-03  -1.31234e-05
   2  Mean         1.02142e+00   3.75774e-02   3.28092e-05  -9.87182e-04
   3  Sigma        1.44466e-01   5.73684e-02   1.61664e-04  -2.62975e-04
 FCN=15.1033 FROM MIGRAD    STATUS=CONVERGED      66 CALLS          67 TOTAL
                     EDM=5.214e-11    STRATEGY= 1      ERROR MATRIX ACCURATE 
  EXT PARAMETER                                   STEP         FIRST   
  NO.   NAME      VALUE            ERROR          SIZE      DERIVATIVE 
   1  Constant     2.88777e+02   1.31559e+01   2.01454e-02   5.89523e-08
   2  Mean         2.48281e-02   1.65689e-03   2.99873e-06  -3.52624e-03
   3  Sigma        3.98148e-02   1.33607e-03   1.68277e-05  -5.11858e-04
 FCN=4.97602 FROM MIGRAD    STATUS=CONVERGED      68 CALLS          69 TOTAL
                     EDM=2.92529e-09    STRATEGY= 1  ERROR MATRIX UNCERTAINTY   4.3 per cent
  EXT PARAMETER                                   STEP         FIRST   
  NO.   NAME      VALUE            ERROR          SIZE      DERIVATIVE 
   1  Constant     4.79068e+01   3.71220e+00   5.16038e-03   2.62463e-05
   2  Mean         6.57185e-01   1.52881e-02  -1.75139e-05   2.42322e-03
   3  Sigma        9.35454e-02   1.43084e-02  -1.12666e-04   8.03140e-04
Info in <TCanvas::Print>: Current canvas added to pdf file /home/had/suharu/work/e40/ana/pdf/trigger_study/mt_mip_04462.pdf
Info in <TCanvas::Print>: Current canvas added to pdf file /home/had/suharu/work/e40/ana/pdf/trigger_study/mt_mip_04462.pdf
Info in <TCanvas::Print>: pdf file /home/had/suharu/work/e40/ana/pdf/trigger_study/mt_mip_04462.pdf has been closed
1.44user 0.41system 0:02.40elapsed 77%CPU (0avgtext+0avgdata 134792maxresident)k
0inputs+8outputs (0major+38194minor)pagefaults 0swaps
