
Processing ../macro/hodprm/mt_mip_check.C(4464)...
Info in <TCanvas::Print>: pdf file /home/had/suharu/work/e40/ana/pdf/trigger_study/mt_mip_04464.pdf has been created
 FCN=1.60554 FROM MIGRAD    STATUS=CONVERGED     300 CALLS         301 TOTAL
                     EDM=1.94618e-07    STRATEGY= 1      ERROR MATRIX ACCURATE 
  EXT PARAMETER                                   STEP         FIRST   
  NO.   NAME      VALUE            ERROR          SIZE      DERIVATIVE 
   1  Constant     3.95610e+01   6.03880e+00   2.24254e-03  -7.07163e-05
   2  Mean         7.69633e-02   3.64436e-01   1.34574e-04   1.40209e-03
   3  Sigma        5.03722e-01   2.92064e-01   1.48324e-02   3.05274e-05
 FCN=3.9099 FROM MIGRAD    STATUS=CONVERGED      75 CALLS          76 TOTAL
                     EDM=1.74613e-07    STRATEGY= 1      ERROR MATRIX ACCURATE 
  EXT PARAMETER                                   STEP         FIRST   
  NO.   NAME      VALUE            ERROR          SIZE      DERIVATIVE 
   1  Constant     1.26013e+01   2.36764e+00   1.76032e-03  -2.80816e-05
   2  Mean         1.02846e+00   1.61443e-02   1.27658e-05  -3.60252e-02
   3  Sigma        7.17801e-02   1.78705e-02   5.73603e-05  -8.88493e-03
 FCN=1.532 FROM MIGRAD    STATUS=CONVERGED      92 CALLS          93 TOTAL
                     EDM=5.07169e-11    STRATEGY= 1      ERROR MATRIX ACCURATE 
  EXT PARAMETER                                   STEP         FIRST   
  NO.   NAME      VALUE            ERROR          SIZE      DERIVATIVE 
   1  Constant     1.54954e+02   8.70442e+00   4.77579e-03  -5.47057e-07
   2  Mean        -3.17210e-02   6.26996e-03   4.07948e-06  -1.86771e-03
   3  Sigma        7.93956e-02   9.63926e-03   2.65240e-05  -1.40306e-04
 FCN=2.78733 FROM MIGRAD    STATUS=CONVERGED      71 CALLS          72 TOTAL
                     EDM=1.22009e-07    STRATEGY= 1  ERROR MATRIX UNCERTAINTY   4.8 per cent
  EXT PARAMETER                                   STEP         FIRST   
  NO.   NAME      VALUE            ERROR          SIZE      DERIVATIVE 
   1  Constant     5.34925e+01   3.91304e+00  -2.01802e-02  -7.13997e-05
   2  Mean         1.02946e+00   2.16350e-02   1.06943e-05  -4.22294e-02
   3  Sigma        1.09600e-01   2.15758e-02   2.60162e-04  -3.97633e-03
 FCN=0.73546 FROM MIGRAD    STATUS=CONVERGED     100 CALLS         101 TOTAL
                     EDM=4.33744e-07    STRATEGY= 1      ERROR MATRIX ACCURATE 
  EXT PARAMETER                                   STEP         FIRST   
  NO.   NAME      VALUE            ERROR          SIZE      DERIVATIVE 
   1  Constant     2.49174e+02   1.11524e+01   4.65191e-03  -5.65188e-06
   2  Mean        -5.47898e-02   1.52497e-02   9.77723e-06  -6.04831e-02
   3  Sigma        1.61348e-01   5.75173e-02   1.03943e-04   1.45581e-04
 FCN=6.92823 FROM MIGRAD    STATUS=CONVERGED      78 CALLS          79 TOTAL
                     EDM=1.30749e-08    STRATEGY= 1      ERROR MATRIX ACCURATE 
  EXT PARAMETER                                   STEP         FIRST   
  NO.   NAME      VALUE            ERROR          SIZE      DERIVATIVE 
   1  Constant     1.05829e+02   5.68595e+00   6.42347e-03   1.28100e-05
   2  Mean         1.06283e+00   8.72689e-03   6.74456e-06  -2.97400e-02
   3  Sigma        8.24364e-02   7.24803e-03   2.53145e-05   4.66583e-03
 FCN=6.75262 FROM MIGRAD    STATUS=CONVERGED     131 CALLS         132 TOTAL
                     EDM=3.81672e-08    STRATEGY= 1      ERROR MATRIX ACCURATE 
  EXT PARAMETER                                   STEP         FIRST   
  NO.   NAME      VALUE            ERROR          SIZE      DERIVATIVE 
   1  Constant     2.88831e+02   1.05325e+01   1.06821e-02   2.14437e-05
   2  Mean         1.14177e-01   4.44881e-02   1.91074e-05   1.58022e-02
   3  Sigma        1.84468e-01   8.09327e-02   1.47028e-04   2.43128e-03
 FCN=3.71433 FROM MIGRAD    STATUS=CONVERGED      95 CALLS          96 TOTAL
                     EDM=1.98044e-07    STRATEGY= 1      ERROR MATRIX ACCURATE 
  EXT PARAMETER                                   STEP         FIRST   
  NO.   NAME      VALUE            ERROR          SIZE      DERIVATIVE 
   1  Constant     1.03152e+02   5.86882e+00   4.39320e-03  -8.73370e-05
   2  Mean         1.00293e+00   9.72910e-03   9.46821e-06  -4.75342e-02
   3  Sigma        1.18646e-01   1.75433e-02   5.04452e-05  -2.44785e-03
 FCN=2.43474 FROM MIGRAD    STATUS=CONVERGED     122 CALLS         123 TOTAL
                     EDM=7.8834e-09    STRATEGY= 1      ERROR MATRIX ACCURATE 
  EXT PARAMETER                                   STEP         FIRST   
  NO.   NAME      VALUE            ERROR          SIZE      DERIVATIVE 
   1  Constant     2.46703e+02   1.11041e+01   6.53367e-03  -6.53448e-06
   2  Mean         8.19214e-02   1.43387e-02   1.22982e-05   5.14490e-03
   3  Sigma        1.52346e-01   4.94155e-02   1.23791e-04   2.48504e-04
 FCN=3.54479 FROM MIGRAD    STATUS=CONVERGED      76 CALLS          77 TOTAL
                     EDM=2.99422e-08    STRATEGY= 1      ERROR MATRIX ACCURATE 
  EXT PARAMETER                                   STEP         FIRST   
  NO.   NAME      VALUE            ERROR          SIZE      DERIVATIVE 
   1  Constant     6.06503e+01   4.64663e+00   3.56007e-03  -2.89053e-05
   2  Mean         9.26684e-01   6.52728e-03   6.61810e-06   3.26820e-03
   3  Sigma        8.12224e-02   8.23794e-03   3.06634e-05   3.14794e-03
Warning in <Fit>: Fit data is empty 
Warning in <Fit>: Fit data is empty 
Warning in <Fit>: Fit data is empty 
Warning in <Fit>: Fit data is empty 
Warning in <Fit>: Fit data is empty 
Warning in <Fit>: Fit data is empty 
Warning in <Fit>: Fit data is empty 
Warning in <Fit>: Fit data is empty 
Warning in <Fit>: Fit data is empty 
Warning in <Fit>: Fit data is empty 
Warning in <Fit>: Fit data is empty 
Warning in <Fit>: Fit data is empty 
Info in <TCanvas::Print>: Current canvas added to pdf file /home/had/suharu/work/e40/ana/pdf/trigger_study/mt_mip_04464.pdf
Info in <TCanvas::Print>: Current canvas added to pdf file /home/had/suharu/work/e40/ana/pdf/trigger_study/mt_mip_04464.pdf
Warning in <Fit>: Fit data is empty 
Warning in <Fit>: Fit data is empty 
Warning in <Fit>: Fit data is empty 
Warning in <Fit>: Fit data is empty 
Warning in <Fit>: Fit data is empty 
Warning in <Fit>: Fit data is empty 
Warning in <Fit>: Fit data is empty 
Warning in <Fit>: Fit data is empty 
Warning in <Fit>: Fit data is empty 
Warning in <Fit>: Fit data is empty 
Warning in <Fit>: Fit data is empty 
Warning in <Fit>: Fit data is empty 
Warning in <Fit>: Fit data is empty 
Warning in <Fit>: Fit data is empty 
Warning in <Fit>: Fit data is empty 
Warning in <Fit>: Fit data is empty 
Info in <TCanvas::Print>: Current canvas added to pdf file /home/had/suharu/work/e40/ana/pdf/trigger_study/mt_mip_04464.pdf
Info in <TCanvas::Print>: Current canvas added to pdf file /home/had/suharu/work/e40/ana/pdf/trigger_study/mt_mip_04464.pdf
Info in <TCanvas::Print>: pdf file /home/had/suharu/work/e40/ana/pdf/trigger_study/mt_mip_04464.pdf has been closed
1.37user 0.31system 0:02.06elapsed 81%CPU (0avgtext+0avgdata 132664maxresident)k
0inputs+0outputs (0major+38200minor)pagefaults 0swaps
