
Processing ../macro/hodprm/mt_mip_check.C(4465)...
Info in <TCanvas::Print>: pdf file /home/had/suharu/work/e40/ana/pdf/trigger_study/mt_mip_04465.pdf has been created
 FCN=9.57873 FROM MIGRAD    STATUS=CONVERGED     333 CALLS         334 TOTAL
                     EDM=3.44508e-07    STRATEGY= 1      ERROR MATRIX ACCURATE 
  EXT PARAMETER                                   STEP         FIRST   
  NO.   NAME      VALUE            ERROR          SIZE      DERIVATIVE 
   1  Constant     5.47846e+01   5.38912e+01   7.10483e-03  -1.39692e-04
   2  Mean        -6.11127e-01   4.59719e-01   6.04149e-05  -1.74360e-02
   3  Sigma        5.08806e-01   3.48384e-01   8.01836e-03** at limit **
 FCN=4.91303 FROM MIGRAD    STATUS=CONVERGED      71 CALLS          72 TOTAL
                     EDM=2.90318e-10    STRATEGY= 1  ERROR MATRIX UNCERTAINTY   3.4 per cent
  EXT PARAMETER                                   STEP         FIRST   
  NO.   NAME      VALUE            ERROR          SIZE      DERIVATIVE 
   1  Constant     5.03589e+01   4.27011e+00   5.07505e-03   6.99285e-06
   2  Mean         1.07213e+00   8.21596e-03   1.58780e-06  -2.28855e-03
   3  Sigma        8.71490e-02   1.13055e-02  -5.96340e-05   5.20847e-04
 FCN=2.1331 FROM MIGRAD    STATUS=CONVERGED     165 CALLS         166 TOTAL
                     EDM=5.44724e-07    STRATEGY= 1      ERROR MATRIX ACCURATE 
  EXT PARAMETER                                   STEP         FIRST   
  NO.   NAME      VALUE            ERROR          SIZE      DERIVATIVE 
   1  Constant     1.63911e+02   8.84796e+00   5.00542e-03   1.52795e-04
   2  Mean        -7.50164e-02   4.91104e-02   3.49177e-05   1.81992e-03
   3  Sigma        2.43201e-01   2.06851e-01   4.84457e-04   5.06599e-04
 FCN=24.1241 FROM MIGRAD    STATUS=CONVERGED      70 CALLS          71 TOTAL
                     EDM=5.76861e-08    STRATEGY= 1      ERROR MATRIX ACCURATE 
  EXT PARAMETER                                   STEP         FIRST   
  NO.   NAME      VALUE            ERROR          SIZE      DERIVATIVE 
   1  Constant     2.80583e+02   1.06767e+01   1.93798e-02   2.17795e-05
   2  Mean         9.99235e-01   2.52327e-03   5.32923e-06  -9.31544e-02
   3  Sigma        6.43701e-02   2.48572e-03   2.32940e-05   3.48703e-02
 FCN=13.0109 FROM MIGRAD    STATUS=CONVERGED     118 CALLS         119 TOTAL
                     EDM=2.17387e-08    STRATEGY= 1      ERROR MATRIX ACCURATE 
  EXT PARAMETER                                   STEP         FIRST   
  NO.   NAME      VALUE            ERROR          SIZE      DERIVATIVE 
   1  Constant     5.51050e+02   1.76686e+01   2.07268e-02  -5.41003e-06
   2  Mean         2.73228e-02   2.35310e-02   9.75927e-06  -1.92911e-02
   3  Sigma        1.37483e-01   2.63294e-02   5.55670e-05  -1.82659e-03
 FCN=16.469 FROM MIGRAD    STATUS=CONVERGED      77 CALLS          78 TOTAL
                     EDM=1.69364e-08    STRATEGY= 1      ERROR MATRIX ACCURATE 
  EXT PARAMETER                                   STEP         FIRST   
  NO.   NAME      VALUE            ERROR          SIZE      DERIVATIVE 
   1  Constant     9.16391e+02   1.81106e+01   2.81977e-02   9.15542e-06
   2  Mean         1.00567e+00   1.64892e-03   2.87904e-06  -1.95621e-02
   3  Sigma        7.27130e-02   1.67798e-03   1.23125e-05   2.85635e-02
 FCN=0.122608 FROM MIGRAD    STATUS=CONVERGED     118 CALLS         119 TOTAL
                     EDM=2.25109e-07    STRATEGY= 1      ERROR MATRIX ACCURATE 
  EXT PARAMETER                                   STEP         FIRST   
  NO.   NAME      VALUE            ERROR          SIZE      DERIVATIVE 
   1  Constant     8.99135e+02   2.05493e+01   7.12902e-03   2.62820e-05
   2  Mean        -7.53157e-02   8.97795e-03   3.81927e-06  -3.37014e-02
   3  Sigma        1.57052e-01   2.79479e-02   3.67730e-05   7.85519e-05
 FCN=20.8711 FROM MIGRAD    STATUS=CONVERGED      69 CALLS          70 TOTAL
                     EDM=5.46649e-09    STRATEGY= 1  ERROR MATRIX UNCERTAINTY   4.1 per cent
  EXT PARAMETER                                   STEP         FIRST   
  NO.   NAME      VALUE            ERROR          SIZE      DERIVATIVE 
   1  Constant     1.01276e+03   1.93053e+01   8.72045e-02   7.45434e-06
   2  Mean         1.00685e+00   1.80941e-03  -4.20206e-07  -3.45986e-02
   3  Sigma        8.89991e-02   2.66719e-03  -5.30118e-05   1.24385e-02
 FCN=1.52872 FROM MIGRAD    STATUS=CONVERGED     117 CALLS         118 TOTAL
                     EDM=3.51709e-07    STRATEGY= 1  ERROR MATRIX UNCERTAINTY   2.3 per cent
  EXT PARAMETER                                   STEP         FIRST   
  NO.   NAME      VALUE            ERROR          SIZE      DERIVATIVE 
   1  Constant     6.56554e+02   1.77349e+01  -5.50010e-02  -6.79726e-06
   2  Mean        -1.03537e-02   1.51715e-02   5.23403e-05   6.57161e-02
   3  Sigma        2.01700e-01   6.74300e-02  -2.21687e-03   6.57878e-04
 FCN=4.1987 FROM MIGRAD    STATUS=CONVERGED      89 CALLS          90 TOTAL
                     EDM=3.44721e-10    STRATEGY= 1  ERROR MATRIX UNCERTAINTY   1.2 per cent
  EXT PARAMETER                                   STEP         FIRST   
  NO.   NAME      VALUE            ERROR          SIZE      DERIVATIVE 
   1  Constant     5.30001e+02   1.36825e+01  -1.37384e-02   3.29901e-06
   2  Mean         9.89039e-01   4.68285e-03   8.94355e-07  -1.92468e-03
   3  Sigma        1.28776e-01   1.01606e-02   1.86733e-05   4.07586e-04
 FCN=5.8756 FROM MIGRAD    STATUS=CONVERGED     135 CALLS         136 TOTAL
                     EDM=1.06874e-06    STRATEGY= 1      ERROR MATRIX ACCURATE 
  EXT PARAMETER                                   STEP         FIRST   
  NO.   NAME      VALUE            ERROR          SIZE      DERIVATIVE 
   1  Constant     6.77903e+02   1.82936e+01   1.51871e-02  -4.60664e-05
   2  Mean        -8.16515e-02   1.28377e-02   1.53922e-05   1.17041e-01
   3  Sigma        1.85450e-01   5.31352e-02   1.77916e-04  -4.09904e-03
 FCN=10.9448 FROM MIGRAD    STATUS=CONVERGED      84 CALLS          85 TOTAL
                     EDM=2.17687e-08    STRATEGY= 1      ERROR MATRIX ACCURATE 
  EXT PARAMETER                                   STEP         FIRST   
  NO.   NAME      VALUE            ERROR          SIZE      DERIVATIVE 
   1  Constant     6.29917e+02   1.51397e+01   1.80685e-02   1.55042e-05
   2  Mean         9.88404e-01   2.41210e-03   3.97137e-06  -3.12991e-03
   3  Sigma        9.12407e-02   3.60222e-03   1.96068e-05   1.75932e-02
 FCN=0.0684443 FROM MIGRAD    STATUS=CONVERGED     108 CALLS         109 TOTAL
                     EDM=1.04776e-06    STRATEGY= 1      ERROR MATRIX ACCURATE 
  EXT PARAMETER                                   STEP         FIRST   
  NO.   NAME      VALUE            ERROR          SIZE      DERIVATIVE 
   1  Constant     6.34364e+02   1.76153e+01   5.85030e-03  -4.63353e-05
   2  Mean        -1.20065e-02   8.49927e-03   4.11254e-06  -1.21503e-01
   3  Sigma        1.49359e-01   2.86070e-02   4.05512e-05   3.76041e-03
 FCN=1.31505 FROM MIGRAD    STATUS=CONVERGED      85 CALLS          86 TOTAL
                     EDM=5.18822e-10    STRATEGY= 1      ERROR MATRIX ACCURATE 
  EXT PARAMETER                                   STEP         FIRST   
  NO.   NAME      VALUE            ERROR          SIZE      DERIVATIVE 
   1  Constant     5.42937e+02   1.39239e+01   7.46897e-03  -1.92359e-07
   2  Mean         1.00075e+00   2.69780e-03   1.79509e-06   1.18713e-02
   3  Sigma        8.86369e-02   3.62540e-03   8.47221e-06  -5.19660e-05
 FCN=0.768024 FROM MIGRAD    STATUS=CONVERGED     175 CALLS         176 TOTAL
                     EDM=4.53707e-09    STRATEGY= 1      ERROR MATRIX ACCURATE 
  EXT PARAMETER                                   STEP         FIRST   
  NO.   NAME      VALUE            ERROR          SIZE      DERIVATIVE 
   1  Constant     6.47364e+02   1.59567e+01   7.47750e-03  -6.60751e-06
   2  Mean        -1.23045e-02   4.31917e-02   1.40239e-05  -1.22747e-03
   3  Sigma        2.65165e-01   1.46290e-01   1.72960e-04  -2.51907e-04
 FCN=2.662 FROM MIGRAD    STATUS=CONVERGED      90 CALLS          91 TOTAL
                     EDM=2.90214e-08    STRATEGY= 1  ERROR MATRIX UNCERTAINTY   3.3 per cent
  EXT PARAMETER                                   STEP         FIRST   
  NO.   NAME      VALUE            ERROR          SIZE      DERIVATIVE 
   1  Constant     7.98237e+02   1.57720e+01   2.05543e-01   1.78774e-05
   2  Mean         9.88020e-01   5.80652e-03   1.05257e-04  -3.29704e-02
   3  Sigma        1.38597e-01   1.01577e-02  -6.42335e-04  -1.95485e-03
 FCN=100.278 FROM MIGRAD    STATUS=CONVERGED     437 CALLS         438 TOTAL
                     EDM=8.2599e-07    STRATEGY= 1  ERROR MATRIX UNCERTAINTY   3.0 per cent
  EXT PARAMETER                                   STEP         FIRST   
  NO.   NAME      VALUE            ERROR          SIZE      DERIVATIVE 
   1  Constant     1.04648e+03   2.94460e+02  -2.45293e-01  -3.71781e-05
   2  Mean         6.72025e-01   1.05587e-01  -7.49934e-05   1.03970e-01
   3  Sigma        5.05774e-01   4.36031e-01   4.44976e-03  -1.10384e-03
 FCN=3.33511 FROM MIGRAD    STATUS=CONVERGED      82 CALLS          83 TOTAL
                     EDM=3.03316e-08    STRATEGY= 1      ERROR MATRIX ACCURATE 
  EXT PARAMETER                                   STEP         FIRST   
  NO.   NAME      VALUE            ERROR          SIZE      DERIVATIVE 
   1  Constant     8.74203e+02   1.77497e+01   1.34803e-02   8.40325e-06
   2  Mean         1.00617e+00   1.82128e-03   1.59409e-06  -5.24819e-02
   3  Sigma        7.73686e-02   2.03467e-03   7.06501e-06   3.39291e-02
 FCN=18.0727 FROM MIGRAD    STATUS=CONVERGED     101 CALLS         102 TOTAL
                     EDM=2.09936e-08    STRATEGY= 1  ERROR MATRIX UNCERTAINTY   2.4 per cent
  EXT PARAMETER                                   STEP         FIRST   
  NO.   NAME      VALUE            ERROR          SIZE      DERIVATIVE 
   1  Constant     2.39251e+02   9.94579e+00  -1.07944e-02   1.18928e-05
   2  Mean         3.97050e-02   2.22398e-02  -8.05899e-05  -1.97795e-02
   3  Sigma        1.20644e-01   2.82897e-02   6.99579e-04  -2.41035e-03
 FCN=12.7948 FROM MIGRAD    STATUS=CONVERGED      67 CALLS          68 TOTAL
                     EDM=1.45699e-06    STRATEGY= 1      ERROR MATRIX ACCURATE 
  EXT PARAMETER                                   STEP         FIRST   
  NO.   NAME      VALUE            ERROR          SIZE      DERIVATIVE 
   1  Constant     4.37801e+02   1.30782e+01   1.71266e-02  -9.92873e-05
   2  Mean         9.55103e-01   2.11721e-03   3.71211e-06   1.59056e-01
   3  Sigma        7.33356e-02   2.56329e-03   1.72547e-05  -1.76573e-01
 FCN=2.66239 FROM MIGRAD    STATUS=CONVERGED     271 CALLS         272 TOTAL
                     EDM=1.48453e-06    STRATEGY= 1      ERROR MATRIX ACCURATE 
  EXT PARAMETER                                   STEP         FIRST   
  NO.   NAME      VALUE            ERROR          SIZE      DERIVATIVE 
   1  Constant     7.10842e+01   8.21494e+00   3.56562e-03  -2.25266e-04
   2  Mean         4.27338e-02   2.73362e-01   1.17563e-04   6.17128e-03
   3  Sigma        5.04626e-01   4.94767e-01   8.05187e-03   1.69421e-04
 FCN=4.90489 FROM MIGRAD    STATUS=CONVERGED      71 CALLS          72 TOTAL
                     EDM=3.04648e-08    STRATEGY= 1      ERROR MATRIX ACCURATE 
  EXT PARAMETER                                   STEP         FIRST   
  NO.   NAME      VALUE            ERROR          SIZE      DERIVATIVE 
   1  Constant     1.67563e+02   8.46863e+00   8.38580e-03  -3.35216e-05
   2  Mean         8.02242e-01   3.27839e-03   2.89229e-06   4.75556e-02
   3  Sigma        4.92033e-02   2.30688e-03   1.32484e-05  -1.39401e-02
Info in <TCanvas::Print>: Current canvas added to pdf file /home/had/suharu/work/e40/ana/pdf/trigger_study/mt_mip_04465.pdf
Info in <TCanvas::Print>: Current canvas added to pdf file /home/had/suharu/work/e40/ana/pdf/trigger_study/mt_mip_04465.pdf
Warning in <Fit>: Fit data is empty 
Warning in <Fit>: Fit data is empty 
Warning in <Fit>: Fit data is empty 
Warning in <Fit>: Fit data is empty 
Warning in <Fit>: Fit data is empty 
Warning in <Fit>: Fit data is empty 
Warning in <Fit>: Fit data is empty 
Warning in <Fit>: Fit data is empty 
Warning in <Fit>: Fit data is empty 
Warning in <Fit>: Fit data is empty 
Warning in <Fit>: Fit data is empty 
Warning in <Fit>: Fit data is empty 
Warning in <Fit>: Fit data is empty 
Warning in <Fit>: Fit data is empty 
Warning in <Fit>: Fit data is empty 
Warning in <Fit>: Fit data is empty 
Info in <TCanvas::Print>: Current canvas added to pdf file /home/had/suharu/work/e40/ana/pdf/trigger_study/mt_mip_04465.pdf
Info in <TCanvas::Print>: Current canvas added to pdf file /home/had/suharu/work/e40/ana/pdf/trigger_study/mt_mip_04465.pdf
Info in <TCanvas::Print>: pdf file /home/had/suharu/work/e40/ana/pdf/trigger_study/mt_mip_04465.pdf has been closed
1.79user 0.48system 0:02.78elapsed 82%CPU (0avgtext+0avgdata 298180maxresident)k
0inputs+0outputs (0major+52543minor)pagefaults 0swaps
