
Processing ../macro/hodprm/mt_t0_check.C(4465)...
Warning in <TFile::Init>: file /home/had/suharu/work/e40/ana/rootfile/run04465_hodo.root probably not closed, trying to recover
Info in <TFile::Recover>: /home/had/suharu/work/e40/ana/rootfile/run04465_hodo.root, recovered key TTree:tree at address 35726693
Warning in <TFile::Init>: successfully recovered 1 keys
Info in <TCanvas::Print>: pdf file /home/had/suharu/work/e40/ana/pdf/trigger_study/mt_t0_04465.pdf has been created
 FCN=48.6978 FROM MIGRAD    STATUS=CONVERGED      67 CALLS          68 TOTAL
                     EDM=2.51843e-07    STRATEGY= 1      ERROR MATRIX ACCURATE 
  EXT PARAMETER                                   STEP         FIRST   
  NO.   NAME      VALUE            ERROR          SIZE      DERIVATIVE 
   1  Constant     2.40327e+01   1.28234e+00   3.47007e-03   3.57780e-04
   2  Mean         1.04362e-01   1.52739e-02   5.17823e-05   1.70238e-02
   3  Sigma        3.41666e-01   1.23904e-02   3.29186e-05   6.46937e-02
 FCN=149.356 FROM MIGRAD    STATUS=CONVERGED      58 CALLS          59 TOTAL
                     EDM=1.14142e-06    STRATEGY= 1      ERROR MATRIX ACCURATE 
  EXT PARAMETER                                   STEP         FIRST   
  NO.   NAME      VALUE            ERROR          SIZE      DERIVATIVE 
   1  Constant     1.19407e+02   2.87901e+00   1.38618e-02  -3.51844e-04
   2  Mean         3.07236e-02   6.40482e-03   3.75090e-05  -1.97229e-01
   3  Sigma        3.18485e-01   4.71628e-03   2.31953e-05  -1.64639e-02
 FCN=200.18 FROM MIGRAD    STATUS=CONVERGED      58 CALLS          59 TOTAL
                     EDM=1.7232e-09    STRATEGY= 1      ERROR MATRIX ACCURATE 
  EXT PARAMETER                                   STEP         FIRST   
  NO.   NAME      VALUE            ERROR          SIZE      DERIVATIVE 
   1  Constant     3.97067e+02   5.42909e+00   2.91617e-02  -3.82591e-06
   2  Mean        -2.23327e-03   3.43369e-03   2.36625e-05   1.33665e-02
   3  Sigma        3.19570e-01   2.80332e-03   1.55301e-05   8.49838e-03
 FCN=546.387 FROM MIGRAD    STATUS=CONVERGED      58 CALLS          59 TOTAL
                     EDM=9.92455e-07    STRATEGY= 1      ERROR MATRIX ACCURATE 
  EXT PARAMETER                                   STEP         FIRST   
  NO.   NAME      VALUE            ERROR          SIZE      DERIVATIVE 
   1  Constant     6.07751e+02   6.77433e+00   5.89891e-02  -1.00735e-04
   2  Mean        -7.50925e-02   2.82863e-03   3.19786e-05   2.82460e-01
   3  Sigma        3.25622e-01   2.40290e-03   2.11895e-05   2.94435e-01
 FCN=184.555 FROM MIGRAD    STATUS=CONVERGED      57 CALLS          58 TOTAL
                     EDM=9.78049e-09    STRATEGY= 1      ERROR MATRIX ACCURATE 
  EXT PARAMETER                                   STEP         FIRST   
  NO.   NAME      VALUE            ERROR          SIZE      DERIVATIVE 
   1  Constant     4.73680e+02   5.69318e+00   2.98166e-02   1.86482e-05
   2  Mean         8.90527e-03   3.27737e-03   2.15281e-05   3.39553e-02
   3  Sigma        3.36941e-01   2.57539e-03   1.32648e-05   4.21228e-02
 FCN=162.344 FROM MIGRAD    STATUS=CONVERGED      60 CALLS          61 TOTAL
                     EDM=6.92361e-08    STRATEGY= 1      ERROR MATRIX ACCURATE 
  EXT PARAMETER                                   STEP         FIRST   
  NO.   NAME      VALUE            ERROR          SIZE      DERIVATIVE 
   1  Constant     4.95857e+02   6.07208e+00   2.90501e-02  -2.93922e-05
   2  Mean        -5.78436e-02   3.13238e-03   1.93923e-05  -2.84734e-02
   3  Sigma        3.26899e-01   2.63284e-03   1.27160e-05   7.80681e-02
 FCN=218.813 FROM MIGRAD    STATUS=CONVERGED      57 CALLS          58 TOTAL
                     EDM=7.62987e-08    STRATEGY= 1      ERROR MATRIX ACCURATE 
  EXT PARAMETER                                   STEP         FIRST   
  NO.   NAME      VALUE            ERROR          SIZE      DERIVATIVE 
   1  Constant     4.42548e+02   5.59470e+00   3.14901e-02  -8.37731e-05
   2  Mean        -9.96285e-03   3.35373e-03   2.40529e-05  -3.49429e-02
   3  Sigma        3.34028e-01   2.71874e-03   1.51626e-05  -1.44004e-01
 FCN=476.12 FROM MIGRAD    STATUS=CONVERGED      57 CALLS          58 TOTAL
                     EDM=1.24929e-09    STRATEGY= 1      ERROR MATRIX ACCURATE 
  EXT PARAMETER                                   STEP         FIRST   
  NO.   NAME      VALUE            ERROR          SIZE      DERIVATIVE 
   1  Constant     4.76486e+02   5.62930e+00   4.77208e-02  -1.10555e-05
   2  Mean        -1.01964e-01   3.32680e-03   3.47829e-05   6.32102e-04
   3  Sigma        3.40682e-01   2.54472e-03   2.08197e-05  -1.76911e-02
 FCN=358.622 FROM MIGRAD    STATUS=CONVERGED      56 CALLS          57 TOTAL
                     EDM=1.98047e-08    STRATEGY= 1      ERROR MATRIX ACCURATE 
  EXT PARAMETER                                   STEP         FIRST   
  NO.   NAME      VALUE            ERROR          SIZE      DERIVATIVE 
   1  Constant     3.58725e+02   5.09821e+00   3.67451e-02  -2.11908e-05
   2  Mean         1.17108e-02   3.66828e-03   3.36957e-05   2.19850e-02
   3  Sigma        3.25299e-01   2.96994e-03   2.16565e-05   3.43423e-02
 FCN=145.326 FROM MIGRAD    STATUS=CONVERGED      58 CALLS          59 TOTAL
                     EDM=8.15793e-07    STRATEGY= 1      ERROR MATRIX ACCURATE 
  EXT PARAMETER                                   STEP         FIRST   
  NO.   NAME      VALUE            ERROR          SIZE      DERIVATIVE 
   1  Constant     1.68387e+02   3.43830e+00   1.59493e-02  -1.48088e-04
   2  Mean        -8.18894e-03   5.35330e-03   3.15864e-05   2.15732e-01
   3  Sigma        3.29739e-01   4.26650e-03   1.97928e-05  -1.52759e-01
 FCN=84.0458 FROM MIGRAD    STATUS=CONVERGED      62 CALLS          63 TOTAL
                     EDM=8.8988e-13    STRATEGY= 1      ERROR MATRIX ACCURATE 
  EXT PARAMETER                                   STEP         FIRST   
  NO.   NAME      VALUE            ERROR          SIZE      DERIVATIVE 
   1  Constant     4.96133e+01   1.90459e+00   6.63729e-03   3.99297e-07
   2  Mean        -1.20771e-01   9.85935e-03   4.41822e-05  -5.12175e-05
   3  Sigma        3.26178e-01   8.12944e-03   2.81935e-05  -8.05593e-05
Info in <TCanvas::Print>: Current canvas added to pdf file /home/had/suharu/work/e40/ana/pdf/trigger_study/mt_t0_04465.pdf
Warning in <Fit>: Fit data is empty 
Warning in <Fit>: Fit data is empty 
Warning in <Fit>: Fit data is empty 
Warning in <Fit>: Fit data is empty 
Warning in <Fit>: Fit data is empty 
Warning in <Fit>: Fit data is empty 
Warning in <Fit>: Fit data is empty 
Warning in <Fit>: Fit data is empty 
Info in <TCanvas::Print>: Current canvas added to pdf file /home/had/suharu/work/e40/ana/pdf/trigger_study/mt_t0_04465.pdf
Info in <TCanvas::Print>: Current canvas added to pdf file /home/had/suharu/work/e40/ana/pdf/trigger_study/mt_t0_04465.pdf
Info in <TCanvas::Print>: pdf file /home/had/suharu/work/e40/ana/pdf/trigger_study/mt_t0_04465.pdf has been closed
1.46user 0.42system 0:02.00elapsed 94%CPU (0avgtext+0avgdata 138444maxresident)k
0inputs+0outputs (0major+38159minor)pagefaults 0swaps
